<?xml version="1.0" encoding="UTF-8"?>
<!-- Generated by org.testng.reporters.JUnitReportReporter -->
<testsuite skipped="0" hostname="Aspire1698" name="com.sheplers.testscripts.cartcheckoutsection.OrderPlacement" tests="85" failures="11" timestamp="28 Jul 2017 23:49:50 GMT" time="16063.727" errors="2">
  <testcase name="TC_SHEPLERS_OP_047" time="182.671" classname="com.sheplers.testscripts.cartcheckoutsection.OrderPlacement"/>
  <testcase name="TC_SHEPLERS_OP_067" time="75.205" classname="com.sheplers.testscripts.cartcheckoutsection.OrderPlacement"/>
  <testcase name="TC_SHEPLERS_OP_021" time="501.457" classname="com.sheplers.testscripts.cartcheckoutsection.OrderPlacement"/>
  <testcase name="TC_SHEPLERS_OP_057" time="178.809" classname="com.sheplers.testscripts.cartcheckoutsection.OrderPlacement"/>
  <testcase name="TC_SHEPLERS_OP_052" time="176.497" classname="com.sheplers.testscripts.cartcheckoutsection.OrderPlacement"/>
  <testcase name="TC_SHEPLERS_OP_055" time="155.472" classname="com.sheplers.testscripts.cartcheckoutsection.OrderPlacement"/>
  <testcase name="TC_SHEPLERS_OP_080" time="104.332" classname="com.sheplers.testscripts.cartcheckoutsection.OrderPlacement"/>
  <testcase name="TC_SHEPLERS_OP_031" time="178.037" classname="com.sheplers.testscripts.cartcheckoutsection.OrderPlacement"/>
  <testcase name="TC_SHEPLERS_OP_066" time="210.225" classname="com.sheplers.testscripts.cartcheckoutsection.OrderPlacement"/>
  <testcase name="TC_SHEPLERS_OP_004" time="220.252" classname="com.sheplers.testscripts.cartcheckoutsection.OrderPlacement"/>
  <testcase name="TC_SHEPLERS_OP_065" time="63.523" classname="com.sheplers.testscripts.cartcheckoutsection.OrderPlacement">
    <failure type="java.lang.AssertionError" message="PDP Page did not open up. Site might be down.">
      <![CDATA[java.lang.AssertionError: PDP Page did not open up. Site might be down.
	at org.testng.Assert.fail(Assert.java:93)
	at com.sheplers.support.Log.fail(Log.java:514)
	at com.sheplers.pages.PdpPage.isLoaded(PdpPage.java:469)
	at org.openqa.selenium.support.ui.LoadableComponent.get(LoadableComponent.java:52)
	at com.sheplers.pages.HomePage.KeywordSearchResult(HomePage.java:274)
	at com.sheplers.testscripts.cartcheckoutsection.OrderPlacement.TC_SHEPLERS_OP_065(OrderPlacement.java:23557)
	at sun.reflect.NativeMethodAccessorImpl.invoke0(Native Method)
	at sun.reflect.NativeMethodAccessorImpl.invoke(Unknown Source)
	at sun.reflect.DelegatingMethodAccessorImpl.invoke(Unknown Source)
	at java.lang.reflect.Method.invoke(Unknown Source)
	at org.testng.internal.MethodInvocationHelper.invokeMethod(MethodInvocationHelper.java:108)
	at org.testng.internal.Invoker.invokeMethod(Invoker.java:661)
	at org.testng.internal.Invoker.invokeTestMethod(Invoker.java:869)
	at org.testng.internal.TestMethodWithDataProviderMethodWorker.call(TestMethodWithDataProviderMethodWorker.java:75)
	at org.testng.internal.TestMethodWithDataProviderMethodWorker.call(TestMethodWithDataProviderMethodWorker.java:14)
	at java.util.concurrent.FutureTask.run(Unknown Source)
	at java.util.concurrent.Executors$RunnableAdapter.call(Unknown Source)
	at java.util.concurrent.FutureTask.run(Unknown Source)
	at java.util.concurrent.ThreadPoolExecutor.runWorker(Unknown Source)
	at java.util.concurrent.ThreadPoolExecutor$Worker.run(Unknown Source)
	at java.lang.Thread.run(Unknown Source)
]]>
    </failure>
  </testcase> <!-- TC_SHEPLERS_OP_065 -->
  <testcase name="TC_SHEPLERS_OP_061" time="69.922" classname="com.sheplers.testscripts.cartcheckoutsection.OrderPlacement">
    <failure type="java.lang.AssertionError" message="PDP Page did not open up. Site might be down.">
      <![CDATA[java.lang.AssertionError: PDP Page did not open up. Site might be down.
	at org.testng.Assert.fail(Assert.java:93)
	at com.sheplers.support.Log.fail(Log.java:514)
	at com.sheplers.pages.PdpPage.isLoaded(PdpPage.java:469)
	at org.openqa.selenium.support.ui.LoadableComponent.get(LoadableComponent.java:52)
	at com.sheplers.pages.HomePage.KeywordSearchResult(HomePage.java:274)
	at com.sheplers.testscripts.cartcheckoutsection.OrderPlacement.TC_SHEPLERS_OP_061(OrderPlacement.java:22147)
	at sun.reflect.NativeMethodAccessorImpl.invoke0(Native Method)
	at sun.reflect.NativeMethodAccessorImpl.invoke(Unknown Source)
	at sun.reflect.DelegatingMethodAccessorImpl.invoke(Unknown Source)
	at java.lang.reflect.Method.invoke(Unknown Source)
	at org.testng.internal.MethodInvocationHelper.invokeMethod(MethodInvocationHelper.java:108)
	at org.testng.internal.Invoker.invokeMethod(Invoker.java:661)
	at org.testng.internal.Invoker.invokeTestMethod(Invoker.java:869)
	at org.testng.internal.TestMethodWithDataProviderMethodWorker.call(TestMethodWithDataProviderMethodWorker.java:75)
	at org.testng.internal.TestMethodWithDataProviderMethodWorker.call(TestMethodWithDataProviderMethodWorker.java:14)
	at java.util.concurrent.FutureTask.run(Unknown Source)
	at java.util.concurrent.Executors$RunnableAdapter.call(Unknown Source)
	at java.util.concurrent.FutureTask.run(Unknown Source)
	at java.util.concurrent.ThreadPoolExecutor.runWorker(Unknown Source)
	at java.util.concurrent.ThreadPoolExecutor$Worker.run(Unknown Source)
	at java.lang.Thread.run(Unknown Source)
]]>
    </failure>
  </testcase> <!-- TC_SHEPLERS_OP_061 -->
  <testcase name="TC_SHEPLERS_OP_071" time="202.231" classname="com.sheplers.testscripts.cartcheckoutsection.OrderPlacement"/>
  <testcase name="TC_SHEPLERS_OP_023" time="424.823" classname="com.sheplers.testscripts.cartcheckoutsection.OrderPlacement"/>
  <testcase name="TC_SHEPLERS_OP_022" time="429.341" classname="com.sheplers.testscripts.cartcheckoutsection.OrderPlacement"/>
  <testcase name="TC_SHEPLERS_OP_033" time="180.329" classname="com.sheplers.testscripts.cartcheckoutsection.OrderPlacement"/>
  <testcase name="TC_SHEPLERS_OP_040" time="96.806" classname="com.sheplers.testscripts.cartcheckoutsection.OrderPlacement">
    <failure type="java.lang.AssertionError" message="19. Shipping price for the &#039;ENGLAND&#039; address is not displayed properly, Plz check the log event">
      <![CDATA[java.lang.AssertionError: 19. Shipping price for the 'ENGLAND' address is not displayed properly, Plz check the log event
	at org.testng.Assert.fail(Assert.java:93)
	at com.sheplers.support.Log.fail(Log.java:514)
	at com.sheplers.support.Log.assertThat(Log.java:692)
	at com.sheplers.testscripts.cartcheckoutsection.OrderPlacement.TC_SHEPLERS_OP_040(OrderPlacement.java:14703)
	at sun.reflect.NativeMethodAccessorImpl.invoke0(Native Method)
	at sun.reflect.NativeMethodAccessorImpl.invoke(Unknown Source)
	at sun.reflect.DelegatingMethodAccessorImpl.invoke(Unknown Source)
	at java.lang.reflect.Method.invoke(Unknown Source)
	at org.testng.internal.MethodInvocationHelper.invokeMethod(MethodInvocationHelper.java:108)
	at org.testng.internal.Invoker.invokeMethod(Invoker.java:661)
	at org.testng.internal.Invoker.invokeTestMethod(Invoker.java:869)
	at org.testng.internal.TestMethodWithDataProviderMethodWorker.call(TestMethodWithDataProviderMethodWorker.java:75)
	at org.testng.internal.TestMethodWithDataProviderMethodWorker.call(TestMethodWithDataProviderMethodWorker.java:14)
	at java.util.concurrent.FutureTask.run(Unknown Source)
	at java.util.concurrent.Executors$RunnableAdapter.call(Unknown Source)
	at java.util.concurrent.FutureTask.run(Unknown Source)
	at java.util.concurrent.ThreadPoolExecutor.runWorker(Unknown Source)
	at java.util.concurrent.ThreadPoolExecutor$Worker.run(Unknown Source)
	at java.lang.Thread.run(Unknown Source)
]]>
    </failure>
  </testcase> <!-- TC_SHEPLERS_OP_040 -->
  <testcase name="TC_SHEPLERS_OP_045" time="181.941" classname="com.sheplers.testscripts.cartcheckoutsection.OrderPlacement"/>
  <testcase name="TC_SHEPLERS_OP_010" time="203.427" classname="com.sheplers.testscripts.cartcheckoutsection.OrderPlacement"/>
  <testcase name="TC_SHEPLERS_OP_060" time="137.832" classname="com.sheplers.testscripts.cartcheckoutsection.OrderPlacement"/>
  <testcase name="TC_SHEPLERS_OP_053" time="153.667" classname="com.sheplers.testscripts.cartcheckoutsection.OrderPlacement"/>
  <testcase name="TC_SHEPLERS_OP_027" time="226.892" classname="com.sheplers.testscripts.cartcheckoutsection.OrderPlacement"/>
  <testcase name="TC_SHEPLERS_OP_085" time="82.769" classname="com.sheplers.testscripts.cartcheckoutsection.OrderPlacement"/>
  <testcase name="TC_SHEPLERS_OP_015" time="187.637" classname="com.sheplers.testscripts.cartcheckoutsection.OrderPlacement"/>
  <testcase name="TC_SHEPLERS_OP_082" time="87.680" classname="com.sheplers.testscripts.cartcheckoutsection.OrderPlacement"/>
  <testcase name="TC_SHEPLERS_OP_026" time="626.032" classname="com.sheplers.testscripts.cartcheckoutsection.OrderPlacement"/>
  <testcase name="TC_SHEPLERS_OP_075" time="76.236" classname="com.sheplers.testscripts.cartcheckoutsection.OrderPlacement">
    <failure type="java.lang.AssertionError" message="Cart page did not open up.">
      <![CDATA[java.lang.AssertionError: Cart page did not open up.
	at org.testng.Assert.fail(Assert.java:93)
	at com.sheplers.support.Log.fail(Log.java:514)
	at com.sheplers.pages.CartPage.isLoaded(CartPage.java:697)
	at org.openqa.selenium.support.ui.LoadableComponent.get(LoadableComponent.java:52)
	at com.sheplers.pages.PdpPage.addProductToCart(PdpPage.java:776)
	at com.sheplers.testscripts.cartcheckoutsection.OrderPlacement.TC_SHEPLERS_OP_075(OrderPlacement.java:25633)
	at sun.reflect.NativeMethodAccessorImpl.invoke0(Native Method)
	at sun.reflect.NativeMethodAccessorImpl.invoke(Unknown Source)
	at sun.reflect.DelegatingMethodAccessorImpl.invoke(Unknown Source)
	at java.lang.reflect.Method.invoke(Unknown Source)
	at org.testng.internal.MethodInvocationHelper.invokeMethod(MethodInvocationHelper.java:108)
	at org.testng.internal.Invoker.invokeMethod(Invoker.java:661)
	at org.testng.internal.Invoker.invokeTestMethod(Invoker.java:869)
	at org.testng.internal.TestMethodWithDataProviderMethodWorker.call(TestMethodWithDataProviderMethodWorker.java:75)
	at org.testng.internal.TestMethodWithDataProviderMethodWorker.call(TestMethodWithDataProviderMethodWorker.java:14)
	at java.util.concurrent.FutureTask.run(Unknown Source)
	at java.util.concurrent.Executors$RunnableAdapter.call(Unknown Source)
	at java.util.concurrent.FutureTask.run(Unknown Source)
	at java.util.concurrent.ThreadPoolExecutor.runWorker(Unknown Source)
	at java.util.concurrent.ThreadPoolExecutor$Worker.run(Unknown Source)
	at java.lang.Thread.run(Unknown Source)
]]>
    </failure>
  </testcase> <!-- TC_SHEPLERS_OP_075 -->
  <testcase name="TC_SHEPLERS_OP_042" time="38.968" classname="com.sheplers.testscripts.cartcheckoutsection.OrderPlacement">
    <error type="java.lang.Exception" message="btn Quantity not found in page!!">
      <![CDATA[java.lang.Exception: btn Quantity not found in page!!
	at com.sheplers.support.BrowserActions.clickOnElement(BrowserActions.java:146)
	at com.sheplers.pages.PdpPage.quantityChangePlusOne(PdpPage.java:2898)
	at com.sheplers.testscripts.cartcheckoutsection.OrderPlacement.TC_SHEPLERS_OP_042(OrderPlacement.java:15400)
	at sun.reflect.NativeMethodAccessorImpl.invoke0(Native Method)
	at sun.reflect.NativeMethodAccessorImpl.invoke(Unknown Source)
	at sun.reflect.DelegatingMethodAccessorImpl.invoke(Unknown Source)
	at java.lang.reflect.Method.invoke(Unknown Source)
	at org.testng.internal.MethodInvocationHelper.invokeMethod(MethodInvocationHelper.java:108)
	at org.testng.internal.Invoker.invokeMethod(Invoker.java:661)
	at org.testng.internal.Invoker.invokeTestMethod(Invoker.java:869)
	at org.testng.internal.TestMethodWithDataProviderMethodWorker.call(TestMethodWithDataProviderMethodWorker.java:75)
	at org.testng.internal.TestMethodWithDataProviderMethodWorker.call(TestMethodWithDataProviderMethodWorker.java:14)
	at java.util.concurrent.FutureTask.run(Unknown Source)
	at java.util.concurrent.Executors$RunnableAdapter.call(Unknown Source)
	at java.util.concurrent.FutureTask.run(Unknown Source)
	at java.util.concurrent.ThreadPoolExecutor.runWorker(Unknown Source)
	at java.util.concurrent.ThreadPoolExecutor$Worker.run(Unknown Source)
	at java.lang.Thread.run(Unknown Source)
]]>
    </error>
  </testcase> <!-- TC_SHEPLERS_OP_042 -->
  <testcase name="TC_SHEPLERS_OP_049" time="164.936" classname="com.sheplers.testscripts.cartcheckoutsection.OrderPlacement"/>
  <testcase name="TC_SHEPLERS_OP_056" time="145.236" classname="com.sheplers.testscripts.cartcheckoutsection.OrderPlacement"/>
  <testcase name="TC_SHEPLERS_OP_001" time="169.735" classname="com.sheplers.testscripts.cartcheckoutsection.OrderPlacement"/>
  <testcase name="TC_SHEPLERS_OP_069" time="93.650" classname="com.sheplers.testscripts.cartcheckoutsection.OrderPlacement"/>
  <testcase name="TC_SHEPLERS_OP_009" time="223.148" classname="com.sheplers.testscripts.cartcheckoutsection.OrderPlacement"/>
  <testcase name="TC_SHEPLERS_OP_051" time="153.527" classname="com.sheplers.testscripts.cartcheckoutsection.OrderPlacement"/>
  <testcase name="TC_SHEPLERS_OP_083" time="89.966" classname="com.sheplers.testscripts.cartcheckoutsection.OrderPlacement"/>
  <testcase name="TC_SHEPLERS_OP_046" time="174.367" classname="com.sheplers.testscripts.cartcheckoutsection.OrderPlacement"/>
  <testcase name="TC_SHEPLERS_OP_081" time="90.547" classname="com.sheplers.testscripts.cartcheckoutsection.OrderPlacement"/>
  <testcase name="TC_SHEPLERS_OP_029" time="143.708" classname="com.sheplers.testscripts.cartcheckoutsection.OrderPlacement"/>
  <testcase name="TC_SHEPLERS_OP_043" time="216.390" classname="com.sheplers.testscripts.cartcheckoutsection.OrderPlacement"/>
  <testcase name="TC_SHEPLERS_OP_014" time="198.518" classname="com.sheplers.testscripts.cartcheckoutsection.OrderPlacement"/>
  <testcase name="TC_SHEPLERS_OP_076" time="147.223" classname="com.sheplers.testscripts.cartcheckoutsection.OrderPlacement"/>
  <testcase name="TC_SHEPLERS_OP_038" time="406.711" classname="com.sheplers.testscripts.cartcheckoutsection.OrderPlacement"/>
  <testcase name="TC_SHEPLERS_OP_058" time="135.551" classname="com.sheplers.testscripts.cartcheckoutsection.OrderPlacement"/>
  <testcase name="TC_SHEPLERS_OP_017" time="250.833" classname="com.sheplers.testscripts.cartcheckoutsection.OrderPlacement"/>
  <testcase name="TC_SHEPLERS_OP_039" time="260.340" classname="com.sheplers.testscripts.cartcheckoutsection.OrderPlacement"/>
  <testcase name="TC_SHEPLERS_OP_054" time="138.105" classname="com.sheplers.testscripts.cartcheckoutsection.OrderPlacement"/>
  <testcase name="TC_SHEPLERS_OP_068" time="98.989" classname="com.sheplers.testscripts.cartcheckoutsection.OrderPlacement"/>
  <testcase name="TC_SHEPLERS_OP_006" time="226.878" classname="com.sheplers.testscripts.cartcheckoutsection.OrderPlacement"/>
  <testcase name="TC_SHEPLERS_OP_016" time="215.114" classname="com.sheplers.testscripts.cartcheckoutsection.OrderPlacement"/>
  <testcase name="TC_SHEPLERS_OP_018" time="170.102" classname="com.sheplers.testscripts.cartcheckoutsection.OrderPlacement"/>
  <testcase name="TC_SHEPLERS_OP_063" time="64.316" classname="com.sheplers.testscripts.cartcheckoutsection.OrderPlacement">
    <failure type="java.lang.AssertionError" message="PDP Page did not open up. Site might be down.">
      <![CDATA[java.lang.AssertionError: PDP Page did not open up. Site might be down.
	at org.testng.Assert.fail(Assert.java:93)
	at com.sheplers.support.Log.fail(Log.java:514)
	at com.sheplers.pages.PdpPage.isLoaded(PdpPage.java:469)
	at org.openqa.selenium.support.ui.LoadableComponent.get(LoadableComponent.java:52)
	at com.sheplers.pages.HomePage.KeywordSearchResult(HomePage.java:274)
	at com.sheplers.testscripts.cartcheckoutsection.OrderPlacement.TC_SHEPLERS_OP_063(OrderPlacement.java:22847)
	at sun.reflect.NativeMethodAccessorImpl.invoke0(Native Method)
	at sun.reflect.NativeMethodAccessorImpl.invoke(Unknown Source)
	at sun.reflect.DelegatingMethodAccessorImpl.invoke(Unknown Source)
	at java.lang.reflect.Method.invoke(Unknown Source)
	at org.testng.internal.MethodInvocationHelper.invokeMethod(MethodInvocationHelper.java:108)
	at org.testng.internal.Invoker.invokeMethod(Invoker.java:661)
	at org.testng.internal.Invoker.invokeTestMethod(Invoker.java:869)
	at org.testng.internal.TestMethodWithDataProviderMethodWorker.call(TestMethodWithDataProviderMethodWorker.java:75)
	at org.testng.internal.TestMethodWithDataProviderMethodWorker.call(TestMethodWithDataProviderMethodWorker.java:14)
	at java.util.concurrent.FutureTask.run(Unknown Source)
	at java.util.concurrent.Executors$RunnableAdapter.call(Unknown Source)
	at java.util.concurrent.FutureTask.run(Unknown Source)
	at java.util.concurrent.ThreadPoolExecutor.runWorker(Unknown Source)
	at java.util.concurrent.ThreadPoolExecutor$Worker.run(Unknown Source)
	at java.lang.Thread.run(Unknown Source)
]]>
    </failure>
  </testcase> <!-- TC_SHEPLERS_OP_063 -->
  <testcase name="TC_SHEPLERS_OP_002" time="177.360" classname="com.sheplers.testscripts.cartcheckoutsection.OrderPlacement"/>
  <testcase name="TC_SHEPLERS_OP_037" time="402.896" classname="com.sheplers.testscripts.cartcheckoutsection.OrderPlacement"/>
  <testcase name="TC_SHEPLERS_OP_008" time="61.375" classname="com.sheplers.testscripts.cartcheckoutsection.OrderPlacement">
    <failure type="java.lang.AssertionError" message="6. Category grid page not displayed as expected, plz check the event log">
      <![CDATA[java.lang.AssertionError: 6. Category grid page not displayed as expected, plz check the event log
	at org.testng.Assert.fail(Assert.java:93)
	at com.sheplers.support.Log.fail(Log.java:514)
	at com.sheplers.support.Log.assertThat(Log.java:692)
	at com.sheplers.testscripts.cartcheckoutsection.OrderPlacement.TC_SHEPLERS_OP_008(OrderPlacement.java:2792)
	at sun.reflect.NativeMethodAccessorImpl.invoke0(Native Method)
	at sun.reflect.NativeMethodAccessorImpl.invoke(Unknown Source)
	at sun.reflect.DelegatingMethodAccessorImpl.invoke(Unknown Source)
	at java.lang.reflect.Method.invoke(Unknown Source)
	at org.testng.internal.MethodInvocationHelper.invokeMethod(MethodInvocationHelper.java:108)
	at org.testng.internal.Invoker.invokeMethod(Invoker.java:661)
	at org.testng.internal.Invoker.invokeTestMethod(Invoker.java:869)
	at org.testng.internal.TestMethodWithDataProviderMethodWorker.call(TestMethodWithDataProviderMethodWorker.java:75)
	at org.testng.internal.TestMethodWithDataProviderMethodWorker.call(TestMethodWithDataProviderMethodWorker.java:14)
	at java.util.concurrent.FutureTask.run(Unknown Source)
	at java.util.concurrent.Executors$RunnableAdapter.call(Unknown Source)
	at java.util.concurrent.FutureTask.run(Unknown Source)
	at java.util.concurrent.ThreadPoolExecutor.runWorker(Unknown Source)
	at java.util.concurrent.ThreadPoolExecutor$Worker.run(Unknown Source)
	at java.lang.Thread.run(Unknown Source)
]]>
    </failure>
  </testcase> <!-- TC_SHEPLERS_OP_008 -->
  <testcase name="TC_SHEPLERS_OP_074" time="87.709" classname="com.sheplers.testscripts.cartcheckoutsection.OrderPlacement">
    <failure type="java.lang.AssertionError" message="Cart page did not open up.">
      <![CDATA[java.lang.AssertionError: Cart page did not open up.
	at org.testng.Assert.fail(Assert.java:93)
	at com.sheplers.support.Log.fail(Log.java:514)
	at com.sheplers.pages.CartPage.isLoaded(CartPage.java:697)
	at org.openqa.selenium.support.ui.LoadableComponent.get(LoadableComponent.java:52)
	at com.sheplers.pages.PdpPage.addProductToCart(PdpPage.java:776)
	at com.sheplers.testscripts.cartcheckoutsection.OrderPlacement.TC_SHEPLERS_OP_074(OrderPlacement.java:25511)
	at sun.reflect.NativeMethodAccessorImpl.invoke0(Native Method)
	at sun.reflect.NativeMethodAccessorImpl.invoke(Unknown Source)
	at sun.reflect.DelegatingMethodAccessorImpl.invoke(Unknown Source)
	at java.lang.reflect.Method.invoke(Unknown Source)
	at org.testng.internal.MethodInvocationHelper.invokeMethod(MethodInvocationHelper.java:108)
	at org.testng.internal.Invoker.invokeMethod(Invoker.java:661)
	at org.testng.internal.Invoker.invokeTestMethod(Invoker.java:869)
	at org.testng.internal.TestMethodWithDataProviderMethodWorker.call(TestMethodWithDataProviderMethodWorker.java:75)
	at org.testng.internal.TestMethodWithDataProviderMethodWorker.call(TestMethodWithDataProviderMethodWorker.java:14)
	at java.util.concurrent.FutureTask.run(Unknown Source)
	at java.util.concurrent.Executors$RunnableAdapter.call(Unknown Source)
	at java.util.concurrent.FutureTask.run(Unknown Source)
	at java.util.concurrent.ThreadPoolExecutor.runWorker(Unknown Source)
	at java.util.concurrent.ThreadPoolExecutor$Worker.run(Unknown Source)
	at java.lang.Thread.run(Unknown Source)
]]>
    </failure>
  </testcase> <!-- TC_SHEPLERS_OP_074 -->
  <testcase name="TC_SHEPLERS_OP_003" time="247.683" classname="com.sheplers.testscripts.cartcheckoutsection.OrderPlacement"/>
  <testcase name="TC_SHEPLERS_OP_011" time="195.590" classname="com.sheplers.testscripts.cartcheckoutsection.OrderPlacement"/>
  <testcase name="TC_SHEPLERS_OP_064" time="137.094" classname="com.sheplers.testscripts.cartcheckoutsection.OrderPlacement"/>
  <testcase name="TC_SHEPLERS_OP_041" time="176.092" classname="com.sheplers.testscripts.cartcheckoutsection.OrderPlacement"/>
  <testcase name="TC_SHEPLERS_OP_012" time="231.020" classname="com.sheplers.testscripts.cartcheckoutsection.OrderPlacement"/>
  <testcase name="TC_SHEPLERS_OP_059" time="94.121" classname="com.sheplers.testscripts.cartcheckoutsection.OrderPlacement">
    <error type="java.lang.Exception" message="btn Quantity not found in page!!">
      <![CDATA[java.lang.Exception: btn Quantity not found in page!!
	at com.sheplers.support.BrowserActions.clickOnElement(BrowserActions.java:146)
	at com.sheplers.pages.PdpPage.quantityChangePlusOne(PdpPage.java:2898)
	at com.sheplers.testscripts.cartcheckoutsection.OrderPlacement.TC_SHEPLERS_OP_059(OrderPlacement.java:21457)
	at sun.reflect.NativeMethodAccessorImpl.invoke0(Native Method)
	at sun.reflect.NativeMethodAccessorImpl.invoke(Unknown Source)
	at sun.reflect.DelegatingMethodAccessorImpl.invoke(Unknown Source)
	at java.lang.reflect.Method.invoke(Unknown Source)
	at org.testng.internal.MethodInvocationHelper.invokeMethod(MethodInvocationHelper.java:108)
	at org.testng.internal.Invoker.invokeMethod(Invoker.java:661)
	at org.testng.internal.Invoker.invokeTestMethod(Invoker.java:869)
	at org.testng.internal.TestMethodWithDataProviderMethodWorker.call(TestMethodWithDataProviderMethodWorker.java:75)
	at org.testng.internal.TestMethodWithDataProviderMethodWorker.call(TestMethodWithDataProviderMethodWorker.java:14)
	at java.util.concurrent.FutureTask.run(Unknown Source)
	at java.util.concurrent.Executors$RunnableAdapter.call(Unknown Source)
	at java.util.concurrent.FutureTask.run(Unknown Source)
	at java.util.concurrent.ThreadPoolExecutor.runWorker(Unknown Source)
	at java.util.concurrent.ThreadPoolExecutor$Worker.run(Unknown Source)
	at java.lang.Thread.run(Unknown Source)
]]>
    </error>
  </testcase> <!-- TC_SHEPLERS_OP_059 -->
  <testcase name="TC_SHEPLERS_OP_020" time="237.179" classname="com.sheplers.testscripts.cartcheckoutsection.OrderPlacement"/>
  <testcase name="TC_SHEPLERS_OP_013" time="183.925" classname="com.sheplers.testscripts.cartcheckoutsection.OrderPlacement"/>
  <testcase name="TC_SHEPLERS_OP_035" time="424.657" classname="com.sheplers.testscripts.cartcheckoutsection.OrderPlacement"/>
  <testcase name="TC_SHEPLERS_OP_078" time="63.313" classname="com.sheplers.testscripts.cartcheckoutsection.OrderPlacement">
    <failure type="java.lang.AssertionError" message="Cart page did not open up.">
      <![CDATA[java.lang.AssertionError: Cart page did not open up.
	at org.testng.Assert.fail(Assert.java:93)
	at com.sheplers.support.Log.fail(Log.java:514)
	at com.sheplers.pages.CartPage.isLoaded(CartPage.java:697)
	at org.openqa.selenium.support.ui.LoadableComponent.get(LoadableComponent.java:52)
	at com.sheplers.pages.PdpPage.addProductToCart(PdpPage.java:776)
	at com.sheplers.testscripts.cartcheckoutsection.OrderPlacement.TC_SHEPLERS_OP_078(OrderPlacement.java:26395)
	at sun.reflect.NativeMethodAccessorImpl.invoke0(Native Method)
	at sun.reflect.NativeMethodAccessorImpl.invoke(Unknown Source)
	at sun.reflect.DelegatingMethodAccessorImpl.invoke(Unknown Source)
	at java.lang.reflect.Method.invoke(Unknown Source)
	at org.testng.internal.MethodInvocationHelper.invokeMethod(MethodInvocationHelper.java:108)
	at org.testng.internal.Invoker.invokeMethod(Invoker.java:661)
	at org.testng.internal.Invoker.invokeTestMethod(Invoker.java:869)
	at org.testng.internal.TestMethodWithDataProviderMethodWorker.call(TestMethodWithDataProviderMethodWorker.java:75)
	at org.testng.internal.TestMethodWithDataProviderMethodWorker.call(TestMethodWithDataProviderMethodWorker.java:14)
	at java.util.concurrent.FutureTask.run(Unknown Source)
	at java.util.concurrent.Executors$RunnableAdapter.call(Unknown Source)
	at java.util.concurrent.FutureTask.run(Unknown Source)
	at java.util.concurrent.ThreadPoolExecutor.runWorker(Unknown Source)
	at java.util.concurrent.ThreadPoolExecutor$Worker.run(Unknown Source)
	at java.lang.Thread.run(Unknown Source)
]]>
    </failure>
  </testcase> <!-- TC_SHEPLERS_OP_078 -->
  <testcase name="TC_SHEPLERS_OP_048" time="170.991" classname="com.sheplers.testscripts.cartcheckoutsection.OrderPlacement"/>
  <testcase name="TC_SHEPLERS_OP_070" time="94.362" classname="com.sheplers.testscripts.cartcheckoutsection.OrderPlacement"/>
  <testcase name="TC_SHEPLERS_OP_036" time="339.663" classname="com.sheplers.testscripts.cartcheckoutsection.OrderPlacement"/>
  <testcase name="TC_SHEPLERS_OP_050" time="167.032" classname="com.sheplers.testscripts.cartcheckoutsection.OrderPlacement"/>
  <testcase name="TC_SHEPLERS_OP_034" time="343.733" classname="com.sheplers.testscripts.cartcheckoutsection.OrderPlacement"/>
  <testcase name="TC_SHEPLERS_OP_019" time="143.580" classname="com.sheplers.testscripts.cartcheckoutsection.OrderPlacement"/>
  <testcase name="TC_SHEPLERS_OP_073" time="98.967" classname="com.sheplers.testscripts.cartcheckoutsection.OrderPlacement">
    <failure type="java.lang.AssertionError" message="Cart page did not open up.">
      <![CDATA[java.lang.AssertionError: Cart page did not open up.
	at org.testng.Assert.fail(Assert.java:93)
	at com.sheplers.support.Log.fail(Log.java:514)
	at com.sheplers.pages.CartPage.isLoaded(CartPage.java:697)
	at org.openqa.selenium.support.ui.LoadableComponent.get(LoadableComponent.java:52)
	at com.sheplers.pages.PdpPage.addProductToCart(PdpPage.java:776)
	at com.sheplers.testscripts.cartcheckoutsection.OrderPlacement.TC_SHEPLERS_OP_073(OrderPlacement.java:25390)
	at sun.reflect.NativeMethodAccessorImpl.invoke0(Native Method)
	at sun.reflect.NativeMethodAccessorImpl.invoke(Unknown Source)
	at sun.reflect.DelegatingMethodAccessorImpl.invoke(Unknown Source)
	at java.lang.reflect.Method.invoke(Unknown Source)
	at org.testng.internal.MethodInvocationHelper.invokeMethod(MethodInvocationHelper.java:108)
	at org.testng.internal.Invoker.invokeMethod(Invoker.java:661)
	at org.testng.internal.Invoker.invokeTestMethod(Invoker.java:869)
	at org.testng.internal.TestMethodWithDataProviderMethodWorker.call(TestMethodWithDataProviderMethodWorker.java:75)
	at org.testng.internal.TestMethodWithDataProviderMethodWorker.call(TestMethodWithDataProviderMethodWorker.java:14)
	at java.util.concurrent.FutureTask.run(Unknown Source)
	at java.util.concurrent.Executors$RunnableAdapter.call(Unknown Source)
	at java.util.concurrent.FutureTask.run(Unknown Source)
	at java.util.concurrent.ThreadPoolExecutor.runWorker(Unknown Source)
	at java.util.concurrent.ThreadPoolExecutor$Worker.run(Unknown Source)
	at java.lang.Thread.run(Unknown Source)
]]>
    </failure>
  </testcase> <!-- TC_SHEPLERS_OP_073 -->
  <testcase name="TC_SHEPLERS_OP_007" time="188.557" classname="com.sheplers.testscripts.cartcheckoutsection.OrderPlacement"/>
  <testcase name="TC_SHEPLERS_OP_025" time="572.448" classname="com.sheplers.testscripts.cartcheckoutsection.OrderPlacement"/>
  <testcase name="TC_SHEPLERS_OP_077" time="61.282" classname="com.sheplers.testscripts.cartcheckoutsection.OrderPlacement">
    <failure type="java.lang.AssertionError" message="Cart page did not open up.">
      <![CDATA[java.lang.AssertionError: Cart page did not open up.
	at org.testng.Assert.fail(Assert.java:93)
	at com.sheplers.support.Log.fail(Log.java:514)
	at com.sheplers.pages.CartPage.isLoaded(CartPage.java:697)
	at org.openqa.selenium.support.ui.LoadableComponent.get(LoadableComponent.java:52)
	at com.sheplers.pages.PdpPage.addProductToCart(PdpPage.java:776)
	at com.sheplers.testscripts.cartcheckoutsection.OrderPlacement.TC_SHEPLERS_OP_077(OrderPlacement.java:26084)
	at sun.reflect.NativeMethodAccessorImpl.invoke0(Native Method)
	at sun.reflect.NativeMethodAccessorImpl.invoke(Unknown Source)
	at sun.reflect.DelegatingMethodAccessorImpl.invoke(Unknown Source)
	at java.lang.reflect.Method.invoke(Unknown Source)
	at org.testng.internal.MethodInvocationHelper.invokeMethod(MethodInvocationHelper.java:108)
	at org.testng.internal.Invoker.invokeMethod(Invoker.java:661)
	at org.testng.internal.Invoker.invokeTestMethod(Invoker.java:869)
	at org.testng.internal.TestMethodWithDataProviderMethodWorker.call(TestMethodWithDataProviderMethodWorker.java:75)
	at org.testng.internal.TestMethodWithDataProviderMethodWorker.call(TestMethodWithDataProviderMethodWorker.java:14)
	at java.util.concurrent.FutureTask.run(Unknown Source)
	at java.util.concurrent.Executors$RunnableAdapter.call(Unknown Source)
	at java.util.concurrent.FutureTask.run(Unknown Source)
	at java.util.concurrent.ThreadPoolExecutor.runWorker(Unknown Source)
	at java.util.concurrent.ThreadPoolExecutor$Worker.run(Unknown Source)
	at java.lang.Thread.run(Unknown Source)
]]>
    </failure>
  </testcase> <!-- TC_SHEPLERS_OP_077 -->
  <testcase name="TC_SHEPLERS_OP_072" time="99.055" classname="com.sheplers.testscripts.cartcheckoutsection.OrderPlacement"/>
  <testcase name="TC_SHEPLERS_OP_030" time="136.147" classname="com.sheplers.testscripts.cartcheckoutsection.OrderPlacement"/>
  <testcase name="TC_SHEPLERS_OP_044" time="202.652" classname="com.sheplers.testscripts.cartcheckoutsection.OrderPlacement"/>
  <testcase name="TC_SHEPLERS_OP_084" time="133.678" classname="com.sheplers.testscripts.cartcheckoutsection.OrderPlacement"/>
  <testcase name="TC_SHEPLERS_OP_005" time="217.229" classname="com.sheplers.testscripts.cartcheckoutsection.OrderPlacement"/>
  <testcase name="TC_SHEPLERS_OP_062" time="136.746" classname="com.sheplers.testscripts.cartcheckoutsection.OrderPlacement"/>
  <testcase name="TC_SHEPLERS_OP_079" time="61.217" classname="com.sheplers.testscripts.cartcheckoutsection.OrderPlacement">
    <failure type="java.lang.AssertionError" message="Cart page did not open up.">
      <![CDATA[java.lang.AssertionError: Cart page did not open up.
	at org.testng.Assert.fail(Assert.java:93)
	at com.sheplers.support.Log.fail(Log.java:514)
	at com.sheplers.pages.CartPage.isLoaded(CartPage.java:697)
	at org.openqa.selenium.support.ui.LoadableComponent.get(LoadableComponent.java:52)
	at com.sheplers.pages.PdpPage.addProductToCart(PdpPage.java:776)
	at com.sheplers.testscripts.cartcheckoutsection.OrderPlacement.TC_SHEPLERS_OP_079(OrderPlacement.java:26696)
	at sun.reflect.NativeMethodAccessorImpl.invoke0(Native Method)
	at sun.reflect.NativeMethodAccessorImpl.invoke(Unknown Source)
	at sun.reflect.DelegatingMethodAccessorImpl.invoke(Unknown Source)
	at java.lang.reflect.Method.invoke(Unknown Source)
	at org.testng.internal.MethodInvocationHelper.invokeMethod(MethodInvocationHelper.java:108)
	at org.testng.internal.Invoker.invokeMethod(Invoker.java:661)
	at org.testng.internal.Invoker.invokeTestMethod(Invoker.java:869)
	at org.testng.internal.TestMethodWithDataProviderMethodWorker.call(TestMethodWithDataProviderMethodWorker.java:75)
	at org.testng.internal.TestMethodWithDataProviderMethodWorker.call(TestMethodWithDataProviderMethodWorker.java:14)
	at java.util.concurrent.FutureTask.run(Unknown Source)
	at java.util.concurrent.Executors$RunnableAdapter.call(Unknown Source)
	at java.util.concurrent.FutureTask.run(Unknown Source)
	at java.util.concurrent.ThreadPoolExecutor.runWorker(Unknown Source)
	at java.util.concurrent.ThreadPoolExecutor$Worker.run(Unknown Source)
	at java.lang.Thread.run(Unknown Source)
]]>
    </failure>
  </testcase> <!-- TC_SHEPLERS_OP_079 -->
  <testcase name="TC_SHEPLERS_OP_024" time="447.900" classname="com.sheplers.testscripts.cartcheckoutsection.OrderPlacement"/>
  <testcase name="TC_SHEPLERS_OP_032" time="142.568" classname="com.sheplers.testscripts.cartcheckoutsection.OrderPlacement"/>
  <testcase name="TC_SHEPLERS_OP_028" time="155.003" classname="com.sheplers.testscripts.cartcheckoutsection.OrderPlacement"/>
</testsuite> <!-- com.sheplers.testscripts.cartcheckoutsection.OrderPlacement -->
