<?xml version="1.0" encoding="UTF-8"?>
<!-- Generated by org.testng.reporters.JUnitReportReporter -->
<testsuite skipped="0" hostname="Aspire1698" name="com.sheplers.testscripts.search.SearchResult" tests="14" failures="1" timestamp="28 Jul 2017 23:49:50 GMT" time="503.337" errors="0">
  <testcase name="TC_SHEPLERS_SRP_013" time="28.213" classname="com.sheplers.testscripts.search.SearchResult"/>
  <testcase name="TC_SHEPLERS_SRP_005" time="32.934" classname="com.sheplers.testscripts.search.SearchResult"/>
  <testcase name="TC_SHEPLERS_SRP_008" time="28.335" classname="com.sheplers.testscripts.search.SearchResult"/>
  <testcase name="TC_SHEPLERS_SRP_002" time="23.255" classname="com.sheplers.testscripts.search.SearchResult"/>
  <testcase name="TC_SHEPLERS_SRP_012" time="46.999" classname="com.sheplers.testscripts.search.SearchResult"/>
  <testcase name="TC_SHEPLERS_SRP_006" time="31.525" classname="com.sheplers.testscripts.search.SearchResult"/>
  <testcase name="TC_SHEPLERS_SRP_014" time="27.405" classname="com.sheplers.testscripts.search.SearchResult"/>
  <testcase name="TC_SHEPLERS_SRP_010" time="33.669" classname="com.sheplers.testscripts.search.SearchResult"/>
  <testcase name="TC_SHEPLERS_SRP_011" time="40.460" classname="com.sheplers.testscripts.search.SearchResult"/>
  <testcase name="TC_SHEPLERS_SRP_001" time="49.462" classname="com.sheplers.testscripts.search.SearchResult"/>
  <testcase name="TC_SHEPLERS_SRP_004" time="50.031" classname="com.sheplers.testscripts.search.SearchResult"/>
  <testcase name="TC_SHEPLERS_SRP_003" time="23.071" classname="com.sheplers.testscripts.search.SearchResult"/>
  <testcase name="TC_SHEPLERS_SRP_009" time="48.662" classname="com.sheplers.testscripts.search.SearchResult"/>
  <testcase name="TC_SHEPLERS_SRP_007" time="39.316" classname="com.sheplers.testscripts.search.SearchResult">
    <failure type="java.lang.AssertionError" message="3. &#039;Did You Mean&#039; term was not displayed on page, plz check the log event">
      <![CDATA[java.lang.AssertionError: 3. 'Did You Mean' term was not displayed on page, plz check the log event
	at org.testng.Assert.fail(Assert.java:93)
	at com.sheplers.support.Log.fail(Log.java:529)
	at com.sheplers.support.Log.assertThat(Log.java:669)
	at com.sheplers.testscripts.search.SearchResult.TC_SHEPLERS_SRP_007(SearchResult.java:367)
	at sun.reflect.NativeMethodAccessorImpl.invoke0(Native Method)
	at sun.reflect.NativeMethodAccessorImpl.invoke(Unknown Source)
	at sun.reflect.DelegatingMethodAccessorImpl.invoke(Unknown Source)
	at java.lang.reflect.Method.invoke(Unknown Source)
	at org.testng.internal.MethodInvocationHelper.invokeMethod(MethodInvocationHelper.java:108)
	at org.testng.internal.Invoker.invokeMethod(Invoker.java:661)
	at org.testng.internal.Invoker.invokeTestMethod(Invoker.java:869)
	at org.testng.internal.TestMethodWithDataProviderMethodWorker.call(TestMethodWithDataProviderMethodWorker.java:75)
	at org.testng.internal.TestMethodWithDataProviderMethodWorker.call(TestMethodWithDataProviderMethodWorker.java:14)
	at java.util.concurrent.FutureTask.run(Unknown Source)
	at java.util.concurrent.Executors$RunnableAdapter.call(Unknown Source)
	at java.util.concurrent.FutureTask.run(Unknown Source)
	at java.util.concurrent.ThreadPoolExecutor.runWorker(Unknown Source)
	at java.util.concurrent.ThreadPoolExecutor$Worker.run(Unknown Source)
	at java.lang.Thread.run(Unknown Source)
]]>
    </failure>
  </testcase> <!-- TC_SHEPLERS_SRP_007 -->
</testsuite> <!-- com.sheplers.testscripts.search.SearchResult -->
