<?xml version="1.0" encoding="UTF-8"?>
<!-- Generated by org.testng.reporters.JUnitReportReporter -->
<testsuite skipped="0" hostname="Aspire1698" name="com.sheplers.testscripts.categorypage.CategoryProductLandingPage" tests="48" failures="1" timestamp="28 Jul 2017 23:49:50 GMT" time="2210.846" errors="1">
  <testcase name="TC_SHEPLERS_CPLS_043" time="59.338" classname="com.sheplers.testscripts.categorypage.CategoryProductLandingPage"/>
  <testcase name="TC_SHEPLERS_CPLS_021" time="63.210" classname="com.sheplers.testscripts.categorypage.CategoryProductLandingPage"/>
  <testcase name="TC_SHEPLERS_CPLS_030" time="40.429" classname="com.sheplers.testscripts.categorypage.CategoryProductLandingPage"/>
  <testcase name="TC_SHEPLERS_CPLS_042" time="64.781" classname="com.sheplers.testscripts.categorypage.CategoryProductLandingPage"/>
  <testcase name="TC_SHEPLERS_CPLS_034" time="25.343" classname="com.sheplers.testscripts.categorypage.CategoryProductLandingPage"/>
  <testcase name="TC_SHEPLERS_CPLS_059" time="24.801" classname="com.sheplers.testscripts.categorypage.CategoryProductLandingPage"/>
  <testcase name="TC_SHEPLERS_CPLS_063" time="50.114" classname="com.sheplers.testscripts.categorypage.CategoryProductLandingPage">
    <error type="org.openqa.selenium.TimeoutException" message="Timed out after 10 seconds: Couldn&#039;t find #search-result-items li:nth-child(1) ul[class*=&#039;swatch-list&#039;] a
Build info: version: &#039;2.53.1&#039;, revision: &#039;a36b8b1cd5757287168e54b817830adce9b0158d&#039;, time: &#039;2016-06-30 19:26:09&#039;
System info: host: &#039;Aspire1698&#039;, ip: &#039;172.24.166.109&#039;, os.name: &#039;Windows 10&#039;, os.arch: &#039;amd64&#039;, os.version: &#039;10.0&#039;, java.version: &#039;1.8.0_112&#039;
Driver info: org.openqa.selenium.remote.RemoteWebDriver
Capabilities [{applicationCacheEnabled=false, rotatable=false, mobileEmulationEnabled=false, networkConnectionEnabled=false, chrome={chromedriverVersion=2.29.461591 (62ebf098771772160f391d75e589dc567915b233), userDataDir=C:\Users\RAAMKU~1.JAY\AppData\Local\Temp\scoped_dir18240_6964}, takesHeapSnapshot=true, pageLoadStrategy=normal, databaseEnabled=false, handlesAlerts=true, hasTouchScreen=false, version=58.0.3029.81, platform=XP, browserConnectionEnabled=false, nativeEvents=true, acceptSslCerts=true, webdriver.remote.sessionid=6dc77318-8b60-46df-b75e-76306e73c8c5, locationContextEnabled=true, webStorageEnabled=true, browserName=chrome, takesScreenshot=true, javascriptEnabled=true, cssSelectorsEnabled=true, unexpectedAlertBehaviour=}]
Session ID: 6dc77318-8b60-46df-b75e-76306e73c8c5">
      <![CDATA[org.openqa.selenium.TimeoutException: Timed out after 10 seconds: Couldn't find #search-result-items li:nth-child(1) ul[class*='swatch-list'] a
Build info: version: '2.53.1', revision: 'a36b8b1cd5757287168e54b817830adce9b0158d', time: '2016-06-30 19:26:09'
System info: host: 'Aspire1698', ip: '172.24.166.109', os.name: 'Windows 10', os.arch: 'amd64', os.version: '10.0', java.version: '1.8.0_112'
Driver info: org.openqa.selenium.remote.RemoteWebDriver
Capabilities [{applicationCacheEnabled=false, rotatable=false, mobileEmulationEnabled=false, networkConnectionEnabled=false, chrome={chromedriverVersion=2.29.461591 (62ebf098771772160f391d75e589dc567915b233), userDataDir=C:\Users\RAAMKU~1.JAY\AppData\Local\Temp\scoped_dir18240_6964}, takesHeapSnapshot=true, pageLoadStrategy=normal, databaseEnabled=false, handlesAlerts=true, hasTouchScreen=false, version=58.0.3029.81, platform=XP, browserConnectionEnabled=false, nativeEvents=true, acceptSslCerts=true, webdriver.remote.sessionid=6dc77318-8b60-46df-b75e-76306e73c8c5, locationContextEnabled=true, webStorageEnabled=true, browserName=chrome, takesScreenshot=true, javascriptEnabled=true, cssSelectorsEnabled=true, unexpectedAlertBehaviour=}]
Session ID: 6dc77318-8b60-46df-b75e-76306e73c8c5
	at org.openqa.selenium.support.ui.WebDriverWait.timeoutException(WebDriverWait.java:80)
	at org.openqa.selenium.support.ui.FluentWait.until(FluentWait.java:261)
	at com.sheplers.support.BrowserActions.checkLocators(BrowserActions.java:522)
	at com.sheplers.pages.CategoryGridPage.getProductWithMoreThanOneColor(CategoryGridPage.java:1063)
	at com.sheplers.testscripts.categorypage.CategoryProductLandingPage.TC_SHEPLERS_CPLS_063(CategoryProductLandingPage.java:4269)
	at sun.reflect.NativeMethodAccessorImpl.invoke0(Native Method)
	at sun.reflect.NativeMethodAccessorImpl.invoke(Unknown Source)
	at sun.reflect.DelegatingMethodAccessorImpl.invoke(Unknown Source)
	at java.lang.reflect.Method.invoke(Unknown Source)
	at org.testng.internal.MethodInvocationHelper.invokeMethod(MethodInvocationHelper.java:108)
	at org.testng.internal.Invoker.invokeMethod(Invoker.java:661)
	at org.testng.internal.Invoker.invokeTestMethod(Invoker.java:869)
	at org.testng.internal.TestMethodWithDataProviderMethodWorker.call(TestMethodWithDataProviderMethodWorker.java:75)
	at org.testng.internal.TestMethodWithDataProviderMethodWorker.call(TestMethodWithDataProviderMethodWorker.java:14)
	at java.util.concurrent.FutureTask.run(Unknown Source)
	at java.util.concurrent.Executors$RunnableAdapter.call(Unknown Source)
	at java.util.concurrent.FutureTask.run(Unknown Source)
	at java.util.concurrent.ThreadPoolExecutor.runWorker(Unknown Source)
	at java.util.concurrent.ThreadPoolExecutor$Worker.run(Unknown Source)
	at java.lang.Thread.run(Unknown Source)
]]>
    </error>
  </testcase> <!-- TC_SHEPLERS_CPLS_063 -->
  <testcase name="TC_SHEPLERS_CPLS_001" time="49.903" classname="com.sheplers.testscripts.categorypage.CategoryProductLandingPage"/>
  <testcase name="TC_SHEPLERS_CPLS_010" time="36.368" classname="com.sheplers.testscripts.categorypage.CategoryProductLandingPage"/>
  <testcase name="TC_SHEPLERS_CPLS_036" time="68.102" classname="com.sheplers.testscripts.categorypage.CategoryProductLandingPage"/>
  <testcase name="TC_SHEPLERS_CPLS_005" time="39.654" classname="com.sheplers.testscripts.categorypage.CategoryProductLandingPage"/>
  <testcase name="TC_SHEPLERS_CPLS_014" time="61.515" classname="com.sheplers.testscripts.categorypage.CategoryProductLandingPage"/>
  <testcase name="TC_SHEPLERS_CPLS_026" time="49.089" classname="com.sheplers.testscripts.categorypage.CategoryProductLandingPage"/>
  <testcase name="TC_SHEPLERS_CPLS_013" time="49.262" classname="com.sheplers.testscripts.categorypage.CategoryProductLandingPage"/>
  <testcase name="TC_SHEPLERS_CPLS_045" time="64.851" classname="com.sheplers.testscripts.categorypage.CategoryProductLandingPage"/>
  <testcase name="TC_SHEPLERS_CPLS_037" time="62.234" classname="com.sheplers.testscripts.categorypage.CategoryProductLandingPage"/>
  <testcase name="TC_SHEPLERS_CPLS_019" time="40.476" classname="com.sheplers.testscripts.categorypage.CategoryProductLandingPage"/>
  <testcase name="TC_SHEPLERS_CPLS_044" time="62.534" classname="com.sheplers.testscripts.categorypage.CategoryProductLandingPage"/>
  <testcase name="TC_SHEPLERS_CPLS_041" time="64.298" classname="com.sheplers.testscripts.categorypage.CategoryProductLandingPage"/>
  <testcase name="TC_SHEPLERS_CPLS_017" time="47.464" classname="com.sheplers.testscripts.categorypage.CategoryProductLandingPage"/>
  <testcase name="TC_SHEPLERS_CPLS_033" time="10.808" classname="com.sheplers.testscripts.categorypage.CategoryProductLandingPage"/>
  <testcase name="TC_SHEPLERS_CPLS_039" time="55.648" classname="com.sheplers.testscripts.categorypage.CategoryProductLandingPage"/>
  <testcase name="TC_SHEPLERS_CPLS_011" time="23.528" classname="com.sheplers.testscripts.categorypage.CategoryProductLandingPage"/>
  <testcase name="TC_SHEPLERS_CPLS_029" time="42.853" classname="com.sheplers.testscripts.categorypage.CategoryProductLandingPage"/>
  <testcase name="TC_SHEPLERS_CPLS_025" time="42.602" classname="com.sheplers.testscripts.categorypage.CategoryProductLandingPage"/>
  <testcase name="TC_SHEPLERS_CPLS_035" time="70.465" classname="com.sheplers.testscripts.categorypage.CategoryProductLandingPage"/>
  <testcase name="TC_SHEPLERS_CPLS_007" time="31.581" classname="com.sheplers.testscripts.categorypage.CategoryProductLandingPage"/>
  <testcase name="TC_SHEPLERS_CPLS_061" time="39.157" classname="com.sheplers.testscripts.categorypage.CategoryProductLandingPage"/>
  <testcase name="TC_SHEPLERS_CPLS_031" time="18.803" classname="com.sheplers.testscripts.categorypage.CategoryProductLandingPage">
    <failure type="java.lang.AssertionError" message="3. % of Total savings is displayed for Sale exclusions products, please check the log event ">
      <![CDATA[java.lang.AssertionError: 3. % of Total savings is displayed for Sale exclusions products, please check the log event 
	at org.testng.Assert.fail(Assert.java:93)
	at com.sheplers.support.Log.fail(Log.java:514)
	at com.sheplers.support.Log.assertThat(Log.java:692)
	at com.sheplers.testscripts.categorypage.CategoryProductLandingPage.TC_SHEPLERS_CPLS_031(CategoryProductLandingPage.java:1960)
	at sun.reflect.NativeMethodAccessorImpl.invoke0(Native Method)
	at sun.reflect.NativeMethodAccessorImpl.invoke(Unknown Source)
	at sun.reflect.DelegatingMethodAccessorImpl.invoke(Unknown Source)
	at java.lang.reflect.Method.invoke(Unknown Source)
	at org.testng.internal.MethodInvocationHelper.invokeMethod(MethodInvocationHelper.java:108)
	at org.testng.internal.Invoker.invokeMethod(Invoker.java:661)
	at org.testng.internal.Invoker.invokeTestMethod(Invoker.java:869)
	at org.testng.internal.TestMethodWithDataProviderMethodWorker.call(TestMethodWithDataProviderMethodWorker.java:75)
	at org.testng.internal.TestMethodWithDataProviderMethodWorker.call(TestMethodWithDataProviderMethodWorker.java:14)
	at java.util.concurrent.FutureTask.run(Unknown Source)
	at java.util.concurrent.Executors$RunnableAdapter.call(Unknown Source)
	at java.util.concurrent.FutureTask.run(Unknown Source)
	at java.util.concurrent.ThreadPoolExecutor.runWorker(Unknown Source)
	at java.util.concurrent.ThreadPoolExecutor$Worker.run(Unknown Source)
	at java.lang.Thread.run(Unknown Source)
]]>
    </failure>
  </testcase> <!-- TC_SHEPLERS_CPLS_031 -->
  <testcase name="TC_SHEPLERS_CPLS_008" time="52.511" classname="com.sheplers.testscripts.categorypage.CategoryProductLandingPage"/>
  <testcase name="TC_SHEPLERS_CPLS_028" time="42.877" classname="com.sheplers.testscripts.categorypage.CategoryProductLandingPage"/>
  <testcase name="TC_SHEPLERS_CPLS_012" time="29.626" classname="com.sheplers.testscripts.categorypage.CategoryProductLandingPage"/>
  <testcase name="TC_SHEPLERS_CPLS_016" time="46.627" classname="com.sheplers.testscripts.categorypage.CategoryProductLandingPage"/>
  <testcase name="TC_SHEPLERS_CPLS_062" time="40.155" classname="com.sheplers.testscripts.categorypage.CategoryProductLandingPage"/>
  <testcase name="TC_SHEPLERS_CPLS_040" time="59.532" classname="com.sheplers.testscripts.categorypage.CategoryProductLandingPage"/>
  <testcase name="TC_SHEPLERS_CPLS_038" time="59.202" classname="com.sheplers.testscripts.categorypage.CategoryProductLandingPage"/>
  <testcase name="TC_SHEPLERS_CPLS_060" time="24.895" classname="com.sheplers.testscripts.categorypage.CategoryProductLandingPage"/>
  <testcase name="TC_SHEPLERS_CPLS_018" time="48.542" classname="com.sheplers.testscripts.categorypage.CategoryProductLandingPage"/>
  <testcase name="TC_SHEPLERS_CPLS_006" time="38.314" classname="com.sheplers.testscripts.categorypage.CategoryProductLandingPage"/>
  <testcase name="TC_SHEPLERS_CPLS_022" time="48.334" classname="com.sheplers.testscripts.categorypage.CategoryProductLandingPage"/>
  <testcase name="TC_SHEPLERS_CPLS_023" time="47.972" classname="com.sheplers.testscripts.categorypage.CategoryProductLandingPage"/>
  <testcase name="TC_SHEPLERS_CPLS_004" time="30.562" classname="com.sheplers.testscripts.categorypage.CategoryProductLandingPage"/>
  <testcase name="TC_SHEPLERS_CPLS_024" time="47.552" classname="com.sheplers.testscripts.categorypage.CategoryProductLandingPage"/>
  <testcase name="TC_SHEPLERS_CPLS_009" time="46.977" classname="com.sheplers.testscripts.categorypage.CategoryProductLandingPage"/>
  <testcase name="TC_SHEPLERS_CPLS_027" time="30.381" classname="com.sheplers.testscripts.categorypage.CategoryProductLandingPage"/>
  <testcase name="TC_SHEPLERS_CPLS_032" time="45.003" classname="com.sheplers.testscripts.categorypage.CategoryProductLandingPage"/>
  <testcase name="TC_SHEPLERS_CPLS_020" time="45.434" classname="com.sheplers.testscripts.categorypage.CategoryProductLandingPage"/>
  <testcase name="TC_SHEPLERS_CPLS_015" time="67.139" classname="com.sheplers.testscripts.categorypage.CategoryProductLandingPage"/>
</testsuite> <!-- com.sheplers.testscripts.categorypage.CategoryProductLandingPage -->
