<?xml version="1.0" encoding="UTF-8"?>
<!-- Generated by org.testng.reporters.JUnitXMLReporter -->
<testsuite hostname="Aspire1698" ignored="43" name="Full - Regression (Desktop)" tests="456" failures="37" timestamp="28 Jul 2017 23:48:57 GMT" time="37364.956" errors="0">
  <testcase name="TC_SHEPLERS_HEADERS_001" time="5.764" classname="com.sheplers.testscripts.globalnavigation.Headers"/>
  <testcase name="TC_SHEPLERS_HEADERS_002" time="8.532" classname="com.sheplers.testscripts.globalnavigation.Headers"/>
  <testcase name="TC_SHEPLERS_HEADERS_003" time="6.449" classname="com.sheplers.testscripts.globalnavigation.Headers"/>
  <testcase name="TC_SHEPLERS_HEADERS_004" time="11.649" classname="com.sheplers.testscripts.globalnavigation.Headers"/>
  <testcase name="TC_SHEPLERS_HEADERS_005" time="9.785" classname="com.sheplers.testscripts.globalnavigation.Headers"/>
  <testcase name="TC_SHEPLERS_HEADERS_006" time="10.765" classname="com.sheplers.testscripts.globalnavigation.Headers"/>
  <testcase name="TC_SHEPLERS_HEADERS_007" time="10.476" classname="com.sheplers.testscripts.globalnavigation.Headers"/>
  <testcase name="TC_SHEPLERS_HEADERS_008" time="33.989" classname="com.sheplers.testscripts.globalnavigation.Headers"/>
  <testcase name="TC_SHEPLERS_HEADERS_009" time="9.491" classname="com.sheplers.testscripts.globalnavigation.Headers"/>
  <testcase name="TC_SHEPLERS_HEADERS_010" time="6.089" classname="com.sheplers.testscripts.globalnavigation.Headers"/>
  <testcase name="TC_SHEPLERS_HEADERS_011" time="9.447" classname="com.sheplers.testscripts.globalnavigation.Headers"/>
  <testcase name="TC_SHEPLERS_HEADERS_012" time="7.794" classname="com.sheplers.testscripts.globalnavigation.Headers"/>
  <testcase name="TC_SHEPLERS_HEADERS_013" time="19.973" classname="com.sheplers.testscripts.globalnavigation.Headers"/>
  <testcase name="TC_SHEPLERS_HEADERS_014" time="67.335" classname="com.sheplers.testscripts.globalnavigation.Headers"/>
  <testcase name="TC_SHEPLERS_HEADERS_015" time="21.257" classname="com.sheplers.testscripts.globalnavigation.Headers"/>
  <testcase name="TC_SHEPLERS_HEADERS_016" time="45.595" classname="com.sheplers.testscripts.globalnavigation.Headers"/>
  <testcase name="TC_SHEPLERS_HEADERS_017" time="8.496" classname="com.sheplers.testscripts.globalnavigation.Headers"/>
  <testcase name="TC_SHEPLERS_HEADERS_018" time="19.38" classname="com.sheplers.testscripts.globalnavigation.Headers"/>
  <testcase name="TC_SHEPLERS_HEADERS_022" time="6.167" classname="com.sheplers.testscripts.globalnavigation.Headers"/>
  <testcase name="TC_SHEPLERS_HEADERS_023" time="13.657" classname="com.sheplers.testscripts.globalnavigation.Headers"/>
  <testcase name="TC_SHEPLERS_HEADERS_024" time="25.464" classname="com.sheplers.testscripts.globalnavigation.Headers"/>
  <testcase name="TC_SHEPLERS_SD_001" time="106.737" classname="com.sheplers.testscripts.cartcheckoutsection.ShippingDetails"/>
  <testcase name="TC_SHEPLERS_SD_002" time="161.178" classname="com.sheplers.testscripts.cartcheckoutsection.ShippingDetails"/>
  <testcase name="TC_SHEPLERS_SD_003" time="144.789" classname="com.sheplers.testscripts.cartcheckoutsection.ShippingDetails"/>
  <testcase name="TC_SHEPLERS_SD_004" time="152.593" classname="com.sheplers.testscripts.cartcheckoutsection.ShippingDetails"/>
  <testcase name="TC_SHEPLERS_SD_005" time="184.522" classname="com.sheplers.testscripts.cartcheckoutsection.ShippingDetails"/>
  <testcase name="TC_SHEPLERS_SD_006" time="68.168" classname="com.sheplers.testscripts.cartcheckoutsection.ShippingDetails"/>
  <testcase name="TC_SHEPLERS_SD_007" time="124.899" classname="com.sheplers.testscripts.cartcheckoutsection.ShippingDetails"/>
  <testcase name="TC_SHEPLERS_SD_008" time="128.736" classname="com.sheplers.testscripts.cartcheckoutsection.ShippingDetails"/>
  <testcase name="TC_SHEPLERS_SD_009" time="74.231" classname="com.sheplers.testscripts.cartcheckoutsection.ShippingDetails"/>
  <testcase name="TC_SHEPLERS_SD_010" time="134.227" classname="com.sheplers.testscripts.cartcheckoutsection.ShippingDetails"/>
  <testcase name="TC_SHEPLERS_SD_011" time="147.325" classname="com.sheplers.testscripts.cartcheckoutsection.ShippingDetails"/>
  <testcase name="TC_SHEPLERS_SD_012" time="82.55" classname="com.sheplers.testscripts.cartcheckoutsection.ShippingDetails"/>
  <testcase name="TC_SHEPLERS_SD_013" time="78.835" classname="com.sheplers.testscripts.cartcheckoutsection.ShippingDetails"/>
  <testcase name="TC_SHEPLERS_SD_014" time="147.958" classname="com.sheplers.testscripts.cartcheckoutsection.ShippingDetails"/>
  <testcase name="TC_SHEPLERS_SD_015" time="151.258" classname="com.sheplers.testscripts.cartcheckoutsection.ShippingDetails"/>
  <testcase name="TC_SHEPLERS_SD_016" time="120.183" classname="com.sheplers.testscripts.cartcheckoutsection.ShippingDetails"/>
  <testcase name="TC_SHEPLERS_SD_017" time="183.464" classname="com.sheplers.testscripts.cartcheckoutsection.ShippingDetails"/>
  <testcase name="TC_SHEPLERS_SD_018" time="137.272" classname="com.sheplers.testscripts.cartcheckoutsection.ShippingDetails"/>
  <testcase name="TC_SHEPLERS_SD_019" time="185.954" classname="com.sheplers.testscripts.cartcheckoutsection.ShippingDetails"/>
  <testcase name="TC_SHEPLERS_SD_020" time="71.389" classname="com.sheplers.testscripts.cartcheckoutsection.ShippingDetails"/>
  <testcase name="TC_SHEPLERS_SD_021" time="129.485" classname="com.sheplers.testscripts.cartcheckoutsection.ShippingDetails"/>
  <testcase name="TC_SHEPLERS_SD_022" time="107.29" classname="com.sheplers.testscripts.cartcheckoutsection.ShippingDetails"/>
  <testcase name="TC_SHEPLERS_SD_023" time="107.372" classname="com.sheplers.testscripts.cartcheckoutsection.ShippingDetails"/>
  <testcase name="TC_SHEPLERS_SD_024" time="163.383" classname="com.sheplers.testscripts.cartcheckoutsection.ShippingDetails"/>
  <testcase name="TC_SHEPLERS_SD_025" time="143.158" classname="com.sheplers.testscripts.cartcheckoutsection.ShippingDetails"/>
  <testcase name="TC_SHEPLERS_SD_026" time="148.52" classname="com.sheplers.testscripts.cartcheckoutsection.ShippingDetails"/>
  <testcase name="TC_SHEPLERS_SD_027" time="95.338" classname="com.sheplers.testscripts.cartcheckoutsection.ShippingDetails"/>
  <testcase name="TC_SHEPLERS_SD_028" time="135.726" classname="com.sheplers.testscripts.cartcheckoutsection.ShippingDetails"/>
  <testcase name="TC_SHEPLERS_PMS_001" time="38.356" classname="com.sheplers.testscripts.myaccount.PaymentMethodSettings"/>
  <testcase name="TC_SHEPLERS_PMS_002" time="34.669" classname="com.sheplers.testscripts.myaccount.PaymentMethodSettings"/>
  <testcase name="TC_SHEPLERS_PMS_003" time="32.05" classname="com.sheplers.testscripts.myaccount.PaymentMethodSettings"/>
  <testcase name="TC_SHEPLERS_PMS_004" time="33.953" classname="com.sheplers.testscripts.myaccount.PaymentMethodSettings"/>
  <testcase name="TC_SHEPLERS_PMS_005" time="30.821" classname="com.sheplers.testscripts.myaccount.PaymentMethodSettings"/>
  <testcase name="TC_SHEPLERS_PMS_006" time="37.32" classname="com.sheplers.testscripts.myaccount.PaymentMethodSettings"/>
  <testcase name="TC_SHEPLERS_PMS_007" time="114.135" classname="com.sheplers.testscripts.myaccount.PaymentMethodSettings"/>
  <testcase name="TC_SHEPLERS_PMS_008" time="38.14" classname="com.sheplers.testscripts.myaccount.PaymentMethodSettings"/>
  <testcase name="TC_SHEPLERS_PMS_009" time="43.527" classname="com.sheplers.testscripts.myaccount.PaymentMethodSettings"/>
  <testcase name="TC_SHEPLERS_PMS_010" time="36.529" classname="com.sheplers.testscripts.myaccount.PaymentMethodSettings"/>
  <testcase name="TC_SHEPLERS_PMS_012" time="29.717" classname="com.sheplers.testscripts.myaccount.PaymentMethodSettings"/>
  <testcase name="TC_SHEPLERS_PMS_013" time="37.941" classname="com.sheplers.testscripts.myaccount.PaymentMethodSettings"/>
  <testcase name="TC_SHEPLERS_PMS_014" time="42.015" classname="com.sheplers.testscripts.myaccount.PaymentMethodSettings"/>
  <testcase name="TC_SHEPLERS_PMS_015" time="46.103" classname="com.sheplers.testscripts.myaccount.PaymentMethodSettings"/>
  <testcase name="TC_SHEPLERS_ACE_001" time="14.949" classname="com.sheplers.testscripts.myaccount.AccountCreation"/>
  <testcase name="TC_SHEPLERS_ACE_002" time="25.857" classname="com.sheplers.testscripts.myaccount.AccountCreation"/>
  <testcase name="TC_SHEPLERS_ACE_003" time="20.302" classname="com.sheplers.testscripts.myaccount.AccountCreation"/>
  <testcase name="TC_SHEPLERS_ACE_004" time="39.869" classname="com.sheplers.testscripts.myaccount.AccountCreation">
    <failure type="java.lang.AssertionError" message="My Account page did not open up.">
      <![CDATA[java.lang.AssertionError: My Account page did not open up.
	at org.testng.Assert.fail(Assert.java:93)
	at com.sheplers.support.Log.fail(Log.java:514)
	at com.sheplers.pages.MyAccountPage.isLoaded(MyAccountPage.java:236)
	at org.openqa.selenium.support.ui.LoadableComponent.get(LoadableComponent.java:52)
	at com.sheplers.pages.SignIn.createAccount(SignIn.java:432)
	at com.sheplers.testscripts.myaccount.AccountCreation.TC_SHEPLERS_ACE_004(AccountCreation.java:328)
	at sun.reflect.NativeMethodAccessorImpl.invoke0(Native Method)
	at sun.reflect.NativeMethodAccessorImpl.invoke(Unknown Source)
	at sun.reflect.DelegatingMethodAccessorImpl.invoke(Unknown Source)
	at java.lang.reflect.Method.invoke(Unknown Source)
	at org.testng.internal.MethodInvocationHelper.invokeMethod(MethodInvocationHelper.java:108)
	at org.testng.internal.Invoker.invokeMethod(Invoker.java:661)
	at org.testng.internal.Invoker.invokeTestMethod(Invoker.java:869)
	at org.testng.internal.TestMethodWithDataProviderMethodWorker.call(TestMethodWithDataProviderMethodWorker.java:75)
	at org.testng.internal.TestMethodWithDataProviderMethodWorker.call(TestMethodWithDataProviderMethodWorker.java:14)
	at java.util.concurrent.FutureTask.run(Unknown Source)
	at java.util.concurrent.Executors$RunnableAdapter.call(Unknown Source)
	at java.util.concurrent.FutureTask.run(Unknown Source)
	at java.util.concurrent.ThreadPoolExecutor.runWorker(Unknown Source)
	at java.util.concurrent.ThreadPoolExecutor$Worker.run(Unknown Source)
	at java.lang.Thread.run(Unknown Source)
]]>
    </failure>
  </testcase> <!-- TC_SHEPLERS_ACE_004 -->
  <testcase name="TC_SHEPLERS_ACE_005" time="32.669" classname="com.sheplers.testscripts.myaccount.AccountCreation"/>
  <testcase name="TC_SHEPLERS_ACE_006" time="44.307" classname="com.sheplers.testscripts.myaccount.AccountCreation"/>
  <testcase name="TC_SHEPLERS_ACE_007" time="39.355" classname="com.sheplers.testscripts.myaccount.AccountCreation"/>
  <testcase name="TC_SHEPLERS_ACE_008" time="49.323" classname="com.sheplers.testscripts.myaccount.AccountCreation"/>
  <testcase name="TC_SHEPLERS_ACE_009" time="45.003" classname="com.sheplers.testscripts.myaccount.AccountCreation"/>
  <testcase name="TC_SHEPLERS_ACE_010" time="51.276" classname="com.sheplers.testscripts.myaccount.AccountCreation"/>
  <testcase name="TC_SHEPLERS_ACE_011" time="48.61" classname="com.sheplers.testscripts.myaccount.AccountCreation"/>
  <testcase name="TC_SHEPLERS_ACE_012" time="52.493" classname="com.sheplers.testscripts.myaccount.AccountCreation"/>
  <testcase name="TC_SHEPLERS_ACE_013" time="50.193" classname="com.sheplers.testscripts.myaccount.AccountCreation"/>
  <testcase name="TC_SHEPLERS_ACE_014" time="67.291" classname="com.sheplers.testscripts.myaccount.AccountCreation"/>
  <testcase name="TC_SHEPLERS_ACE_015" time="68.173" classname="com.sheplers.testscripts.myaccount.AccountCreation"/>
  <testcase name="TC_SHEPLERS_ACE_016" time="70.411" classname="com.sheplers.testscripts.myaccount.AccountCreation"/>
  <testcase name="TC_SHEPLERS_ACE_017" time="45.692" classname="com.sheplers.testscripts.myaccount.AccountCreation"/>
  <testcase name="TC_SHEPLERS_ACE_018" time="48.396" classname="com.sheplers.testscripts.myaccount.AccountCreation"/>
  <testcase name="TC_SHEPLERS_ACE_019" time="54.48" classname="com.sheplers.testscripts.myaccount.AccountCreation"/>
  <testcase name="TC_SHEPLERS_ACE_021" time="31.959" classname="com.sheplers.testscripts.myaccount.AccountCreation"/>
  <testcase name="TC_SHEPLERS_ACE_022" time="43.009" classname="com.sheplers.testscripts.myaccount.AccountCreation"/>
  <testcase name="TC_SHEPLERS_ACE_023" time="44.875" classname="com.sheplers.testscripts.myaccount.AccountCreation"/>
  <testcase name="TC_SHEPLERS_ACE_024" time="53.488" classname="com.sheplers.testscripts.myaccount.AccountCreation"/>
  <testcase name="TC_SHEPLERS_ACE_025" time="15.881" classname="com.sheplers.testscripts.myaccount.AccountCreation"/>
  <testcase name="TC_SHEPLERS_ACE_027" time="15.194" classname="com.sheplers.testscripts.myaccount.AccountCreation"/>
  <testcase name="TC_SHEPLERS_ACE_028" time="15.628" classname="com.sheplers.testscripts.myaccount.AccountCreation"/>
  <testcase name="TC_SHEPLERS_ACE_029" time="60.477" classname="com.sheplers.testscripts.myaccount.AccountCreation"/>
  <testcase name="TC_SHEPLERS_ACE_030" time="122.244" classname="com.sheplers.testscripts.myaccount.AccountCreation"/>
  <testcase name="TC_SHEPLERS_ACE_031" time="27.563" classname="com.sheplers.testscripts.myaccount.AccountCreation"/>
  <testcase name="TC_SHEPLERS_AN_001" time="21.591" classname="com.sheplers.testscripts.myaccount.AccountNavigation"/>
  <testcase name="TC_SHEPLERS_AN_002" time="26.983" classname="com.sheplers.testscripts.myaccount.AccountNavigation"/>
  <testcase name="TC_SHEPLERS_AN_003" time="23.692" classname="com.sheplers.testscripts.myaccount.AccountNavigation"/>
  <testcase name="TC_SHEPLERS_AN_004" time="21.794" classname="com.sheplers.testscripts.myaccount.AccountNavigation"/>
  <testcase name="TC_SHEPLERS_AN_005" time="28.501" classname="com.sheplers.testscripts.myaccount.AccountNavigation"/>
  <testcase name="TC_SHEPLERS_AN_006" time="41.437" classname="com.sheplers.testscripts.myaccount.AccountNavigation"/>
  <testcase name="TC_SHEPLERS_AN_007" time="28.028" classname="com.sheplers.testscripts.myaccount.AccountNavigation"/>
  <testcase name="TC_SHEPLERS_AN_008" time="41.494" classname="com.sheplers.testscripts.myaccount.AccountNavigation"/>
  <testcase name="TC_SHEPLERS_AN_009" time="31.743" classname="com.sheplers.testscripts.myaccount.AccountNavigation"/>
  <testcase name="TC_SHEPLERS_OP_001" time="169.735" classname="com.sheplers.testscripts.cartcheckoutsection.OrderPlacement"/>
  <testcase name="TC_SHEPLERS_OP_002" time="177.36" classname="com.sheplers.testscripts.cartcheckoutsection.OrderPlacement"/>
  <testcase name="TC_SHEPLERS_OP_003" time="247.683" classname="com.sheplers.testscripts.cartcheckoutsection.OrderPlacement"/>
  <testcase name="TC_SHEPLERS_OP_004" time="220.252" classname="com.sheplers.testscripts.cartcheckoutsection.OrderPlacement"/>
  <testcase name="TC_SHEPLERS_OP_005" time="217.229" classname="com.sheplers.testscripts.cartcheckoutsection.OrderPlacement"/>
  <testcase name="TC_SHEPLERS_OP_006" time="226.878" classname="com.sheplers.testscripts.cartcheckoutsection.OrderPlacement"/>
  <testcase name="TC_SHEPLERS_OP_007" time="188.557" classname="com.sheplers.testscripts.cartcheckoutsection.OrderPlacement"/>
  <testcase name="TC_SHEPLERS_OP_008" time="61.375" classname="com.sheplers.testscripts.cartcheckoutsection.OrderPlacement">
    <failure type="java.lang.AssertionError" message="6. Category grid page not displayed as expected, plz check the event log">
      <![CDATA[java.lang.AssertionError: 6. Category grid page not displayed as expected, plz check the event log
	at org.testng.Assert.fail(Assert.java:93)
	at com.sheplers.support.Log.fail(Log.java:514)
	at com.sheplers.support.Log.assertThat(Log.java:692)
	at com.sheplers.testscripts.cartcheckoutsection.OrderPlacement.TC_SHEPLERS_OP_008(OrderPlacement.java:2792)
	at sun.reflect.NativeMethodAccessorImpl.invoke0(Native Method)
	at sun.reflect.NativeMethodAccessorImpl.invoke(Unknown Source)
	at sun.reflect.DelegatingMethodAccessorImpl.invoke(Unknown Source)
	at java.lang.reflect.Method.invoke(Unknown Source)
	at org.testng.internal.MethodInvocationHelper.invokeMethod(MethodInvocationHelper.java:108)
	at org.testng.internal.Invoker.invokeMethod(Invoker.java:661)
	at org.testng.internal.Invoker.invokeTestMethod(Invoker.java:869)
	at org.testng.internal.TestMethodWithDataProviderMethodWorker.call(TestMethodWithDataProviderMethodWorker.java:75)
	at org.testng.internal.TestMethodWithDataProviderMethodWorker.call(TestMethodWithDataProviderMethodWorker.java:14)
	at java.util.concurrent.FutureTask.run(Unknown Source)
	at java.util.concurrent.Executors$RunnableAdapter.call(Unknown Source)
	at java.util.concurrent.FutureTask.run(Unknown Source)
	at java.util.concurrent.ThreadPoolExecutor.runWorker(Unknown Source)
	at java.util.concurrent.ThreadPoolExecutor$Worker.run(Unknown Source)
	at java.lang.Thread.run(Unknown Source)
]]>
    </failure>
  </testcase> <!-- TC_SHEPLERS_OP_008 -->
  <testcase name="TC_SHEPLERS_OP_009" time="223.148" classname="com.sheplers.testscripts.cartcheckoutsection.OrderPlacement"/>
  <testcase name="TC_SHEPLERS_OP_010" time="203.427" classname="com.sheplers.testscripts.cartcheckoutsection.OrderPlacement"/>
  <testcase name="TC_SHEPLERS_OP_011" time="195.59" classname="com.sheplers.testscripts.cartcheckoutsection.OrderPlacement"/>
  <testcase name="TC_SHEPLERS_OP_012" time="231.02" classname="com.sheplers.testscripts.cartcheckoutsection.OrderPlacement"/>
  <testcase name="TC_SHEPLERS_OP_013" time="183.925" classname="com.sheplers.testscripts.cartcheckoutsection.OrderPlacement"/>
  <testcase name="TC_SHEPLERS_OP_014" time="198.518" classname="com.sheplers.testscripts.cartcheckoutsection.OrderPlacement"/>
  <testcase name="TC_SHEPLERS_OP_015" time="187.637" classname="com.sheplers.testscripts.cartcheckoutsection.OrderPlacement"/>
  <testcase name="TC_SHEPLERS_OP_016" time="215.114" classname="com.sheplers.testscripts.cartcheckoutsection.OrderPlacement"/>
  <testcase name="TC_SHEPLERS_OP_017" time="250.833" classname="com.sheplers.testscripts.cartcheckoutsection.OrderPlacement"/>
  <testcase name="TC_SHEPLERS_OP_018" time="170.102" classname="com.sheplers.testscripts.cartcheckoutsection.OrderPlacement"/>
  <testcase name="TC_SHEPLERS_OP_019" time="143.58" classname="com.sheplers.testscripts.cartcheckoutsection.OrderPlacement"/>
  <testcase name="TC_SHEPLERS_OP_020" time="237.179" classname="com.sheplers.testscripts.cartcheckoutsection.OrderPlacement"/>
  <testcase name="TC_SHEPLERS_OP_021" time="501.457" classname="com.sheplers.testscripts.cartcheckoutsection.OrderPlacement"/>
  <testcase name="TC_SHEPLERS_OP_022" time="429.341" classname="com.sheplers.testscripts.cartcheckoutsection.OrderPlacement"/>
  <testcase name="TC_SHEPLERS_OP_023" time="424.823" classname="com.sheplers.testscripts.cartcheckoutsection.OrderPlacement"/>
  <testcase name="TC_SHEPLERS_OP_024" time="447.9" classname="com.sheplers.testscripts.cartcheckoutsection.OrderPlacement"/>
  <testcase name="TC_SHEPLERS_OP_025" time="572.448" classname="com.sheplers.testscripts.cartcheckoutsection.OrderPlacement"/>
  <testcase name="TC_SHEPLERS_OP_026" time="626.032" classname="com.sheplers.testscripts.cartcheckoutsection.OrderPlacement"/>
  <testcase name="TC_SHEPLERS_OP_027" time="226.892" classname="com.sheplers.testscripts.cartcheckoutsection.OrderPlacement"/>
  <testcase name="TC_SHEPLERS_OP_028" time="155.003" classname="com.sheplers.testscripts.cartcheckoutsection.OrderPlacement"/>
  <testcase name="TC_SHEPLERS_OP_029" time="143.708" classname="com.sheplers.testscripts.cartcheckoutsection.OrderPlacement"/>
  <testcase name="TC_SHEPLERS_OP_030" time="136.147" classname="com.sheplers.testscripts.cartcheckoutsection.OrderPlacement"/>
  <testcase name="TC_SHEPLERS_OP_031" time="178.037" classname="com.sheplers.testscripts.cartcheckoutsection.OrderPlacement"/>
  <testcase name="TC_SHEPLERS_OP_032" time="142.568" classname="com.sheplers.testscripts.cartcheckoutsection.OrderPlacement"/>
  <testcase name="TC_SHEPLERS_OP_033" time="180.329" classname="com.sheplers.testscripts.cartcheckoutsection.OrderPlacement"/>
  <testcase name="TC_SHEPLERS_OP_034" time="343.733" classname="com.sheplers.testscripts.cartcheckoutsection.OrderPlacement"/>
  <testcase name="TC_SHEPLERS_OP_035" time="424.657" classname="com.sheplers.testscripts.cartcheckoutsection.OrderPlacement"/>
  <testcase name="TC_SHEPLERS_OP_036" time="339.663" classname="com.sheplers.testscripts.cartcheckoutsection.OrderPlacement"/>
  <testcase name="TC_SHEPLERS_OP_037" time="402.896" classname="com.sheplers.testscripts.cartcheckoutsection.OrderPlacement"/>
  <testcase name="TC_SHEPLERS_OP_038" time="406.711" classname="com.sheplers.testscripts.cartcheckoutsection.OrderPlacement"/>
  <testcase name="TC_SHEPLERS_OP_039" time="260.34" classname="com.sheplers.testscripts.cartcheckoutsection.OrderPlacement"/>
  <testcase name="TC_SHEPLERS_OP_040" time="96.806" classname="com.sheplers.testscripts.cartcheckoutsection.OrderPlacement">
    <failure type="java.lang.AssertionError" message="19. Shipping price for the &amp;apos;ENGLAND&amp;apos; address is not displayed properly, Plz check the log event">
      <![CDATA[java.lang.AssertionError: 19. Shipping price for the 'ENGLAND' address is not displayed properly, Plz check the log event
	at org.testng.Assert.fail(Assert.java:93)
	at com.sheplers.support.Log.fail(Log.java:514)
	at com.sheplers.support.Log.assertThat(Log.java:692)
	at com.sheplers.testscripts.cartcheckoutsection.OrderPlacement.TC_SHEPLERS_OP_040(OrderPlacement.java:14703)
	at sun.reflect.NativeMethodAccessorImpl.invoke0(Native Method)
	at sun.reflect.NativeMethodAccessorImpl.invoke(Unknown Source)
	at sun.reflect.DelegatingMethodAccessorImpl.invoke(Unknown Source)
	at java.lang.reflect.Method.invoke(Unknown Source)
	at org.testng.internal.MethodInvocationHelper.invokeMethod(MethodInvocationHelper.java:108)
	at org.testng.internal.Invoker.invokeMethod(Invoker.java:661)
	at org.testng.internal.Invoker.invokeTestMethod(Invoker.java:869)
	at org.testng.internal.TestMethodWithDataProviderMethodWorker.call(TestMethodWithDataProviderMethodWorker.java:75)
	at org.testng.internal.TestMethodWithDataProviderMethodWorker.call(TestMethodWithDataProviderMethodWorker.java:14)
	at java.util.concurrent.FutureTask.run(Unknown Source)
	at java.util.concurrent.Executors$RunnableAdapter.call(Unknown Source)
	at java.util.concurrent.FutureTask.run(Unknown Source)
	at java.util.concurrent.ThreadPoolExecutor.runWorker(Unknown Source)
	at java.util.concurrent.ThreadPoolExecutor$Worker.run(Unknown Source)
	at java.lang.Thread.run(Unknown Source)
]]>
    </failure>
  </testcase> <!-- TC_SHEPLERS_OP_040 -->
  <testcase name="TC_SHEPLERS_OP_041" time="176.092" classname="com.sheplers.testscripts.cartcheckoutsection.OrderPlacement"/>
  <testcase name="TC_SHEPLERS_OP_042" time="38.968" classname="com.sheplers.testscripts.cartcheckoutsection.OrderPlacement">
    <failure type="java.lang.Exception" message="btn Quantity not found in page!!">
      <![CDATA[java.lang.Exception: btn Quantity not found in page!!
	at com.sheplers.support.BrowserActions.clickOnElement(BrowserActions.java:146)
	at com.sheplers.pages.PdpPage.quantityChangePlusOne(PdpPage.java:2898)
	at com.sheplers.testscripts.cartcheckoutsection.OrderPlacement.TC_SHEPLERS_OP_042(OrderPlacement.java:15400)
	at sun.reflect.NativeMethodAccessorImpl.invoke0(Native Method)
	at sun.reflect.NativeMethodAccessorImpl.invoke(Unknown Source)
	at sun.reflect.DelegatingMethodAccessorImpl.invoke(Unknown Source)
	at java.lang.reflect.Method.invoke(Unknown Source)
	at org.testng.internal.MethodInvocationHelper.invokeMethod(MethodInvocationHelper.java:108)
	at org.testng.internal.Invoker.invokeMethod(Invoker.java:661)
	at org.testng.internal.Invoker.invokeTestMethod(Invoker.java:869)
	at org.testng.internal.TestMethodWithDataProviderMethodWorker.call(TestMethodWithDataProviderMethodWorker.java:75)
	at org.testng.internal.TestMethodWithDataProviderMethodWorker.call(TestMethodWithDataProviderMethodWorker.java:14)
	at java.util.concurrent.FutureTask.run(Unknown Source)
	at java.util.concurrent.Executors$RunnableAdapter.call(Unknown Source)
	at java.util.concurrent.FutureTask.run(Unknown Source)
	at java.util.concurrent.ThreadPoolExecutor.runWorker(Unknown Source)
	at java.util.concurrent.ThreadPoolExecutor$Worker.run(Unknown Source)
	at java.lang.Thread.run(Unknown Source)
]]>
    </failure>
  </testcase> <!-- TC_SHEPLERS_OP_042 -->
  <testcase name="TC_SHEPLERS_OP_043" time="216.39" classname="com.sheplers.testscripts.cartcheckoutsection.OrderPlacement"/>
  <testcase name="TC_SHEPLERS_OP_044" time="202.652" classname="com.sheplers.testscripts.cartcheckoutsection.OrderPlacement"/>
  <testcase name="TC_SHEPLERS_OP_045" time="181.941" classname="com.sheplers.testscripts.cartcheckoutsection.OrderPlacement"/>
  <testcase name="TC_SHEPLERS_OP_046" time="174.367" classname="com.sheplers.testscripts.cartcheckoutsection.OrderPlacement"/>
  <testcase name="TC_SHEPLERS_OP_047" time="182.671" classname="com.sheplers.testscripts.cartcheckoutsection.OrderPlacement"/>
  <testcase name="TC_SHEPLERS_OP_048" time="170.991" classname="com.sheplers.testscripts.cartcheckoutsection.OrderPlacement"/>
  <testcase name="TC_SHEPLERS_OP_049" time="164.936" classname="com.sheplers.testscripts.cartcheckoutsection.OrderPlacement"/>
  <testcase name="TC_SHEPLERS_OP_050" time="167.032" classname="com.sheplers.testscripts.cartcheckoutsection.OrderPlacement"/>
  <testcase name="TC_SHEPLERS_OP_051" time="153.527" classname="com.sheplers.testscripts.cartcheckoutsection.OrderPlacement"/>
  <testcase name="TC_SHEPLERS_OP_052" time="176.497" classname="com.sheplers.testscripts.cartcheckoutsection.OrderPlacement"/>
  <testcase name="TC_SHEPLERS_OP_053" time="153.667" classname="com.sheplers.testscripts.cartcheckoutsection.OrderPlacement"/>
  <testcase name="TC_SHEPLERS_OP_054" time="138.105" classname="com.sheplers.testscripts.cartcheckoutsection.OrderPlacement"/>
  <testcase name="TC_SHEPLERS_OP_055" time="155.472" classname="com.sheplers.testscripts.cartcheckoutsection.OrderPlacement"/>
  <testcase name="TC_SHEPLERS_OP_056" time="145.236" classname="com.sheplers.testscripts.cartcheckoutsection.OrderPlacement"/>
  <testcase name="TC_SHEPLERS_OP_057" time="178.809" classname="com.sheplers.testscripts.cartcheckoutsection.OrderPlacement"/>
  <testcase name="TC_SHEPLERS_OP_058" time="135.551" classname="com.sheplers.testscripts.cartcheckoutsection.OrderPlacement"/>
  <testcase name="TC_SHEPLERS_OP_059" time="94.121" classname="com.sheplers.testscripts.cartcheckoutsection.OrderPlacement">
    <failure type="java.lang.Exception" message="btn Quantity not found in page!!">
      <![CDATA[java.lang.Exception: btn Quantity not found in page!!
	at com.sheplers.support.BrowserActions.clickOnElement(BrowserActions.java:146)
	at com.sheplers.pages.PdpPage.quantityChangePlusOne(PdpPage.java:2898)
	at com.sheplers.testscripts.cartcheckoutsection.OrderPlacement.TC_SHEPLERS_OP_059(OrderPlacement.java:21457)
	at sun.reflect.NativeMethodAccessorImpl.invoke0(Native Method)
	at sun.reflect.NativeMethodAccessorImpl.invoke(Unknown Source)
	at sun.reflect.DelegatingMethodAccessorImpl.invoke(Unknown Source)
	at java.lang.reflect.Method.invoke(Unknown Source)
	at org.testng.internal.MethodInvocationHelper.invokeMethod(MethodInvocationHelper.java:108)
	at org.testng.internal.Invoker.invokeMethod(Invoker.java:661)
	at org.testng.internal.Invoker.invokeTestMethod(Invoker.java:869)
	at org.testng.internal.TestMethodWithDataProviderMethodWorker.call(TestMethodWithDataProviderMethodWorker.java:75)
	at org.testng.internal.TestMethodWithDataProviderMethodWorker.call(TestMethodWithDataProviderMethodWorker.java:14)
	at java.util.concurrent.FutureTask.run(Unknown Source)
	at java.util.concurrent.Executors$RunnableAdapter.call(Unknown Source)
	at java.util.concurrent.FutureTask.run(Unknown Source)
	at java.util.concurrent.ThreadPoolExecutor.runWorker(Unknown Source)
	at java.util.concurrent.ThreadPoolExecutor$Worker.run(Unknown Source)
	at java.lang.Thread.run(Unknown Source)
]]>
    </failure>
  </testcase> <!-- TC_SHEPLERS_OP_059 -->
  <testcase name="TC_SHEPLERS_OP_060" time="137.832" classname="com.sheplers.testscripts.cartcheckoutsection.OrderPlacement"/>
  <testcase name="TC_SHEPLERS_OP_061" time="69.922" classname="com.sheplers.testscripts.cartcheckoutsection.OrderPlacement">
    <failure type="java.lang.AssertionError" message="PDP Page did not open up. Site might be down.">
      <![CDATA[java.lang.AssertionError: PDP Page did not open up. Site might be down.
	at org.testng.Assert.fail(Assert.java:93)
	at com.sheplers.support.Log.fail(Log.java:514)
	at com.sheplers.pages.PdpPage.isLoaded(PdpPage.java:469)
	at org.openqa.selenium.support.ui.LoadableComponent.get(LoadableComponent.java:52)
	at com.sheplers.pages.HomePage.KeywordSearchResult(HomePage.java:274)
	at com.sheplers.testscripts.cartcheckoutsection.OrderPlacement.TC_SHEPLERS_OP_061(OrderPlacement.java:22147)
	at sun.reflect.NativeMethodAccessorImpl.invoke0(Native Method)
	at sun.reflect.NativeMethodAccessorImpl.invoke(Unknown Source)
	at sun.reflect.DelegatingMethodAccessorImpl.invoke(Unknown Source)
	at java.lang.reflect.Method.invoke(Unknown Source)
	at org.testng.internal.MethodInvocationHelper.invokeMethod(MethodInvocationHelper.java:108)
	at org.testng.internal.Invoker.invokeMethod(Invoker.java:661)
	at org.testng.internal.Invoker.invokeTestMethod(Invoker.java:869)
	at org.testng.internal.TestMethodWithDataProviderMethodWorker.call(TestMethodWithDataProviderMethodWorker.java:75)
	at org.testng.internal.TestMethodWithDataProviderMethodWorker.call(TestMethodWithDataProviderMethodWorker.java:14)
	at java.util.concurrent.FutureTask.run(Unknown Source)
	at java.util.concurrent.Executors$RunnableAdapter.call(Unknown Source)
	at java.util.concurrent.FutureTask.run(Unknown Source)
	at java.util.concurrent.ThreadPoolExecutor.runWorker(Unknown Source)
	at java.util.concurrent.ThreadPoolExecutor$Worker.run(Unknown Source)
	at java.lang.Thread.run(Unknown Source)
]]>
    </failure>
  </testcase> <!-- TC_SHEPLERS_OP_061 -->
  <testcase name="TC_SHEPLERS_OP_062" time="136.746" classname="com.sheplers.testscripts.cartcheckoutsection.OrderPlacement"/>
  <testcase name="TC_SHEPLERS_OP_063" time="64.316" classname="com.sheplers.testscripts.cartcheckoutsection.OrderPlacement">
    <failure type="java.lang.AssertionError" message="PDP Page did not open up. Site might be down.">
      <![CDATA[java.lang.AssertionError: PDP Page did not open up. Site might be down.
	at org.testng.Assert.fail(Assert.java:93)
	at com.sheplers.support.Log.fail(Log.java:514)
	at com.sheplers.pages.PdpPage.isLoaded(PdpPage.java:469)
	at org.openqa.selenium.support.ui.LoadableComponent.get(LoadableComponent.java:52)
	at com.sheplers.pages.HomePage.KeywordSearchResult(HomePage.java:274)
	at com.sheplers.testscripts.cartcheckoutsection.OrderPlacement.TC_SHEPLERS_OP_063(OrderPlacement.java:22847)
	at sun.reflect.NativeMethodAccessorImpl.invoke0(Native Method)
	at sun.reflect.NativeMethodAccessorImpl.invoke(Unknown Source)
	at sun.reflect.DelegatingMethodAccessorImpl.invoke(Unknown Source)
	at java.lang.reflect.Method.invoke(Unknown Source)
	at org.testng.internal.MethodInvocationHelper.invokeMethod(MethodInvocationHelper.java:108)
	at org.testng.internal.Invoker.invokeMethod(Invoker.java:661)
	at org.testng.internal.Invoker.invokeTestMethod(Invoker.java:869)
	at org.testng.internal.TestMethodWithDataProviderMethodWorker.call(TestMethodWithDataProviderMethodWorker.java:75)
	at org.testng.internal.TestMethodWithDataProviderMethodWorker.call(TestMethodWithDataProviderMethodWorker.java:14)
	at java.util.concurrent.FutureTask.run(Unknown Source)
	at java.util.concurrent.Executors$RunnableAdapter.call(Unknown Source)
	at java.util.concurrent.FutureTask.run(Unknown Source)
	at java.util.concurrent.ThreadPoolExecutor.runWorker(Unknown Source)
	at java.util.concurrent.ThreadPoolExecutor$Worker.run(Unknown Source)
	at java.lang.Thread.run(Unknown Source)
]]>
    </failure>
  </testcase> <!-- TC_SHEPLERS_OP_063 -->
  <testcase name="TC_SHEPLERS_OP_064" time="137.094" classname="com.sheplers.testscripts.cartcheckoutsection.OrderPlacement"/>
  <testcase name="TC_SHEPLERS_OP_065" time="63.523" classname="com.sheplers.testscripts.cartcheckoutsection.OrderPlacement">
    <failure type="java.lang.AssertionError" message="PDP Page did not open up. Site might be down.">
      <![CDATA[java.lang.AssertionError: PDP Page did not open up. Site might be down.
	at org.testng.Assert.fail(Assert.java:93)
	at com.sheplers.support.Log.fail(Log.java:514)
	at com.sheplers.pages.PdpPage.isLoaded(PdpPage.java:469)
	at org.openqa.selenium.support.ui.LoadableComponent.get(LoadableComponent.java:52)
	at com.sheplers.pages.HomePage.KeywordSearchResult(HomePage.java:274)
	at com.sheplers.testscripts.cartcheckoutsection.OrderPlacement.TC_SHEPLERS_OP_065(OrderPlacement.java:23557)
	at sun.reflect.NativeMethodAccessorImpl.invoke0(Native Method)
	at sun.reflect.NativeMethodAccessorImpl.invoke(Unknown Source)
	at sun.reflect.DelegatingMethodAccessorImpl.invoke(Unknown Source)
	at java.lang.reflect.Method.invoke(Unknown Source)
	at org.testng.internal.MethodInvocationHelper.invokeMethod(MethodInvocationHelper.java:108)
	at org.testng.internal.Invoker.invokeMethod(Invoker.java:661)
	at org.testng.internal.Invoker.invokeTestMethod(Invoker.java:869)
	at org.testng.internal.TestMethodWithDataProviderMethodWorker.call(TestMethodWithDataProviderMethodWorker.java:75)
	at org.testng.internal.TestMethodWithDataProviderMethodWorker.call(TestMethodWithDataProviderMethodWorker.java:14)
	at java.util.concurrent.FutureTask.run(Unknown Source)
	at java.util.concurrent.Executors$RunnableAdapter.call(Unknown Source)
	at java.util.concurrent.FutureTask.run(Unknown Source)
	at java.util.concurrent.ThreadPoolExecutor.runWorker(Unknown Source)
	at java.util.concurrent.ThreadPoolExecutor$Worker.run(Unknown Source)
	at java.lang.Thread.run(Unknown Source)
]]>
    </failure>
  </testcase> <!-- TC_SHEPLERS_OP_065 -->
  <testcase name="TC_SHEPLERS_OP_066" time="210.225" classname="com.sheplers.testscripts.cartcheckoutsection.OrderPlacement"/>
  <testcase name="TC_SHEPLERS_OP_067" time="75.205" classname="com.sheplers.testscripts.cartcheckoutsection.OrderPlacement"/>
  <testcase name="TC_SHEPLERS_OP_068" time="98.989" classname="com.sheplers.testscripts.cartcheckoutsection.OrderPlacement"/>
  <testcase name="TC_SHEPLERS_OP_069" time="93.65" classname="com.sheplers.testscripts.cartcheckoutsection.OrderPlacement"/>
  <testcase name="TC_SHEPLERS_OP_070" time="94.362" classname="com.sheplers.testscripts.cartcheckoutsection.OrderPlacement"/>
  <testcase name="TC_SHEPLERS_OP_071" time="202.231" classname="com.sheplers.testscripts.cartcheckoutsection.OrderPlacement"/>
  <testcase name="TC_SHEPLERS_OP_072" time="99.055" classname="com.sheplers.testscripts.cartcheckoutsection.OrderPlacement"/>
  <testcase name="TC_SHEPLERS_OP_073" time="98.967" classname="com.sheplers.testscripts.cartcheckoutsection.OrderPlacement">
    <failure type="java.lang.AssertionError" message="Cart page did not open up.">
      <![CDATA[java.lang.AssertionError: Cart page did not open up.
	at org.testng.Assert.fail(Assert.java:93)
	at com.sheplers.support.Log.fail(Log.java:514)
	at com.sheplers.pages.CartPage.isLoaded(CartPage.java:697)
	at org.openqa.selenium.support.ui.LoadableComponent.get(LoadableComponent.java:52)
	at com.sheplers.pages.PdpPage.addProductToCart(PdpPage.java:776)
	at com.sheplers.testscripts.cartcheckoutsection.OrderPlacement.TC_SHEPLERS_OP_073(OrderPlacement.java:25390)
	at sun.reflect.NativeMethodAccessorImpl.invoke0(Native Method)
	at sun.reflect.NativeMethodAccessorImpl.invoke(Unknown Source)
	at sun.reflect.DelegatingMethodAccessorImpl.invoke(Unknown Source)
	at java.lang.reflect.Method.invoke(Unknown Source)
	at org.testng.internal.MethodInvocationHelper.invokeMethod(MethodInvocationHelper.java:108)
	at org.testng.internal.Invoker.invokeMethod(Invoker.java:661)
	at org.testng.internal.Invoker.invokeTestMethod(Invoker.java:869)
	at org.testng.internal.TestMethodWithDataProviderMethodWorker.call(TestMethodWithDataProviderMethodWorker.java:75)
	at org.testng.internal.TestMethodWithDataProviderMethodWorker.call(TestMethodWithDataProviderMethodWorker.java:14)
	at java.util.concurrent.FutureTask.run(Unknown Source)
	at java.util.concurrent.Executors$RunnableAdapter.call(Unknown Source)
	at java.util.concurrent.FutureTask.run(Unknown Source)
	at java.util.concurrent.ThreadPoolExecutor.runWorker(Unknown Source)
	at java.util.concurrent.ThreadPoolExecutor$Worker.run(Unknown Source)
	at java.lang.Thread.run(Unknown Source)
]]>
    </failure>
  </testcase> <!-- TC_SHEPLERS_OP_073 -->
  <testcase name="TC_SHEPLERS_OP_074" time="87.709" classname="com.sheplers.testscripts.cartcheckoutsection.OrderPlacement">
    <failure type="java.lang.AssertionError" message="Cart page did not open up.">
      <![CDATA[java.lang.AssertionError: Cart page did not open up.
	at org.testng.Assert.fail(Assert.java:93)
	at com.sheplers.support.Log.fail(Log.java:514)
	at com.sheplers.pages.CartPage.isLoaded(CartPage.java:697)
	at org.openqa.selenium.support.ui.LoadableComponent.get(LoadableComponent.java:52)
	at com.sheplers.pages.PdpPage.addProductToCart(PdpPage.java:776)
	at com.sheplers.testscripts.cartcheckoutsection.OrderPlacement.TC_SHEPLERS_OP_074(OrderPlacement.java:25511)
	at sun.reflect.NativeMethodAccessorImpl.invoke0(Native Method)
	at sun.reflect.NativeMethodAccessorImpl.invoke(Unknown Source)
	at sun.reflect.DelegatingMethodAccessorImpl.invoke(Unknown Source)
	at java.lang.reflect.Method.invoke(Unknown Source)
	at org.testng.internal.MethodInvocationHelper.invokeMethod(MethodInvocationHelper.java:108)
	at org.testng.internal.Invoker.invokeMethod(Invoker.java:661)
	at org.testng.internal.Invoker.invokeTestMethod(Invoker.java:869)
	at org.testng.internal.TestMethodWithDataProviderMethodWorker.call(TestMethodWithDataProviderMethodWorker.java:75)
	at org.testng.internal.TestMethodWithDataProviderMethodWorker.call(TestMethodWithDataProviderMethodWorker.java:14)
	at java.util.concurrent.FutureTask.run(Unknown Source)
	at java.util.concurrent.Executors$RunnableAdapter.call(Unknown Source)
	at java.util.concurrent.FutureTask.run(Unknown Source)
	at java.util.concurrent.ThreadPoolExecutor.runWorker(Unknown Source)
	at java.util.concurrent.ThreadPoolExecutor$Worker.run(Unknown Source)
	at java.lang.Thread.run(Unknown Source)
]]>
    </failure>
  </testcase> <!-- TC_SHEPLERS_OP_074 -->
  <testcase name="TC_SHEPLERS_OP_075" time="76.236" classname="com.sheplers.testscripts.cartcheckoutsection.OrderPlacement">
    <failure type="java.lang.AssertionError" message="Cart page did not open up.">
      <![CDATA[java.lang.AssertionError: Cart page did not open up.
	at org.testng.Assert.fail(Assert.java:93)
	at com.sheplers.support.Log.fail(Log.java:514)
	at com.sheplers.pages.CartPage.isLoaded(CartPage.java:697)
	at org.openqa.selenium.support.ui.LoadableComponent.get(LoadableComponent.java:52)
	at com.sheplers.pages.PdpPage.addProductToCart(PdpPage.java:776)
	at com.sheplers.testscripts.cartcheckoutsection.OrderPlacement.TC_SHEPLERS_OP_075(OrderPlacement.java:25633)
	at sun.reflect.NativeMethodAccessorImpl.invoke0(Native Method)
	at sun.reflect.NativeMethodAccessorImpl.invoke(Unknown Source)
	at sun.reflect.DelegatingMethodAccessorImpl.invoke(Unknown Source)
	at java.lang.reflect.Method.invoke(Unknown Source)
	at org.testng.internal.MethodInvocationHelper.invokeMethod(MethodInvocationHelper.java:108)
	at org.testng.internal.Invoker.invokeMethod(Invoker.java:661)
	at org.testng.internal.Invoker.invokeTestMethod(Invoker.java:869)
	at org.testng.internal.TestMethodWithDataProviderMethodWorker.call(TestMethodWithDataProviderMethodWorker.java:75)
	at org.testng.internal.TestMethodWithDataProviderMethodWorker.call(TestMethodWithDataProviderMethodWorker.java:14)
	at java.util.concurrent.FutureTask.run(Unknown Source)
	at java.util.concurrent.Executors$RunnableAdapter.call(Unknown Source)
	at java.util.concurrent.FutureTask.run(Unknown Source)
	at java.util.concurrent.ThreadPoolExecutor.runWorker(Unknown Source)
	at java.util.concurrent.ThreadPoolExecutor$Worker.run(Unknown Source)
	at java.lang.Thread.run(Unknown Source)
]]>
    </failure>
  </testcase> <!-- TC_SHEPLERS_OP_075 -->
  <testcase name="TC_SHEPLERS_OP_076" time="147.223" classname="com.sheplers.testscripts.cartcheckoutsection.OrderPlacement"/>
  <testcase name="TC_SHEPLERS_OP_077" time="61.282" classname="com.sheplers.testscripts.cartcheckoutsection.OrderPlacement">
    <failure type="java.lang.AssertionError" message="Cart page did not open up.">
      <![CDATA[java.lang.AssertionError: Cart page did not open up.
	at org.testng.Assert.fail(Assert.java:93)
	at com.sheplers.support.Log.fail(Log.java:514)
	at com.sheplers.pages.CartPage.isLoaded(CartPage.java:697)
	at org.openqa.selenium.support.ui.LoadableComponent.get(LoadableComponent.java:52)
	at com.sheplers.pages.PdpPage.addProductToCart(PdpPage.java:776)
	at com.sheplers.testscripts.cartcheckoutsection.OrderPlacement.TC_SHEPLERS_OP_077(OrderPlacement.java:26084)
	at sun.reflect.NativeMethodAccessorImpl.invoke0(Native Method)
	at sun.reflect.NativeMethodAccessorImpl.invoke(Unknown Source)
	at sun.reflect.DelegatingMethodAccessorImpl.invoke(Unknown Source)
	at java.lang.reflect.Method.invoke(Unknown Source)
	at org.testng.internal.MethodInvocationHelper.invokeMethod(MethodInvocationHelper.java:108)
	at org.testng.internal.Invoker.invokeMethod(Invoker.java:661)
	at org.testng.internal.Invoker.invokeTestMethod(Invoker.java:869)
	at org.testng.internal.TestMethodWithDataProviderMethodWorker.call(TestMethodWithDataProviderMethodWorker.java:75)
	at org.testng.internal.TestMethodWithDataProviderMethodWorker.call(TestMethodWithDataProviderMethodWorker.java:14)
	at java.util.concurrent.FutureTask.run(Unknown Source)
	at java.util.concurrent.Executors$RunnableAdapter.call(Unknown Source)
	at java.util.concurrent.FutureTask.run(Unknown Source)
	at java.util.concurrent.ThreadPoolExecutor.runWorker(Unknown Source)
	at java.util.concurrent.ThreadPoolExecutor$Worker.run(Unknown Source)
	at java.lang.Thread.run(Unknown Source)
]]>
    </failure>
  </testcase> <!-- TC_SHEPLERS_OP_077 -->
  <testcase name="TC_SHEPLERS_OP_078" time="63.313" classname="com.sheplers.testscripts.cartcheckoutsection.OrderPlacement">
    <failure type="java.lang.AssertionError" message="Cart page did not open up.">
      <![CDATA[java.lang.AssertionError: Cart page did not open up.
	at org.testng.Assert.fail(Assert.java:93)
	at com.sheplers.support.Log.fail(Log.java:514)
	at com.sheplers.pages.CartPage.isLoaded(CartPage.java:697)
	at org.openqa.selenium.support.ui.LoadableComponent.get(LoadableComponent.java:52)
	at com.sheplers.pages.PdpPage.addProductToCart(PdpPage.java:776)
	at com.sheplers.testscripts.cartcheckoutsection.OrderPlacement.TC_SHEPLERS_OP_078(OrderPlacement.java:26395)
	at sun.reflect.NativeMethodAccessorImpl.invoke0(Native Method)
	at sun.reflect.NativeMethodAccessorImpl.invoke(Unknown Source)
	at sun.reflect.DelegatingMethodAccessorImpl.invoke(Unknown Source)
	at java.lang.reflect.Method.invoke(Unknown Source)
	at org.testng.internal.MethodInvocationHelper.invokeMethod(MethodInvocationHelper.java:108)
	at org.testng.internal.Invoker.invokeMethod(Invoker.java:661)
	at org.testng.internal.Invoker.invokeTestMethod(Invoker.java:869)
	at org.testng.internal.TestMethodWithDataProviderMethodWorker.call(TestMethodWithDataProviderMethodWorker.java:75)
	at org.testng.internal.TestMethodWithDataProviderMethodWorker.call(TestMethodWithDataProviderMethodWorker.java:14)
	at java.util.concurrent.FutureTask.run(Unknown Source)
	at java.util.concurrent.Executors$RunnableAdapter.call(Unknown Source)
	at java.util.concurrent.FutureTask.run(Unknown Source)
	at java.util.concurrent.ThreadPoolExecutor.runWorker(Unknown Source)
	at java.util.concurrent.ThreadPoolExecutor$Worker.run(Unknown Source)
	at java.lang.Thread.run(Unknown Source)
]]>
    </failure>
  </testcase> <!-- TC_SHEPLERS_OP_078 -->
  <testcase name="TC_SHEPLERS_OP_079" time="61.217" classname="com.sheplers.testscripts.cartcheckoutsection.OrderPlacement">
    <failure type="java.lang.AssertionError" message="Cart page did not open up.">
      <![CDATA[java.lang.AssertionError: Cart page did not open up.
	at org.testng.Assert.fail(Assert.java:93)
	at com.sheplers.support.Log.fail(Log.java:514)
	at com.sheplers.pages.CartPage.isLoaded(CartPage.java:697)
	at org.openqa.selenium.support.ui.LoadableComponent.get(LoadableComponent.java:52)
	at com.sheplers.pages.PdpPage.addProductToCart(PdpPage.java:776)
	at com.sheplers.testscripts.cartcheckoutsection.OrderPlacement.TC_SHEPLERS_OP_079(OrderPlacement.java:26696)
	at sun.reflect.NativeMethodAccessorImpl.invoke0(Native Method)
	at sun.reflect.NativeMethodAccessorImpl.invoke(Unknown Source)
	at sun.reflect.DelegatingMethodAccessorImpl.invoke(Unknown Source)
	at java.lang.reflect.Method.invoke(Unknown Source)
	at org.testng.internal.MethodInvocationHelper.invokeMethod(MethodInvocationHelper.java:108)
	at org.testng.internal.Invoker.invokeMethod(Invoker.java:661)
	at org.testng.internal.Invoker.invokeTestMethod(Invoker.java:869)
	at org.testng.internal.TestMethodWithDataProviderMethodWorker.call(TestMethodWithDataProviderMethodWorker.java:75)
	at org.testng.internal.TestMethodWithDataProviderMethodWorker.call(TestMethodWithDataProviderMethodWorker.java:14)
	at java.util.concurrent.FutureTask.run(Unknown Source)
	at java.util.concurrent.Executors$RunnableAdapter.call(Unknown Source)
	at java.util.concurrent.FutureTask.run(Unknown Source)
	at java.util.concurrent.ThreadPoolExecutor.runWorker(Unknown Source)
	at java.util.concurrent.ThreadPoolExecutor$Worker.run(Unknown Source)
	at java.lang.Thread.run(Unknown Source)
]]>
    </failure>
  </testcase> <!-- TC_SHEPLERS_OP_079 -->
  <testcase name="TC_SHEPLERS_OP_080" time="104.332" classname="com.sheplers.testscripts.cartcheckoutsection.OrderPlacement"/>
  <testcase name="TC_SHEPLERS_OP_081" time="90.547" classname="com.sheplers.testscripts.cartcheckoutsection.OrderPlacement"/>
  <testcase name="TC_SHEPLERS_OP_082" time="87.68" classname="com.sheplers.testscripts.cartcheckoutsection.OrderPlacement"/>
  <testcase name="TC_SHEPLERS_OP_083" time="89.966" classname="com.sheplers.testscripts.cartcheckoutsection.OrderPlacement"/>
  <testcase name="TC_SHEPLERS_OP_084" time="133.678" classname="com.sheplers.testscripts.cartcheckoutsection.OrderPlacement"/>
  <testcase name="TC_SHEPLERS_OP_085" time="82.769" classname="com.sheplers.testscripts.cartcheckoutsection.OrderPlacement"/>
  <testcase name="TC_SHEPLERS_OS_001" time="215.121" classname="com.sheplers.testscripts.cartcheckoutsection.OrderSummary"/>
  <testcase name="TC_SHEPLERS_OS_002" time="170.791" classname="com.sheplers.testscripts.cartcheckoutsection.OrderSummary"/>
  <testcase name="TC_SHEPLERS_OS_003" time="123.423" classname="com.sheplers.testscripts.cartcheckoutsection.OrderSummary"/>
  <testcase name="TC_SHEPLERS_OS_004" time="86.634" classname="com.sheplers.testscripts.cartcheckoutsection.OrderSummary"/>
  <testcase name="TC_SHEPLERS_BRTPS_001" time="18.396" classname="com.sheplers.testscripts.categorypage.BrandsTreePage"/>
  <testcase name="TC_SHEPLERS_BRTPS_002" time="42.736" classname="com.sheplers.testscripts.categorypage.BrandsTreePage"/>
  <testcase name="TC_SHEPLERS_BRTPS_003" time="20.919" classname="com.sheplers.testscripts.categorypage.BrandsTreePage"/>
  <testcase name="TC_SHEPLERS_BRTPS_004" time="21.348" classname="com.sheplers.testscripts.categorypage.BrandsTreePage"/>
  <testcase name="TC_SHEPLERS_BRTPS_005" time="28.492" classname="com.sheplers.testscripts.categorypage.BrandsTreePage"/>
  <testcase name="TC_SHEPLERS_BRTPS_006" time="20.179" classname="com.sheplers.testscripts.categorypage.BrandsTreePage"/>
  <testcase name="TC_SHEPLERS_BRTPS_007" time="19.642" classname="com.sheplers.testscripts.categorypage.BrandsTreePage"/>
  <testcase name="TC_SHEPLERS_BRTPS_017" time="19.963" classname="com.sheplers.testscripts.categorypage.BrandsTreePage"/>
  <testcase name="TC_SHEPLERS_CLS_001" time="45.443" classname="com.sheplers.testscripts.categorypage.CategoryLanding"/>
  <testcase name="TC_SHEPLERS_CLS_002" time="23.738" classname="com.sheplers.testscripts.categorypage.CategoryLanding"/>
  <testcase name="TC_SHEPLERS_CLS_003" time="26.076" classname="com.sheplers.testscripts.categorypage.CategoryLanding"/>
  <testcase name="TC_SHEPLERS_CLS_004" time="32.826" classname="com.sheplers.testscripts.categorypage.CategoryLanding"/>
  <testcase name="TC_SHEPLERS_CLS_005" time="23.613" classname="com.sheplers.testscripts.categorypage.CategoryLanding"/>
  <testcase name="TC_SHEPLERS_CLS_006" time="25.769" classname="com.sheplers.testscripts.categorypage.CategoryLanding"/>
  <testcase name="TC_SHEPLERS_CLS_007" time="24.903" classname="com.sheplers.testscripts.categorypage.CategoryLanding"/>
  <testcase name="TC_SHEPLERS_CLS_008" time="32.584" classname="com.sheplers.testscripts.categorypage.CategoryLanding"/>
  <testcase name="TC_SHEPLERS_CLS_009" time="49.394" classname="com.sheplers.testscripts.categorypage.CategoryLanding"/>
  <testcase name="TC_SHEPLERS_CLS_010" time="24.634" classname="com.sheplers.testscripts.categorypage.CategoryLanding"/>
  <testcase name="TC_SHEPLERS_CLS_011" time="23.741" classname="com.sheplers.testscripts.categorypage.CategoryLanding"/>
  <testcase name="TC_SHEPLERS_CLS_012" time="45.613" classname="com.sheplers.testscripts.categorypage.CategoryLanding"/>
  <testcase name="TC_SHEPLERS_CLS_013" time="61.749" classname="com.sheplers.testscripts.categorypage.CategoryLanding"/>
  <testcase name="TC_SHEPLERS_CLS_014" time="58.049" classname="com.sheplers.testscripts.categorypage.CategoryLanding"/>
  <testcase name="TC_SHEPLERS_CLS_015" time="67.629" classname="com.sheplers.testscripts.categorypage.CategoryLanding"/>
  <testcase name="TC_SHEPLERS_CLS_022" time="24.566" classname="com.sheplers.testscripts.categorypage.CategoryLanding"/>
  <testcase name="TC_SHEPLERS_CPLS_001" time="49.903" classname="com.sheplers.testscripts.categorypage.CategoryProductLandingPage"/>
  <testcase name="TC_SHEPLERS_CPLS_004" time="30.562" classname="com.sheplers.testscripts.categorypage.CategoryProductLandingPage"/>
  <testcase name="TC_SHEPLERS_CPLS_005" time="39.654" classname="com.sheplers.testscripts.categorypage.CategoryProductLandingPage"/>
  <testcase name="TC_SHEPLERS_CPLS_006" time="38.314" classname="com.sheplers.testscripts.categorypage.CategoryProductLandingPage"/>
  <testcase name="TC_SHEPLERS_CPLS_007" time="31.581" classname="com.sheplers.testscripts.categorypage.CategoryProductLandingPage"/>
  <testcase name="TC_SHEPLERS_CPLS_008" time="52.511" classname="com.sheplers.testscripts.categorypage.CategoryProductLandingPage"/>
  <testcase name="TC_SHEPLERS_CPLS_009" time="46.977" classname="com.sheplers.testscripts.categorypage.CategoryProductLandingPage"/>
  <testcase name="TC_SHEPLERS_CPLS_010" time="36.368" classname="com.sheplers.testscripts.categorypage.CategoryProductLandingPage"/>
  <testcase name="TC_SHEPLERS_CPLS_011" time="23.528" classname="com.sheplers.testscripts.categorypage.CategoryProductLandingPage"/>
  <testcase name="TC_SHEPLERS_CPLS_012" time="29.626" classname="com.sheplers.testscripts.categorypage.CategoryProductLandingPage"/>
  <testcase name="TC_SHEPLERS_CPLS_013" time="49.262" classname="com.sheplers.testscripts.categorypage.CategoryProductLandingPage"/>
  <testcase name="TC_SHEPLERS_CPLS_014" time="61.515" classname="com.sheplers.testscripts.categorypage.CategoryProductLandingPage"/>
  <testcase name="TC_SHEPLERS_CPLS_015" time="67.139" classname="com.sheplers.testscripts.categorypage.CategoryProductLandingPage"/>
  <testcase name="TC_SHEPLERS_CPLS_016" time="46.627" classname="com.sheplers.testscripts.categorypage.CategoryProductLandingPage"/>
  <testcase name="TC_SHEPLERS_CPLS_017" time="47.464" classname="com.sheplers.testscripts.categorypage.CategoryProductLandingPage"/>
  <testcase name="TC_SHEPLERS_CPLS_018" time="48.542" classname="com.sheplers.testscripts.categorypage.CategoryProductLandingPage"/>
  <testcase name="TC_SHEPLERS_CPLS_019" time="40.476" classname="com.sheplers.testscripts.categorypage.CategoryProductLandingPage"/>
  <testcase name="TC_SHEPLERS_CPLS_020" time="45.434" classname="com.sheplers.testscripts.categorypage.CategoryProductLandingPage"/>
  <testcase name="TC_SHEPLERS_CPLS_021" time="63.21" classname="com.sheplers.testscripts.categorypage.CategoryProductLandingPage"/>
  <testcase name="TC_SHEPLERS_CPLS_022" time="48.334" classname="com.sheplers.testscripts.categorypage.CategoryProductLandingPage"/>
  <testcase name="TC_SHEPLERS_CPLS_023" time="47.972" classname="com.sheplers.testscripts.categorypage.CategoryProductLandingPage"/>
  <testcase name="TC_SHEPLERS_CPLS_024" time="47.552" classname="com.sheplers.testscripts.categorypage.CategoryProductLandingPage"/>
  <testcase name="TC_SHEPLERS_CPLS_025" time="42.602" classname="com.sheplers.testscripts.categorypage.CategoryProductLandingPage"/>
  <testcase name="TC_SHEPLERS_CPLS_026" time="49.089" classname="com.sheplers.testscripts.categorypage.CategoryProductLandingPage"/>
  <testcase name="TC_SHEPLERS_CPLS_027" time="30.381" classname="com.sheplers.testscripts.categorypage.CategoryProductLandingPage"/>
  <testcase name="TC_SHEPLERS_CPLS_028" time="42.877" classname="com.sheplers.testscripts.categorypage.CategoryProductLandingPage"/>
  <testcase name="TC_SHEPLERS_CPLS_029" time="42.853" classname="com.sheplers.testscripts.categorypage.CategoryProductLandingPage"/>
  <testcase name="TC_SHEPLERS_CPLS_030" time="40.429" classname="com.sheplers.testscripts.categorypage.CategoryProductLandingPage"/>
  <testcase name="TC_SHEPLERS_CPLS_031" time="18.803" classname="com.sheplers.testscripts.categorypage.CategoryProductLandingPage">
    <failure type="java.lang.AssertionError" message="3. % of Total savings is displayed for Sale exclusions products, please check the log event ">
      <![CDATA[java.lang.AssertionError: 3. % of Total savings is displayed for Sale exclusions products, please check the log event 
	at org.testng.Assert.fail(Assert.java:93)
	at com.sheplers.support.Log.fail(Log.java:514)
	at com.sheplers.support.Log.assertThat(Log.java:692)
	at com.sheplers.testscripts.categorypage.CategoryProductLandingPage.TC_SHEPLERS_CPLS_031(CategoryProductLandingPage.java:1960)
	at sun.reflect.NativeMethodAccessorImpl.invoke0(Native Method)
	at sun.reflect.NativeMethodAccessorImpl.invoke(Unknown Source)
	at sun.reflect.DelegatingMethodAccessorImpl.invoke(Unknown Source)
	at java.lang.reflect.Method.invoke(Unknown Source)
	at org.testng.internal.MethodInvocationHelper.invokeMethod(MethodInvocationHelper.java:108)
	at org.testng.internal.Invoker.invokeMethod(Invoker.java:661)
	at org.testng.internal.Invoker.invokeTestMethod(Invoker.java:869)
	at org.testng.internal.TestMethodWithDataProviderMethodWorker.call(TestMethodWithDataProviderMethodWorker.java:75)
	at org.testng.internal.TestMethodWithDataProviderMethodWorker.call(TestMethodWithDataProviderMethodWorker.java:14)
	at java.util.concurrent.FutureTask.run(Unknown Source)
	at java.util.concurrent.Executors$RunnableAdapter.call(Unknown Source)
	at java.util.concurrent.FutureTask.run(Unknown Source)
	at java.util.concurrent.ThreadPoolExecutor.runWorker(Unknown Source)
	at java.util.concurrent.ThreadPoolExecutor$Worker.run(Unknown Source)
	at java.lang.Thread.run(Unknown Source)
]]>
    </failure>
  </testcase> <!-- TC_SHEPLERS_CPLS_031 -->
  <testcase name="TC_SHEPLERS_CPLS_032" time="45.003" classname="com.sheplers.testscripts.categorypage.CategoryProductLandingPage"/>
  <testcase name="TC_SHEPLERS_CPLS_033" time="10.808" classname="com.sheplers.testscripts.categorypage.CategoryProductLandingPage"/>
  <testcase name="TC_SHEPLERS_CPLS_034" time="25.343" classname="com.sheplers.testscripts.categorypage.CategoryProductLandingPage"/>
  <testcase name="TC_SHEPLERS_CPLS_035" time="70.465" classname="com.sheplers.testscripts.categorypage.CategoryProductLandingPage"/>
  <testcase name="TC_SHEPLERS_CPLS_036" time="68.102" classname="com.sheplers.testscripts.categorypage.CategoryProductLandingPage"/>
  <testcase name="TC_SHEPLERS_CPLS_037" time="62.234" classname="com.sheplers.testscripts.categorypage.CategoryProductLandingPage"/>
  <testcase name="TC_SHEPLERS_CPLS_038" time="59.202" classname="com.sheplers.testscripts.categorypage.CategoryProductLandingPage"/>
  <testcase name="TC_SHEPLERS_CPLS_039" time="55.648" classname="com.sheplers.testscripts.categorypage.CategoryProductLandingPage"/>
  <testcase name="TC_SHEPLERS_CPLS_040" time="59.532" classname="com.sheplers.testscripts.categorypage.CategoryProductLandingPage"/>
  <testcase name="TC_SHEPLERS_CPLS_041" time="64.298" classname="com.sheplers.testscripts.categorypage.CategoryProductLandingPage"/>
  <testcase name="TC_SHEPLERS_CPLS_042" time="64.781" classname="com.sheplers.testscripts.categorypage.CategoryProductLandingPage"/>
  <testcase name="TC_SHEPLERS_CPLS_043" time="59.338" classname="com.sheplers.testscripts.categorypage.CategoryProductLandingPage"/>
  <testcase name="TC_SHEPLERS_CPLS_044" time="62.534" classname="com.sheplers.testscripts.categorypage.CategoryProductLandingPage"/>
  <testcase name="TC_SHEPLERS_CPLS_045" time="64.851" classname="com.sheplers.testscripts.categorypage.CategoryProductLandingPage"/>
  <testcase name="TC_SHEPLERS_CPLS_059" time="24.801" classname="com.sheplers.testscripts.categorypage.CategoryProductLandingPage"/>
  <testcase name="TC_SHEPLERS_CPLS_060" time="24.895" classname="com.sheplers.testscripts.categorypage.CategoryProductLandingPage"/>
  <testcase name="TC_SHEPLERS_CPLS_061" time="39.157" classname="com.sheplers.testscripts.categorypage.CategoryProductLandingPage"/>
  <testcase name="TC_SHEPLERS_CPLS_062" time="40.155" classname="com.sheplers.testscripts.categorypage.CategoryProductLandingPage"/>
  <testcase name="TC_SHEPLERS_CPLS_063" time="50.114" classname="com.sheplers.testscripts.categorypage.CategoryProductLandingPage">
    <failure type="org.openqa.selenium.TimeoutException" message="Timed out after 10 seconds: Couldn&amp;apos;t find #search-result-items li:nth-child(1) ul[class*=&amp;apos;swatch-list&amp;apos;] a
Build info: version: &amp;apos;2.53.1&amp;apos;, revision: &amp;apos;a36b8b1cd5757287168e54b817830adce9b0158d&amp;apos;, time: &amp;apos;2016-06-30 19:26:09&amp;apos;
System info: host: &amp;apos;Aspire1698&amp;apos;, ip: &amp;apos;172.24.166.109&amp;apos;, os.name: &amp;apos;Windows 10&amp;apos;, os.arch: &amp;apos;amd64&amp;apos;, os.version: &amp;apos;10.0&amp;apos;, java.version: &amp;apos;1.8.0_112&amp;apos;
Driver info: org.openqa.selenium.remote.RemoteWebDriver
Capabilities [{applicationCacheEnabled=false, rotatable=false, mobileEmulationEnabled=false, networkConnectionEnabled=false, chrome={chromedriverVersion=2.29.461591 (62ebf098771772160f391d75e589dc567915b233), userDataDir=C:\Users\RAAMKU~1.JAY\AppData\Local\Temp\scoped_dir18240_6964}, takesHeapSnapshot=true, pageLoadStrategy=normal, databaseEnabled=false, handlesAlerts=true, hasTouchScreen=false, version=58.0.3029.81, platform=XP, browserConnectionEnabled=false, nativeEvents=true, acceptSslCerts=true, webdriver.remote.sessionid=6dc77318-8b60-46df-b75e-76306e73c8c5, locationContextEnabled=true, webStorageEnabled=true, browserName=chrome, takesScreenshot=true, javascriptEnabled=true, cssSelectorsEnabled=true, unexpectedAlertBehaviour=}]
Session ID: 6dc77318-8b60-46df-b75e-76306e73c8c5">
      <![CDATA[org.openqa.selenium.TimeoutException: Timed out after 10 seconds: Couldn't find #search-result-items li:nth-child(1) ul[class*='swatch-list'] a
Build info: version: '2.53.1', revision: 'a36b8b1cd5757287168e54b817830adce9b0158d', time: '2016-06-30 19:26:09'
System info: host: 'Aspire1698', ip: '172.24.166.109', os.name: 'Windows 10', os.arch: 'amd64', os.version: '10.0', java.version: '1.8.0_112'
Driver info: org.openqa.selenium.remote.RemoteWebDriver
Capabilities [{applicationCacheEnabled=false, rotatable=false, mobileEmulationEnabled=false, networkConnectionEnabled=false, chrome={chromedriverVersion=2.29.461591 (62ebf098771772160f391d75e589dc567915b233), userDataDir=C:\Users\RAAMKU~1.JAY\AppData\Local\Temp\scoped_dir18240_6964}, takesHeapSnapshot=true, pageLoadStrategy=normal, databaseEnabled=false, handlesAlerts=true, hasTouchScreen=false, version=58.0.3029.81, platform=XP, browserConnectionEnabled=false, nativeEvents=true, acceptSslCerts=true, webdriver.remote.sessionid=6dc77318-8b60-46df-b75e-76306e73c8c5, locationContextEnabled=true, webStorageEnabled=true, browserName=chrome, takesScreenshot=true, javascriptEnabled=true, cssSelectorsEnabled=true, unexpectedAlertBehaviour=}]
Session ID: 6dc77318-8b60-46df-b75e-76306e73c8c5
	at org.openqa.selenium.support.ui.WebDriverWait.timeoutException(WebDriverWait.java:80)
	at org.openqa.selenium.support.ui.FluentWait.until(FluentWait.java:261)
	at com.sheplers.support.BrowserActions.checkLocators(BrowserActions.java:522)
	at com.sheplers.pages.CategoryGridPage.getProductWithMoreThanOneColor(CategoryGridPage.java:1063)
	at com.sheplers.testscripts.categorypage.CategoryProductLandingPage.TC_SHEPLERS_CPLS_063(CategoryProductLandingPage.java:4269)
	at sun.reflect.NativeMethodAccessorImpl.invoke0(Native Method)
	at sun.reflect.NativeMethodAccessorImpl.invoke(Unknown Source)
	at sun.reflect.DelegatingMethodAccessorImpl.invoke(Unknown Source)
	at java.lang.reflect.Method.invoke(Unknown Source)
	at org.testng.internal.MethodInvocationHelper.invokeMethod(MethodInvocationHelper.java:108)
	at org.testng.internal.Invoker.invokeMethod(Invoker.java:661)
	at org.testng.internal.Invoker.invokeTestMethod(Invoker.java:869)
	at org.testng.internal.TestMethodWithDataProviderMethodWorker.call(TestMethodWithDataProviderMethodWorker.java:75)
	at org.testng.internal.TestMethodWithDataProviderMethodWorker.call(TestMethodWithDataProviderMethodWorker.java:14)
	at java.util.concurrent.FutureTask.run(Unknown Source)
	at java.util.concurrent.Executors$RunnableAdapter.call(Unknown Source)
	at java.util.concurrent.FutureTask.run(Unknown Source)
	at java.util.concurrent.ThreadPoolExecutor.runWorker(Unknown Source)
	at java.util.concurrent.ThreadPoolExecutor$Worker.run(Unknown Source)
	at java.lang.Thread.run(Unknown Source)
]]>
    </failure>
  </testcase> <!-- TC_SHEPLERS_CPLS_063 -->
  <testcase name="TC_SHEPLERS_FOOTERS_001" time="11.526" classname="com.sheplers.testscripts.globalnavigation.Footers"/>
  <testcase name="TC_SHEPLERS_FOOTERS_002" time="14.637" classname="com.sheplers.testscripts.globalnavigation.Footers"/>
  <testcase name="TC_SHEPLERS_FOOTERS_003" time="15.773" classname="com.sheplers.testscripts.globalnavigation.Footers"/>
  <testcase name="TC_SHEPLERS_FOOTERS_004" time="15.781" classname="com.sheplers.testscripts.globalnavigation.Footers"/>
  <testcase name="TC_SHEPLERS_FOOTERS_005" time="15.543" classname="com.sheplers.testscripts.globalnavigation.Footers"/>
  <testcase name="TC_SHEPLERS_FOOTERS_006" time="15.674" classname="com.sheplers.testscripts.globalnavigation.Footers"/>
  <testcase name="TC_SHEPLERS_FOOTERS_007" time="11.733" classname="com.sheplers.testscripts.globalnavigation.Footers"/>
  <testcase name="TC_SHEPLERS_FOOTERS_008" time="13.885" classname="com.sheplers.testscripts.globalnavigation.Footers"/>
  <testcase name="TC_SHEPLERS_FOOTERS_009" time="14.327" classname="com.sheplers.testscripts.globalnavigation.Footers"/>
  <testcase name="TC_SHEPLERS_FOOTERS_010" time="20.968" classname="com.sheplers.testscripts.globalnavigation.Footers"/>
  <testcase name="TC_SHEPLERS_FOOTERS_011" time="19.007" classname="com.sheplers.testscripts.globalnavigation.Footers"/>
  <testcase name="TC_SHEPLERS_FOOTERS_012" time="20.948" classname="com.sheplers.testscripts.globalnavigation.Footers"/>
  <testcase name="TC_SHEPLERS_FOOTERS_013" time="21.748" classname="com.sheplers.testscripts.globalnavigation.Footers"/>
  <testcase name="TC_SHEPLERS_FOOTERS_014" time="15.805" classname="com.sheplers.testscripts.globalnavigation.Footers"/>
  <testcase name="TC_SHEPLERS_FOOTERS_015" time="15.374" classname="com.sheplers.testscripts.globalnavigation.Footers"/>
  <testcase name="TC_SHEPLERS_FOOTERS_016" time="16.516" classname="com.sheplers.testscripts.globalnavigation.Footers"/>
  <testcase name="TC_SHEPLERS_FOOTERS_017" time="19.615" classname="com.sheplers.testscripts.globalnavigation.Footers"/>
  <testcase name="TC_SHEPLERS_FOOTERS_018" time="15.865" classname="com.sheplers.testscripts.globalnavigation.Footers"/>
  <testcase name="TC_SHEPLERS_FOOTERS_019" time="15.895" classname="com.sheplers.testscripts.globalnavigation.Footers"/>
  <testcase name="TC_SHEPLERS_FOOTERS_020" time="16.412" classname="com.sheplers.testscripts.globalnavigation.Footers"/>
  <testcase name="TC_SHEPLERS_FOOTERS_021" time="16.336" classname="com.sheplers.testscripts.globalnavigation.Footers"/>
  <testcase name="TC_SHEPLERS_FOOTERS_025" time="15.248" classname="com.sheplers.testscripts.globalnavigation.Footers"/>
  <testcase name="TC_SHEPLERS_FOOTERS_026" time="13.649" classname="com.sheplers.testscripts.globalnavigation.Footers"/>
  <testcase name="TC_SHEPLERS_FOOTERS_027" time="17.462" classname="com.sheplers.testscripts.globalnavigation.Footers"/>
  <testcase name="TC_SHEPLERS_FOOTERS_028" time="11.806" classname="com.sheplers.testscripts.globalnavigation.Footers"/>
  <testcase name="TC_SHEPLERS_FOOTERS_029" time="21.817" classname="com.sheplers.testscripts.globalnavigation.Footers"/>
  <testcase name="TC_SHEPLERS_FOOTERS_030" time="11.5" classname="com.sheplers.testscripts.globalnavigation.Footers"/>
  <testcase name="TC_SHEPLERS_FOOTERS_031" time="14.189" classname="com.sheplers.testscripts.globalnavigation.Footers"/>
  <testcase name="TC_SHEPLERS_FOOTERS_032" time="20.658" classname="com.sheplers.testscripts.globalnavigation.Footers"/>
  <testcase name="TC_SHEPLERS_FOOTERS_033" time="20.193" classname="com.sheplers.testscripts.globalnavigation.Footers"/>
  <testcase name="TC_SHEPLERS_FOOTERS_034" time="19.432" classname="com.sheplers.testscripts.globalnavigation.Footers"/>
  <testcase name="TC_SHEPLERS_GN_001" time="8.745" classname="com.sheplers.testscripts.globalnavigation.GlobalNavigation"/>
  <testcase name="TC_SHEPLERS_GN_002" time="8.822" classname="com.sheplers.testscripts.globalnavigation.GlobalNavigation"/>
  <testcase name="TC_SHEPLERS_GN_003" time="23.317" classname="com.sheplers.testscripts.globalnavigation.GlobalNavigation"/>
  <testcase name="TC_SHEPLERS_GN_004" time="23.871" classname="com.sheplers.testscripts.globalnavigation.GlobalNavigation"/>
  <testcase name="TC_SHEPLERS_GN_005" time="22.834" classname="com.sheplers.testscripts.globalnavigation.GlobalNavigation"/>
  <testcase name="TC_SHEPLERS_GN_006" time="23.916" classname="com.sheplers.testscripts.globalnavigation.GlobalNavigation"/>
  <testcase name="TC_SHEPLERS_GN_007" time="33.592" classname="com.sheplers.testscripts.globalnavigation.GlobalNavigation"/>
  <testcase name="TC_SHEPLERS_GN_008" time="22.292" classname="com.sheplers.testscripts.globalnavigation.GlobalNavigation"/>
  <testcase name="TC_SHEPLERS_GN_009" time="22.026" classname="com.sheplers.testscripts.globalnavigation.GlobalNavigation"/>
  <testcase name="TC_SHEPLERS_GN_010" time="15.14" classname="com.sheplers.testscripts.globalnavigation.GlobalNavigation"/>
  <testcase name="TC_SHEPLERS_GN_011" time="17.184" classname="com.sheplers.testscripts.globalnavigation.GlobalNavigation"/>
  <testcase name="TC_SHEPLERS_GN_012" time="24.936" classname="com.sheplers.testscripts.globalnavigation.GlobalNavigation"/>
  <testcase name="TC_SHEPLERS_PDP_001" time="61.413" classname="com.sheplers.testscripts.productsection.ProductDetailSection">
    <failure type="java.lang.AssertionError" message="5. Product detail page is not displayed as expected, plz check the event log">
      <![CDATA[java.lang.AssertionError: 5. Product detail page is not displayed as expected, plz check the event log
	at org.testng.Assert.fail(Assert.java:93)
	at com.sheplers.support.Log.fail(Log.java:514)
	at com.sheplers.support.Log.assertThat(Log.java:692)
	at com.sheplers.testscripts.productsection.ProductDetailSection.TC_SHEPLERS_PDP_001(ProductDetailSection.java:101)
	at sun.reflect.NativeMethodAccessorImpl.invoke0(Native Method)
	at sun.reflect.NativeMethodAccessorImpl.invoke(Unknown Source)
	at sun.reflect.DelegatingMethodAccessorImpl.invoke(Unknown Source)
	at java.lang.reflect.Method.invoke(Unknown Source)
	at org.testng.internal.MethodInvocationHelper.invokeMethod(MethodInvocationHelper.java:108)
	at org.testng.internal.Invoker.invokeMethod(Invoker.java:661)
	at org.testng.internal.Invoker.invokeTestMethod(Invoker.java:869)
	at org.testng.internal.TestMethodWithDataProviderMethodWorker.call(TestMethodWithDataProviderMethodWorker.java:75)
	at org.testng.internal.TestMethodWithDataProviderMethodWorker.call(TestMethodWithDataProviderMethodWorker.java:14)
	at java.util.concurrent.FutureTask.run(Unknown Source)
	at java.util.concurrent.Executors$RunnableAdapter.call(Unknown Source)
	at java.util.concurrent.FutureTask.run(Unknown Source)
	at java.util.concurrent.ThreadPoolExecutor.runWorker(Unknown Source)
	at java.util.concurrent.ThreadPoolExecutor$Worker.run(Unknown Source)
	at java.lang.Thread.run(Unknown Source)
]]>
    </failure>
  </testcase> <!-- TC_SHEPLERS_PDP_001 -->
  <testcase name="TC_SHEPLERS_PDP_002" time="44.285" classname="com.sheplers.testscripts.productsection.ProductDetailSection"/>
  <testcase name="TC_SHEPLERS_PDP_003" time="66.366" classname="com.sheplers.testscripts.productsection.ProductDetailSection"/>
  <testcase name="TC_SHEPLERS_PDP_004" time="45.642" classname="com.sheplers.testscripts.productsection.ProductDetailSection"/>
  <testcase name="TC_SHEPLERS_PDP_005" time="61.688" classname="com.sheplers.testscripts.productsection.ProductDetailSection">
    <failure type="java.lang.AssertionError" message="4. Customer Reviews is not displayed as expected, plz check the event log">
      <![CDATA[java.lang.AssertionError: 4. Customer Reviews is not displayed as expected, plz check the event log
	at org.testng.Assert.fail(Assert.java:93)
	at com.sheplers.support.Log.fail(Log.java:514)
	at com.sheplers.support.Log.assertThat(Log.java:692)
	at com.sheplers.testscripts.productsection.ProductDetailSection.TC_SHEPLERS_PDP_005(ProductDetailSection.java:402)
	at sun.reflect.NativeMethodAccessorImpl.invoke0(Native Method)
	at sun.reflect.NativeMethodAccessorImpl.invoke(Unknown Source)
	at sun.reflect.DelegatingMethodAccessorImpl.invoke(Unknown Source)
	at java.lang.reflect.Method.invoke(Unknown Source)
	at org.testng.internal.MethodInvocationHelper.invokeMethod(MethodInvocationHelper.java:108)
	at org.testng.internal.Invoker.invokeMethod(Invoker.java:661)
	at org.testng.internal.Invoker.invokeTestMethod(Invoker.java:869)
	at org.testng.internal.TestMethodWithDataProviderMethodWorker.call(TestMethodWithDataProviderMethodWorker.java:75)
	at org.testng.internal.TestMethodWithDataProviderMethodWorker.call(TestMethodWithDataProviderMethodWorker.java:14)
	at java.util.concurrent.FutureTask.run(Unknown Source)
	at java.util.concurrent.Executors$RunnableAdapter.call(Unknown Source)
	at java.util.concurrent.FutureTask.run(Unknown Source)
	at java.util.concurrent.ThreadPoolExecutor.runWorker(Unknown Source)
	at java.util.concurrent.ThreadPoolExecutor$Worker.run(Unknown Source)
	at java.lang.Thread.run(Unknown Source)
]]>
    </failure>
  </testcase> <!-- TC_SHEPLERS_PDP_005 -->
  <testcase name="TC_SHEPLERS_PDP_006" time="46.448" classname="com.sheplers.testscripts.productsection.ProductDetailSection">
    <failure type="java.lang.Exception" message="Clicking star rating value to navigate to product review section not found in page!!">
      <![CDATA[java.lang.Exception: Clicking star rating value to navigate to product review section not found in page!!
	at com.sheplers.support.BrowserActions.clickOnElement(BrowserActions.java:146)
	at com.sheplers.pages.PdpPage.clickOnStarRating(PdpPage.java:2130)
	at com.sheplers.testscripts.productsection.ProductDetailSection.TC_SHEPLERS_PDP_006(ProductDetailSection.java:474)
	at sun.reflect.NativeMethodAccessorImpl.invoke0(Native Method)
	at sun.reflect.NativeMethodAccessorImpl.invoke(Unknown Source)
	at sun.reflect.DelegatingMethodAccessorImpl.invoke(Unknown Source)
	at java.lang.reflect.Method.invoke(Unknown Source)
	at org.testng.internal.MethodInvocationHelper.invokeMethod(MethodInvocationHelper.java:108)
	at org.testng.internal.Invoker.invokeMethod(Invoker.java:661)
	at org.testng.internal.Invoker.invokeTestMethod(Invoker.java:869)
	at org.testng.internal.TestMethodWithDataProviderMethodWorker.call(TestMethodWithDataProviderMethodWorker.java:75)
	at org.testng.internal.TestMethodWithDataProviderMethodWorker.call(TestMethodWithDataProviderMethodWorker.java:14)
	at java.util.concurrent.FutureTask.run(Unknown Source)
	at java.util.concurrent.Executors$RunnableAdapter.call(Unknown Source)
	at java.util.concurrent.FutureTask.run(Unknown Source)
	at java.util.concurrent.ThreadPoolExecutor.runWorker(Unknown Source)
	at java.util.concurrent.ThreadPoolExecutor$Worker.run(Unknown Source)
	at java.lang.Thread.run(Unknown Source)
]]>
    </failure>
  </testcase> <!-- TC_SHEPLERS_PDP_006 -->
  <testcase name="TC_SHEPLERS_PDP_007" time="54.133" classname="com.sheplers.testscripts.productsection.ProductDetailSection"/>
  <testcase name="TC_SHEPLERS_PDP_008" time="49.48" classname="com.sheplers.testscripts.productsection.ProductDetailSection"/>
  <testcase name="TC_SHEPLERS_PDP_009" time="43.007" classname="com.sheplers.testscripts.productsection.ProductDetailSection"/>
  <testcase name="TC_SHEPLERS_PDP_010" time="40.438" classname="com.sheplers.testscripts.productsection.ProductDetailSection"/>
  <testcase name="TC_SHEPLERS_PDP_011" time="41.017" classname="com.sheplers.testscripts.productsection.ProductDetailSection"/>
  <testcase name="TC_SHEPLERS_PDP_012" time="42.043" classname="com.sheplers.testscripts.productsection.ProductDetailSection"/>
  <testcase name="TC_SHEPLERS_PDP_013" time="42.371" classname="com.sheplers.testscripts.productsection.ProductDetailSection">
    <failure type="java.lang.AssertionError" message="Cart page did not open up.">
      <![CDATA[java.lang.AssertionError: Cart page did not open up.
	at org.testng.Assert.fail(Assert.java:93)
	at com.sheplers.support.Log.fail(Log.java:514)
	at com.sheplers.pages.CartPage.isLoaded(CartPage.java:697)
	at org.openqa.selenium.support.ui.LoadableComponent.get(LoadableComponent.java:52)
	at com.sheplers.pages.PdpPage.addProductToCart(PdpPage.java:776)
	at com.sheplers.testscripts.productsection.ProductDetailSection.TC_SHEPLERS_PDP_013(ProductDetailSection.java:976)
	at sun.reflect.NativeMethodAccessorImpl.invoke0(Native Method)
	at sun.reflect.NativeMethodAccessorImpl.invoke(Unknown Source)
	at sun.reflect.DelegatingMethodAccessorImpl.invoke(Unknown Source)
	at java.lang.reflect.Method.invoke(Unknown Source)
	at org.testng.internal.MethodInvocationHelper.invokeMethod(MethodInvocationHelper.java:108)
	at org.testng.internal.Invoker.invokeMethod(Invoker.java:661)
	at org.testng.internal.Invoker.invokeTestMethod(Invoker.java:869)
	at org.testng.internal.TestMethodWithDataProviderMethodWorker.call(TestMethodWithDataProviderMethodWorker.java:75)
	at org.testng.internal.TestMethodWithDataProviderMethodWorker.call(TestMethodWithDataProviderMethodWorker.java:14)
	at java.util.concurrent.FutureTask.run(Unknown Source)
	at java.util.concurrent.Executors$RunnableAdapter.call(Unknown Source)
	at java.util.concurrent.FutureTask.run(Unknown Source)
	at java.util.concurrent.ThreadPoolExecutor.runWorker(Unknown Source)
	at java.util.concurrent.ThreadPoolExecutor$Worker.run(Unknown Source)
	at java.lang.Thread.run(Unknown Source)
]]>
    </failure>
  </testcase> <!-- TC_SHEPLERS_PDP_013 -->
  <testcase name="TC_SHEPLERS_PDP_014" time="41.889" classname="com.sheplers.testscripts.productsection.ProductDetailSection"/>
  <testcase name="TC_SHEPLERS_PDP_015" time="40.216" classname="com.sheplers.testscripts.productsection.ProductDetailSection"/>
  <testcase name="TC_SHEPLERS_PDP_016" time="40.292" classname="com.sheplers.testscripts.productsection.ProductDetailSection"/>
  <testcase name="TC_SHEPLERS_PDP_017" time="47.745" classname="com.sheplers.testscripts.productsection.ProductDetailSection"/>
  <testcase name="TC_SHEPLERS_PDP_018" time="44.191" classname="com.sheplers.testscripts.productsection.ProductDetailSection"/>
  <testcase name="TC_SHEPLERS_PDP_019" time="51.414" classname="com.sheplers.testscripts.productsection.ProductDetailSection"/>
  <testcase name="TC_SHEPLERS_PDP_020" time="24.135" classname="com.sheplers.testscripts.productsection.ProductDetailSection"/>
  <testcase name="TC_SHEPLERS_PDP_021" time="38.569" classname="com.sheplers.testscripts.productsection.ProductDetailSection">
    <failure type="org.openqa.selenium.NoSuchElementException" message="no such element: Unable to locate element: {&amp;quot;method&amp;quot;:&amp;quot;css selector&amp;quot;,&amp;quot;selector&amp;quot;:&amp;quot;h6[class=&amp;apos;product-name&amp;apos;] a[title*=&amp;apos;Smoky Mountain Amanda Cowgirl Boots - Round Toe&amp;apos;]&amp;quot;}
  (Session info: chrome=58.0.3029.81)
  (Driver info: chromedriver=2.29.461591 (62ebf098771772160f391d75e589dc567915b233),platform=Windows NT 10.0.10240 x86_64) (WARNING: The server did not provide any stacktrace information)
Command duration or timeout: 16 milliseconds
For documentation on this error, please visit: http://seleniumhq.org/exceptions/no_such_element.html
Build info: version: &amp;apos;2.53.1&amp;apos;, revision: &amp;apos;a36b8b1&amp;apos;, time: &amp;apos;2016-06-30 17:37:03&amp;apos;
System info: host: &amp;apos;Aspire1698&amp;apos;, ip: &amp;apos;172.24.166.109&amp;apos;, os.name: &amp;apos;Windows 10&amp;apos;, os.arch: &amp;apos;amd64&amp;apos;, os.version: &amp;apos;10.0&amp;apos;, java.version: &amp;apos;1.8.0_112&amp;apos;
Driver info: org.openqa.selenium.chrome.ChromeDriver
Capabilities [{applicationCacheEnabled=false, rotatable=false, mobileEmulationEnabled=false, networkConnectionEnabled=false, chrome={chromedriverVersion=2.29.461591 (62ebf098771772160f391d75e589dc567915b233), userDataDir=C:\Users\RAAMKU~1.JAY\AppData\Local\Temp\scoped_dir17008_5140}, takesHeapSnapshot=true, pageLoadStrategy=normal, databaseEnabled=false, handlesAlerts=true, hasTouchScreen=false, version=58.0.3029.81, platform=XP, browserConnectionEnabled=false, nativeEvents=true, acceptSslCerts=true, locationContextEnabled=true, webStorageEnabled=true, browserName=chrome, takesScreenshot=true, javascriptEnabled=true, cssSelectorsEnabled=true, unexpectedAlertBehaviour=}]
Session ID: 6c3146e271d9d40e3258e6a9aed687b0
*** Element info: {Using=css selector, value=h6[class=&amp;apos;product-name&amp;apos;] a[title*=&amp;apos;Smoky Mountain Amanda Cowgirl Boots - Round Toe&amp;apos;]}
Command duration or timeout: 98 milliseconds
For documentation on this error, please visit: http://seleniumhq.org/exceptions/no_such_element.html
Build info: version: &amp;apos;2.53.1&amp;apos;, revision: &amp;apos;a36b8b1cd5757287168e54b817830adce9b0158d&amp;apos;, time: &amp;apos;2016-06-30 19:26:09&amp;apos;
System info: host: &amp;apos;Aspire1698&amp;apos;, ip: &amp;apos;172.24.166.109&amp;apos;, os.name: &amp;apos;Windows 10&amp;apos;, os.arch: &amp;apos;amd64&amp;apos;, os.version: &amp;apos;10.0&amp;apos;, java.version: &amp;apos;1.8.0_112&amp;apos;
Driver info: org.openqa.selenium.remote.RemoteWebDriver
Capabilities [{applicationCacheEnabled=false, rotatable=false, mobileEmulationEnabled=false, networkConnectionEnabled=false, chrome={chromedriverVersion=2.29.461591 (62ebf098771772160f391d75e589dc567915b233), userDataDir=C:\Users\RAAMKU~1.JAY\AppData\Local\Temp\scoped_dir17008_5140}, takesHeapSnapshot=true, pageLoadStrategy=normal, databaseEnabled=false, handlesAlerts=true, hasTouchScreen=false, version=58.0.3029.81, platform=XP, browserConnectionEnabled=false, nativeEvents=true, acceptSslCerts=true, webdriver.remote.sessionid=132f1922-9ca0-4624-a1c0-efbffbee9499, locationContextEnabled=true, webStorageEnabled=true, browserName=chrome, takesScreenshot=true, javascriptEnabled=true, cssSelectorsEnabled=true, unexpectedAlertBehaviour=}]
Session ID: 132f1922-9ca0-4624-a1c0-efbffbee9499
*** Element info: {Using=css selector, value=h6[class=&amp;apos;product-name&amp;apos;] a[title*=&amp;apos;Smoky Mountain Amanda Cowgirl Boots - Round Toe&amp;apos;]}">
      <![CDATA[org.openqa.selenium.NoSuchElementException: no such element: Unable to locate element: {"method":"css selector","selector":"h6[class='product-name'] a[title*='Smoky Mountain Amanda Cowgirl Boots - Round Toe']"}
  (Session info: chrome=58.0.3029.81)
  (Driver info: chromedriver=2.29.461591 (62ebf098771772160f391d75e589dc567915b233),platform=Windows NT 10.0.10240 x86_64) (WARNING: The server did not provide any stacktrace information)
Command duration or timeout: 16 milliseconds
For documentation on this error, please visit: http://seleniumhq.org/exceptions/no_such_element.html
Build info: version: '2.53.1', revision: 'a36b8b1', time: '2016-06-30 17:37:03'
System info: host: 'Aspire1698', ip: '172.24.166.109', os.name: 'Windows 10', os.arch: 'amd64', os.version: '10.0', java.version: '1.8.0_112'
Driver info: org.openqa.selenium.chrome.ChromeDriver
Capabilities [{applicationCacheEnabled=false, rotatable=false, mobileEmulationEnabled=false, networkConnectionEnabled=false, chrome={chromedriverVersion=2.29.461591 (62ebf098771772160f391d75e589dc567915b233), userDataDir=C:\Users\RAAMKU~1.JAY\AppData\Local\Temp\scoped_dir17008_5140}, takesHeapSnapshot=true, pageLoadStrategy=normal, databaseEnabled=false, handlesAlerts=true, hasTouchScreen=false, version=58.0.3029.81, platform=XP, browserConnectionEnabled=false, nativeEvents=true, acceptSslCerts=true, locationContextEnabled=true, webStorageEnabled=true, browserName=chrome, takesScreenshot=true, javascriptEnabled=true, cssSelectorsEnabled=true, unexpectedAlertBehaviour=}]
Session ID: 6c3146e271d9d40e3258e6a9aed687b0
*** Element info: {Using=css selector, value=h6[class='product-name'] a[title*='Smoky Mountain Amanda Cowgirl Boots - Round Toe']}
Command duration or timeout: 98 milliseconds
For documentation on this error, please visit: http://seleniumhq.org/exceptions/no_such_element.html
Build info: version: '2.53.1', revision: 'a36b8b1cd5757287168e54b817830adce9b0158d', time: '2016-06-30 19:26:09'
System info: host: 'Aspire1698', ip: '172.24.166.109', os.name: 'Windows 10', os.arch: 'amd64', os.version: '10.0', java.version: '1.8.0_112'
Driver info: org.openqa.selenium.remote.RemoteWebDriver
Capabilities [{applicationCacheEnabled=false, rotatable=false, mobileEmulationEnabled=false, networkConnectionEnabled=false, chrome={chromedriverVersion=2.29.461591 (62ebf098771772160f391d75e589dc567915b233), userDataDir=C:\Users\RAAMKU~1.JAY\AppData\Local\Temp\scoped_dir17008_5140}, takesHeapSnapshot=true, pageLoadStrategy=normal, databaseEnabled=false, handlesAlerts=true, hasTouchScreen=false, version=58.0.3029.81, platform=XP, browserConnectionEnabled=false, nativeEvents=true, acceptSslCerts=true, webdriver.remote.sessionid=132f1922-9ca0-4624-a1c0-efbffbee9499, locationContextEnabled=true, webStorageEnabled=true, browserName=chrome, takesScreenshot=true, javascriptEnabled=true, cssSelectorsEnabled=true, unexpectedAlertBehaviour=}]
Session ID: 132f1922-9ca0-4624-a1c0-efbffbee9499
*** Element info: {Using=css selector, value=h6[class='product-name'] a[title*='Smoky Mountain Amanda Cowgirl Boots - Round Toe']}
	at sun.reflect.GeneratedConstructorAccessor93.newInstance(Unknown Source)
	at sun.reflect.DelegatingConstructorAccessorImpl.newInstance(Unknown Source)
	at java.lang.reflect.Constructor.newInstance(Unknown Source)
	at org.openqa.selenium.remote.ErrorHandler.createThrowable(ErrorHandler.java:206)
	at org.openqa.selenium.remote.ErrorHandler.throwIfResponseFailed(ErrorHandler.java:158)
	at org.openqa.selenium.remote.RemoteWebDriver.execute(RemoteWebDriver.java:678)
	at org.openqa.selenium.remote.RemoteWebDriver.findElement(RemoteWebDriver.java:363)
	at org.openqa.selenium.remote.RemoteWebDriver.findElementByCssSelector(RemoteWebDriver.java:492)
	at org.openqa.selenium.By$ByCssSelector.findElement(By.java:430)
	at org.openqa.selenium.remote.RemoteWebDriver.findElement(RemoteWebDriver.java:355)
	at com.sheplers.pages.CategoryLandingPage.verifyDefaultColorDispinGridpage(CategoryLandingPage.java:424)
	at com.sheplers.testscripts.productsection.ProductDetailSection.TC_SHEPLERS_PDP_021(ProductDetailSection.java:1507)
	at sun.reflect.NativeMethodAccessorImpl.invoke0(Native Method)
	at sun.reflect.NativeMethodAccessorImpl.invoke(Unknown Source)
	at sun.reflect.DelegatingMethodAccessorImpl.invoke(Unknown Source)
	at java.lang.reflect.Method.invoke(Unknown Source)
	at org.testng.internal.MethodInvocationHelper.invokeMethod(MethodInvocationHelper.java:108)
	at org.testng.internal.Invoker.invokeMethod(Invoker.java:661)
	at org.testng.internal.Invoker.invokeTestMethod(Invoker.java:869)
	at org.testng.internal.TestMethodWithDataProviderMethodWorker.call(TestMethodWithDataProviderMethodWorker.java:75)
	at org.testng.internal.TestMethodWithDataProviderMethodWorker.call(TestMethodWithDataProviderMethodWorker.java:14)
	at java.util.concurrent.FutureTask.run(Unknown Source)
	at java.util.concurrent.Executors$RunnableAdapter.call(Unknown Source)
	at java.util.concurrent.FutureTask.run(Unknown Source)
	at java.util.concurrent.ThreadPoolExecutor.runWorker(Unknown Source)
	at java.util.concurrent.ThreadPoolExecutor$Worker.run(Unknown Source)
	at java.lang.Thread.run(Unknown Source)
Caused by: org.openqa.selenium.remote.ScreenshotException: Screen shot has been taken
Build info: version: '2.53.1', revision: 'a36b8b1cd5757287168e54b817830adce9b0158d', time: '2016-06-30 19:26:09'
System info: host: 'Aspire1698', ip: '172.24.166.109', os.name: 'Windows 10', os.arch: 'amd64', os.version: '10.0', java.version: '1.8.0_112'
Driver info: driver.version: RemoteWebDriver
	at org.openqa.selenium.remote.ErrorHandler.throwIfResponseFailed(ErrorHandler.java:138)
	... 22 more
Caused by: org.openqa.selenium.NoSuchElementException: no such element: Unable to locate element: {"method":"css selector","selector":"h6[class='product-name'] a[title*='Smoky Mountain Amanda Cowgirl Boots - Round Toe']"}
  (Session info: chrome=58.0.3029.81)
  (Driver info: chromedriver=2.29.461591 (62ebf098771772160f391d75e589dc567915b233),platform=Windows NT 10.0.10240 x86_64) (WARNING: The server did not provide any stacktrace information)
Command duration or timeout: 16 milliseconds
For documentation on this error, please visit: http://seleniumhq.org/exceptions/no_such_element.html
Build info: version: '2.53.1', revision: 'a36b8b1', time: '2016-06-30 17:37:03'
System info: host: 'Aspire1698', ip: '172.24.166.109', os.name: 'Windows 10', os.arch: 'amd64', os.version: '10.0', java.version: '1.8.0_112'
Driver info: org.openqa.selenium.chrome.ChromeDriver
Capabilities [{applicationCacheEnabled=false, rotatable=false, mobileEmulationEnabled=false, networkConnectionEnabled=false, chrome={chromedriverVersion=2.29.461591 (62ebf098771772160f391d75e589dc567915b233), userDataDir=C:\Users\RAAMKU~1.JAY\AppData\Local\Temp\scoped_dir17008_5140}, takesHeapSnapshot=true, pageLoadStrategy=normal, databaseEnabled=false, handlesAlerts=true, hasTouchScreen=false, version=58.0.3029.81, platform=XP, browserConnectionEnabled=false, nativeEvents=true, acceptSslCerts=true, locationContextEnabled=true, webStorageEnabled=true, browserName=chrome, takesScreenshot=true, javascriptEnabled=true, cssSelectorsEnabled=true, unexpectedAlertBehaviour=}]
Session ID: 6c3146e271d9d40e3258e6a9aed687b0
*** Element info: {Using=css selector, value=h6[class='product-name'] a[title*='Smoky Mountain Amanda Cowgirl Boots - Round Toe']}
For documentation on this error, please visit: http://seleniumhq.org/exceptions/no_such_element.html
Build info: version: '2.53.1', revision: 'a36b8b1cd5757287168e54b817830adce9b0158d', time: '2016-06-30 19:26:09'
System info: host: 'Aspire1698', ip: '172.24.166.109', os.name: 'Windows 10', os.arch: 'amd64', os.version: '10.0', java.version: '1.8.0_112'
Driver info: driver.version: EventFiringWebDriver
	at sun.reflect.GeneratedConstructorAccessor44.newInstance(Unknown Source)
	at sun.reflect.DelegatingConstructorAccessorImpl.newInstance(Unknown Source)
	at java.lang.reflect.Constructor.newInstance(Unknown Source)
	at org.openqa.selenium.remote.ErrorHandler.createThrowable(ErrorHandler.java:206)
	at org.openqa.selenium.remote.ErrorHandler.throwIfResponseFailed(ErrorHandler.java:158)
	at org.openqa.selenium.remote.RemoteWebDriver.execute(RemoteWebDriver.java:678)
	at org.openqa.selenium.remote.RemoteWebDriver.findElement(RemoteWebDriver.java:363)
	at org.openqa.selenium.remote.RemoteWebDriver.findElementByCssSelector(RemoteWebDriver.java:492)
	at org.openqa.selenium.By$ByCssSelector.findElement(By.java:430)
	at org.openqa.selenium.remote.RemoteWebDriver.findElement(RemoteWebDriver.java:355)
	at sun.reflect.GeneratedMethodAccessor10.invoke(Unknown Source)
	at sun.reflect.DelegatingMethodAccessorImpl.invoke(Unknown Source)
	at java.lang.reflect.Method.invoke(Unknown Source)
	at org.openqa.selenium.support.events.EventFiringWebDriver$2.invoke(EventFiringWebDriver.java:103)
	at com.sun.proxy.$Proxy1.findElement(Unknown Source)
	at org.openqa.selenium.support.events.EventFiringWebDriver.findElement(EventFiringWebDriver.java:188)
	at org.openqa.selenium.remote.server.handler.FindElement.call(FindElement.java:48)
	at org.openqa.selenium.remote.server.handler.FindElement.call(FindElement.java:1)
	at java.util.concurrent.FutureTask.run(Unknown Source)
	at org.openqa.selenium.remote.server.DefaultSession$1.run(DefaultSession.java:176)
	... 3 more
]]>
    </failure>
  </testcase> <!-- TC_SHEPLERS_PDP_021 -->
  <testcase name="TC_SHEPLERS_PDP_022" time="48.091" classname="com.sheplers.testscripts.productsection.ProductDetailSection"/>
  <testcase name="TC_SHEPLERS_PDP_023" time="49.604" classname="com.sheplers.testscripts.productsection.ProductDetailSection">
    <failure type="org.openqa.selenium.TimeoutException" message="Timed out after 10 seconds: Couldn&amp;apos;t find #search-result-items li:nth-child(1) ul[class*=&amp;apos;swatch-list&amp;apos;] a
Build info: version: &amp;apos;2.53.1&amp;apos;, revision: &amp;apos;a36b8b1cd5757287168e54b817830adce9b0158d&amp;apos;, time: &amp;apos;2016-06-30 19:26:09&amp;apos;
System info: host: &amp;apos;Aspire1698&amp;apos;, ip: &amp;apos;172.24.166.109&amp;apos;, os.name: &amp;apos;Windows 10&amp;apos;, os.arch: &amp;apos;amd64&amp;apos;, os.version: &amp;apos;10.0&amp;apos;, java.version: &amp;apos;1.8.0_112&amp;apos;
Driver info: org.openqa.selenium.remote.RemoteWebDriver
Capabilities [{applicationCacheEnabled=false, rotatable=false, mobileEmulationEnabled=false, networkConnectionEnabled=false, chrome={chromedriverVersion=2.29.461591 (62ebf098771772160f391d75e589dc567915b233), userDataDir=C:\Users\RAAMKU~1.JAY\AppData\Local\Temp\scoped_dir11548_15749}, takesHeapSnapshot=true, pageLoadStrategy=normal, databaseEnabled=false, handlesAlerts=true, hasTouchScreen=false, version=58.0.3029.81, platform=XP, browserConnectionEnabled=false, nativeEvents=true, acceptSslCerts=true, webdriver.remote.sessionid=3e0d268f-c4dd-47ed-832c-f9446ff43d51, locationContextEnabled=true, webStorageEnabled=true, browserName=chrome, takesScreenshot=true, javascriptEnabled=true, cssSelectorsEnabled=true, unexpectedAlertBehaviour=}]
Session ID: 3e0d268f-c4dd-47ed-832c-f9446ff43d51">
      <![CDATA[org.openqa.selenium.TimeoutException: Timed out after 10 seconds: Couldn't find #search-result-items li:nth-child(1) ul[class*='swatch-list'] a
Build info: version: '2.53.1', revision: 'a36b8b1cd5757287168e54b817830adce9b0158d', time: '2016-06-30 19:26:09'
System info: host: 'Aspire1698', ip: '172.24.166.109', os.name: 'Windows 10', os.arch: 'amd64', os.version: '10.0', java.version: '1.8.0_112'
Driver info: org.openqa.selenium.remote.RemoteWebDriver
Capabilities [{applicationCacheEnabled=false, rotatable=false, mobileEmulationEnabled=false, networkConnectionEnabled=false, chrome={chromedriverVersion=2.29.461591 (62ebf098771772160f391d75e589dc567915b233), userDataDir=C:\Users\RAAMKU~1.JAY\AppData\Local\Temp\scoped_dir11548_15749}, takesHeapSnapshot=true, pageLoadStrategy=normal, databaseEnabled=false, handlesAlerts=true, hasTouchScreen=false, version=58.0.3029.81, platform=XP, browserConnectionEnabled=false, nativeEvents=true, acceptSslCerts=true, webdriver.remote.sessionid=3e0d268f-c4dd-47ed-832c-f9446ff43d51, locationContextEnabled=true, webStorageEnabled=true, browserName=chrome, takesScreenshot=true, javascriptEnabled=true, cssSelectorsEnabled=true, unexpectedAlertBehaviour=}]
Session ID: 3e0d268f-c4dd-47ed-832c-f9446ff43d51
	at org.openqa.selenium.support.ui.WebDriverWait.timeoutException(WebDriverWait.java:80)
	at org.openqa.selenium.support.ui.FluentWait.until(FluentWait.java:261)
	at com.sheplers.support.BrowserActions.checkLocators(BrowserActions.java:522)
	at com.sheplers.pages.CategoryGridPage.fetchProductNameMoreThanOneColor(CategoryGridPage.java:1030)
	at com.sheplers.testscripts.productsection.ProductDetailSection.TC_SHEPLERS_PDP_023(ProductDetailSection.java:1643)
	at sun.reflect.NativeMethodAccessorImpl.invoke0(Native Method)
	at sun.reflect.NativeMethodAccessorImpl.invoke(Unknown Source)
	at sun.reflect.DelegatingMethodAccessorImpl.invoke(Unknown Source)
	at java.lang.reflect.Method.invoke(Unknown Source)
	at org.testng.internal.MethodInvocationHelper.invokeMethod(MethodInvocationHelper.java:108)
	at org.testng.internal.Invoker.invokeMethod(Invoker.java:661)
	at org.testng.internal.Invoker.invokeTestMethod(Invoker.java:869)
	at org.testng.internal.TestMethodWithDataProviderMethodWorker.call(TestMethodWithDataProviderMethodWorker.java:75)
	at org.testng.internal.TestMethodWithDataProviderMethodWorker.call(TestMethodWithDataProviderMethodWorker.java:14)
	at java.util.concurrent.FutureTask.run(Unknown Source)
	at java.util.concurrent.Executors$RunnableAdapter.call(Unknown Source)
	at java.util.concurrent.FutureTask.run(Unknown Source)
	at java.util.concurrent.ThreadPoolExecutor.runWorker(Unknown Source)
	at java.util.concurrent.ThreadPoolExecutor$Worker.run(Unknown Source)
	at java.lang.Thread.run(Unknown Source)
]]>
    </failure>
  </testcase> <!-- TC_SHEPLERS_PDP_023 -->
  <testcase name="TC_SHEPLERS_PDP_024" time="42.869" classname="com.sheplers.testscripts.productsection.ProductDetailSection"/>
  <testcase name="TC_SHEPLERS_PDP_025" time="41.284" classname="com.sheplers.testscripts.productsection.ProductDetailSection"/>
  <testcase name="TC_SHEPLERS_PDP_026" time="46.077" classname="com.sheplers.testscripts.productsection.ProductDetailSection"/>
  <testcase name="TC_SHEPLERS_PDP_027" time="82.007" classname="com.sheplers.testscripts.productsection.ProductDetailSection"/>
  <testcase name="TC_SHEPLERS_PDP_028" time="104.408" classname="com.sheplers.testscripts.productsection.ProductDetailSection"/>
  <testcase name="TC_SHEPLERS_PDP_029" time="45.256" classname="com.sheplers.testscripts.productsection.ProductDetailSection"/>
  <testcase name="TC_SHEPLERS_PDP_030" time="46.766" classname="com.sheplers.testscripts.productsection.ProductDetailSection">
    <failure type="org.openqa.selenium.TimeoutException" message="Timed out after 10 seconds: Couldn&amp;apos;t find #search-result-items li:nth-child(1) ul[class*=&amp;apos;swatch-list&amp;apos;] a
Build info: version: &amp;apos;2.53.1&amp;apos;, revision: &amp;apos;a36b8b1cd5757287168e54b817830adce9b0158d&amp;apos;, time: &amp;apos;2016-06-30 19:26:09&amp;apos;
System info: host: &amp;apos;Aspire1698&amp;apos;, ip: &amp;apos;172.24.166.109&amp;apos;, os.name: &amp;apos;Windows 10&amp;apos;, os.arch: &amp;apos;amd64&amp;apos;, os.version: &amp;apos;10.0&amp;apos;, java.version: &amp;apos;1.8.0_112&amp;apos;
Driver info: org.openqa.selenium.remote.RemoteWebDriver
Capabilities [{applicationCacheEnabled=false, rotatable=false, mobileEmulationEnabled=false, networkConnectionEnabled=false, chrome={chromedriverVersion=2.29.461591 (62ebf098771772160f391d75e589dc567915b233), userDataDir=C:\Users\RAAMKU~1.JAY\AppData\Local\Temp\scoped_dir17880_16449}, takesHeapSnapshot=true, pageLoadStrategy=normal, databaseEnabled=false, handlesAlerts=true, hasTouchScreen=false, version=58.0.3029.81, platform=XP, browserConnectionEnabled=false, nativeEvents=true, acceptSslCerts=true, webdriver.remote.sessionid=a5a5ea1f-c87f-4497-9375-6b0cea99ed67, locationContextEnabled=true, webStorageEnabled=true, browserName=chrome, takesScreenshot=true, javascriptEnabled=true, cssSelectorsEnabled=true, unexpectedAlertBehaviour=}]
Session ID: a5a5ea1f-c87f-4497-9375-6b0cea99ed67">
      <![CDATA[org.openqa.selenium.TimeoutException: Timed out after 10 seconds: Couldn't find #search-result-items li:nth-child(1) ul[class*='swatch-list'] a
Build info: version: '2.53.1', revision: 'a36b8b1cd5757287168e54b817830adce9b0158d', time: '2016-06-30 19:26:09'
System info: host: 'Aspire1698', ip: '172.24.166.109', os.name: 'Windows 10', os.arch: 'amd64', os.version: '10.0', java.version: '1.8.0_112'
Driver info: org.openqa.selenium.remote.RemoteWebDriver
Capabilities [{applicationCacheEnabled=false, rotatable=false, mobileEmulationEnabled=false, networkConnectionEnabled=false, chrome={chromedriverVersion=2.29.461591 (62ebf098771772160f391d75e589dc567915b233), userDataDir=C:\Users\RAAMKU~1.JAY\AppData\Local\Temp\scoped_dir17880_16449}, takesHeapSnapshot=true, pageLoadStrategy=normal, databaseEnabled=false, handlesAlerts=true, hasTouchScreen=false, version=58.0.3029.81, platform=XP, browserConnectionEnabled=false, nativeEvents=true, acceptSslCerts=true, webdriver.remote.sessionid=a5a5ea1f-c87f-4497-9375-6b0cea99ed67, locationContextEnabled=true, webStorageEnabled=true, browserName=chrome, takesScreenshot=true, javascriptEnabled=true, cssSelectorsEnabled=true, unexpectedAlertBehaviour=}]
Session ID: a5a5ea1f-c87f-4497-9375-6b0cea99ed67
	at org.openqa.selenium.support.ui.WebDriverWait.timeoutException(WebDriverWait.java:80)
	at org.openqa.selenium.support.ui.FluentWait.until(FluentWait.java:261)
	at com.sheplers.support.BrowserActions.checkLocators(BrowserActions.java:522)
	at com.sheplers.pages.CategoryGridPage.fetchProductNameMoreThanOneColor(CategoryGridPage.java:1030)
	at com.sheplers.testscripts.productsection.ProductDetailSection.TC_SHEPLERS_PDP_030(ProductDetailSection.java:2133)
	at sun.reflect.NativeMethodAccessorImpl.invoke0(Native Method)
	at sun.reflect.NativeMethodAccessorImpl.invoke(Unknown Source)
	at sun.reflect.DelegatingMethodAccessorImpl.invoke(Unknown Source)
	at java.lang.reflect.Method.invoke(Unknown Source)
	at org.testng.internal.MethodInvocationHelper.invokeMethod(MethodInvocationHelper.java:108)
	at org.testng.internal.Invoker.invokeMethod(Invoker.java:661)
	at org.testng.internal.Invoker.invokeTestMethod(Invoker.java:869)
	at org.testng.internal.TestMethodWithDataProviderMethodWorker.call(TestMethodWithDataProviderMethodWorker.java:75)
	at org.testng.internal.TestMethodWithDataProviderMethodWorker.call(TestMethodWithDataProviderMethodWorker.java:14)
	at java.util.concurrent.FutureTask.run(Unknown Source)
	at java.util.concurrent.Executors$RunnableAdapter.call(Unknown Source)
	at java.util.concurrent.FutureTask.run(Unknown Source)
	at java.util.concurrent.ThreadPoolExecutor.runWorker(Unknown Source)
	at java.util.concurrent.ThreadPoolExecutor$Worker.run(Unknown Source)
	at java.lang.Thread.run(Unknown Source)
]]>
    </failure>
  </testcase> <!-- TC_SHEPLERS_PDP_030 -->
  <testcase name="TC_SHEPLERS_PDP_031" time="37.038" classname="com.sheplers.testscripts.productsection.ProductDetailSection">
    <failure type="java.lang.AssertionError" message="6. Promotion Call-out details for a product or order type is not shown below pricing with Countdown based on the campaign schedule in PDP page..">
      <![CDATA[java.lang.AssertionError: 6. Promotion Call-out details for a product or order type is not shown below pricing with Countdown based on the campaign schedule in PDP page..
	at org.testng.Assert.fail(Assert.java:93)
	at com.sheplers.support.Log.fail(Log.java:514)
	at com.sheplers.support.Log.assertThat(Log.java:692)
	at com.sheplers.testscripts.productsection.ProductDetailSection.TC_SHEPLERS_PDP_031(ProductDetailSection.java:2206)
	at sun.reflect.NativeMethodAccessorImpl.invoke0(Native Method)
	at sun.reflect.NativeMethodAccessorImpl.invoke(Unknown Source)
	at sun.reflect.DelegatingMethodAccessorImpl.invoke(Unknown Source)
	at java.lang.reflect.Method.invoke(Unknown Source)
	at org.testng.internal.MethodInvocationHelper.invokeMethod(MethodInvocationHelper.java:108)
	at org.testng.internal.Invoker.invokeMethod(Invoker.java:661)
	at org.testng.internal.Invoker.invokeTestMethod(Invoker.java:869)
	at org.testng.internal.TestMethodWithDataProviderMethodWorker.call(TestMethodWithDataProviderMethodWorker.java:75)
	at org.testng.internal.TestMethodWithDataProviderMethodWorker.call(TestMethodWithDataProviderMethodWorker.java:14)
	at java.util.concurrent.FutureTask.run(Unknown Source)
	at java.util.concurrent.Executors$RunnableAdapter.call(Unknown Source)
	at java.util.concurrent.FutureTask.run(Unknown Source)
	at java.util.concurrent.ThreadPoolExecutor.runWorker(Unknown Source)
	at java.util.concurrent.ThreadPoolExecutor$Worker.run(Unknown Source)
	at java.lang.Thread.run(Unknown Source)
]]>
    </failure>
  </testcase> <!-- TC_SHEPLERS_PDP_031 -->
  <testcase name="TC_SHEPLERS_PDP_032" time="56.734" classname="com.sheplers.testscripts.productsection.ProductDetailSection"/>
  <testcase name="TC_SHEPLERS_PDP_033" time="39.555" classname="com.sheplers.testscripts.productsection.ProductDetailSection"/>
  <testcase name="TC_SHEPLERS_PDP_034" time="78.765" classname="com.sheplers.testscripts.productsection.ProductDetailSection"/>
  <testcase name="TC_SHEPLERS_PDP_035" time="15.846" classname="com.sheplers.testscripts.productsection.ProductDetailSection"/>
  <testcase name="TC_SHEPLERS_PDP_036" time="28.614" classname="com.sheplers.testscripts.productsection.ProductDetailSection"/>
  <testcase name="TC_SHEPLERS_PDP_037" time="48.82" classname="com.sheplers.testscripts.productsection.ProductDetailSection"/>
  <testcase name="TC_SHEPLERS_PDP_038" time="103.579" classname="com.sheplers.testscripts.productsection.ProductDetailSection">
    <failure type="org.openqa.selenium.TimeoutException" message="Timed out after 10 seconds: Couldn&amp;apos;t find div[class*=&amp;apos;slide thumb&amp;apos;]:not([class*=&amp;apos;selected&amp;apos;])
Build info: version: &amp;apos;2.53.1&amp;apos;, revision: &amp;apos;a36b8b1cd5757287168e54b817830adce9b0158d&amp;apos;, time: &amp;apos;2016-06-30 19:26:09&amp;apos;
System info: host: &amp;apos;Aspire1698&amp;apos;, ip: &amp;apos;172.24.166.109&amp;apos;, os.name: &amp;apos;Windows 10&amp;apos;, os.arch: &amp;apos;amd64&amp;apos;, os.version: &amp;apos;10.0&amp;apos;, java.version: &amp;apos;1.8.0_112&amp;apos;
Driver info: org.openqa.selenium.remote.RemoteWebDriver
Capabilities [{applicationCacheEnabled=false, rotatable=false, mobileEmulationEnabled=false, networkConnectionEnabled=false, chrome={chromedriverVersion=2.29.461591 (62ebf098771772160f391d75e589dc567915b233), userDataDir=C:\Users\RAAMKU~1.JAY\AppData\Local\Temp\scoped_dir9528_25223}, takesHeapSnapshot=true, pageLoadStrategy=normal, databaseEnabled=false, handlesAlerts=true, hasTouchScreen=false, version=58.0.3029.81, platform=XP, browserConnectionEnabled=false, nativeEvents=true, acceptSslCerts=true, webdriver.remote.sessionid=f81a89dc-3be6-48df-b7c2-a292c85a83e5, locationContextEnabled=true, webStorageEnabled=true, browserName=chrome, takesScreenshot=true, javascriptEnabled=true, cssSelectorsEnabled=true, unexpectedAlertBehaviour=}]
Session ID: f81a89dc-3be6-48df-b7c2-a292c85a83e5">
      <![CDATA[org.openqa.selenium.TimeoutException: Timed out after 10 seconds: Couldn't find div[class*='slide thumb']:not([class*='selected'])
Build info: version: '2.53.1', revision: 'a36b8b1cd5757287168e54b817830adce9b0158d', time: '2016-06-30 19:26:09'
System info: host: 'Aspire1698', ip: '172.24.166.109', os.name: 'Windows 10', os.arch: 'amd64', os.version: '10.0', java.version: '1.8.0_112'
Driver info: org.openqa.selenium.remote.RemoteWebDriver
Capabilities [{applicationCacheEnabled=false, rotatable=false, mobileEmulationEnabled=false, networkConnectionEnabled=false, chrome={chromedriverVersion=2.29.461591 (62ebf098771772160f391d75e589dc567915b233), userDataDir=C:\Users\RAAMKU~1.JAY\AppData\Local\Temp\scoped_dir9528_25223}, takesHeapSnapshot=true, pageLoadStrategy=normal, databaseEnabled=false, handlesAlerts=true, hasTouchScreen=false, version=58.0.3029.81, platform=XP, browserConnectionEnabled=false, nativeEvents=true, acceptSslCerts=true, webdriver.remote.sessionid=f81a89dc-3be6-48df-b7c2-a292c85a83e5, locationContextEnabled=true, webStorageEnabled=true, browserName=chrome, takesScreenshot=true, javascriptEnabled=true, cssSelectorsEnabled=true, unexpectedAlertBehaviour=}]
Session ID: f81a89dc-3be6-48df-b7c2-a292c85a83e5
	at org.openqa.selenium.support.ui.WebDriverWait.timeoutException(WebDriverWait.java:80)
	at org.openqa.selenium.support.ui.FluentWait.until(FluentWait.java:261)
	at com.sheplers.support.BrowserActions.checkLocators(BrowserActions.java:522)
	at com.sheplers.pages.CategoryGridPage.clickAlternateThumbnailImageInPdpPage(CategoryGridPage.java:1144)
	at com.sheplers.testscripts.productsection.ProductDetailSection.TC_SHEPLERS_PDP_038(ProductDetailSection.java:2712)
	at sun.reflect.NativeMethodAccessorImpl.invoke0(Native Method)
	at sun.reflect.NativeMethodAccessorImpl.invoke(Unknown Source)
	at sun.reflect.DelegatingMethodAccessorImpl.invoke(Unknown Source)
	at java.lang.reflect.Method.invoke(Unknown Source)
	at org.testng.internal.MethodInvocationHelper.invokeMethod(MethodInvocationHelper.java:108)
	at org.testng.internal.Invoker.invokeMethod(Invoker.java:661)
	at org.testng.internal.Invoker.invokeTestMethod(Invoker.java:869)
	at org.testng.internal.TestMethodWithDataProviderMethodWorker.call(TestMethodWithDataProviderMethodWorker.java:75)
	at org.testng.internal.TestMethodWithDataProviderMethodWorker.call(TestMethodWithDataProviderMethodWorker.java:14)
	at java.util.concurrent.FutureTask.run(Unknown Source)
	at java.util.concurrent.Executors$RunnableAdapter.call(Unknown Source)
	at java.util.concurrent.FutureTask.run(Unknown Source)
	at java.util.concurrent.ThreadPoolExecutor.runWorker(Unknown Source)
	at java.util.concurrent.ThreadPoolExecutor$Worker.run(Unknown Source)
	at java.lang.Thread.run(Unknown Source)
]]>
    </failure>
  </testcase> <!-- TC_SHEPLERS_PDP_038 -->
  <testcase name="TC_SHEPLERS_PDP_039" time="35.632" classname="com.sheplers.testscripts.productsection.ProductDetailSection"/>
  <testcase name="TC_SHEPLERS_PDP_040" time="61.053" classname="com.sheplers.testscripts.productsection.ProductDetailSection"/>
  <testcase name="TC_SHEPLERS_PDP_041" time="68.487" classname="com.sheplers.testscripts.productsection.ProductDetailSection"/>
  <testcase name="TC_SHEPLERS_PDP_042" time="27.285" classname="com.sheplers.testscripts.productsection.ProductDetailSection"/>
  <testcase name="TC_SHEPLERS_PDP_043" time="43.932" classname="com.sheplers.testscripts.productsection.ProductDetailSection"/>
  <testcase name="TC_SHEPLERS_PDP_044" time="66.829" classname="com.sheplers.testscripts.productsection.ProductDetailSection"/>
  <testcase name="TC_SHEPLERS_PDP_045" time="67.196" classname="com.sheplers.testscripts.productsection.ProductDetailSection"/>
  <testcase name="TC_SHEPLERS_PDP_046" time="33.191" classname="com.sheplers.testscripts.productsection.ProductDetailSection"/>
  <testcase name="TC_SHEPLERS_PDP_047" time="79.458" classname="com.sheplers.testscripts.productsection.ProductDetailSection">
    <failure type="org.openqa.selenium.NoSuchElementException" message="no such element: Unable to locate element: {&amp;quot;method&amp;quot;:&amp;quot;css selector&amp;quot;,&amp;quot;selector&amp;quot;:&amp;quot;.primary-logo.mb-hidden img[class=&amp;apos;desktop-logo&amp;apos;]&amp;quot;}
  (Session info: chrome=58.0.3029.81)
  (Driver info: chromedriver=2.29.461591 (62ebf098771772160f391d75e589dc567915b233),platform=Windows NT 10.0.10240 x86_64) (WARNING: The server did not provide any stacktrace information)
Command duration or timeout: 16 milliseconds
For documentation on this error, please visit: http://seleniumhq.org/exceptions/no_such_element.html
Build info: version: &amp;apos;2.53.1&amp;apos;, revision: &amp;apos;a36b8b1&amp;apos;, time: &amp;apos;2016-06-30 17:37:03&amp;apos;
System info: host: &amp;apos;Aspire1698&amp;apos;, ip: &amp;apos;172.24.166.109&amp;apos;, os.name: &amp;apos;Windows 10&amp;apos;, os.arch: &amp;apos;amd64&amp;apos;, os.version: &amp;apos;10.0&amp;apos;, java.version: &amp;apos;1.8.0_112&amp;apos;
Driver info: org.openqa.selenium.chrome.ChromeDriver
Capabilities [{applicationCacheEnabled=false, rotatable=false, mobileEmulationEnabled=false, networkConnectionEnabled=false, chrome={chromedriverVersion=2.29.461591 (62ebf098771772160f391d75e589dc567915b233), userDataDir=C:\Users\RAAMKU~1.JAY\AppData\Local\Temp\scoped_dir10740_17628}, takesHeapSnapshot=true, pageLoadStrategy=normal, databaseEnabled=false, handlesAlerts=true, hasTouchScreen=false, version=58.0.3029.81, platform=XP, browserConnectionEnabled=false, nativeEvents=true, acceptSslCerts=true, locationContextEnabled=true, webStorageEnabled=true, browserName=chrome, takesScreenshot=true, javascriptEnabled=true, cssSelectorsEnabled=true, unexpectedAlertBehaviour=}]
Session ID: 1a2e1ebfd7f0bce1149f50f1ea241ec2
*** Element info: {Using=css selector, value=.primary-logo.mb-hidden img[class=&amp;apos;desktop-logo&amp;apos;]}
Command duration or timeout: 128 milliseconds
For documentation on this error, please visit: http://seleniumhq.org/exceptions/no_such_element.html
Build info: version: &amp;apos;2.53.1&amp;apos;, revision: &amp;apos;a36b8b1cd5757287168e54b817830adce9b0158d&amp;apos;, time: &amp;apos;2016-06-30 19:26:09&amp;apos;
System info: host: &amp;apos;Aspire1698&amp;apos;, ip: &amp;apos;172.24.166.109&amp;apos;, os.name: &amp;apos;Windows 10&amp;apos;, os.arch: &amp;apos;amd64&amp;apos;, os.version: &amp;apos;10.0&amp;apos;, java.version: &amp;apos;1.8.0_112&amp;apos;
Driver info: org.openqa.selenium.remote.RemoteWebDriver
Capabilities [{applicationCacheEnabled=false, rotatable=false, mobileEmulationEnabled=false, networkConnectionEnabled=false, chrome={chromedriverVersion=2.29.461591 (62ebf098771772160f391d75e589dc567915b233), userDataDir=C:\Users\RAAMKU~1.JAY\AppData\Local\Temp\scoped_dir10740_17628}, takesHeapSnapshot=true, pageLoadStrategy=normal, databaseEnabled=false, handlesAlerts=true, hasTouchScreen=false, version=58.0.3029.81, platform=XP, browserConnectionEnabled=false, nativeEvents=true, acceptSslCerts=true, webdriver.remote.sessionid=d7aa21d5-6a3e-4618-9240-54cb264c1986, locationContextEnabled=true, webStorageEnabled=true, browserName=chrome, takesScreenshot=true, javascriptEnabled=true, cssSelectorsEnabled=true, unexpectedAlertBehaviour=}]
Session ID: d7aa21d5-6a3e-4618-9240-54cb264c1986
*** Element info: {Using=css selector, value=.primary-logo.mb-hidden img[class=&amp;apos;desktop-logo&amp;apos;]}">
      <![CDATA[org.openqa.selenium.NoSuchElementException: no such element: Unable to locate element: {"method":"css selector","selector":".primary-logo.mb-hidden img[class='desktop-logo']"}
  (Session info: chrome=58.0.3029.81)
  (Driver info: chromedriver=2.29.461591 (62ebf098771772160f391d75e589dc567915b233),platform=Windows NT 10.0.10240 x86_64) (WARNING: The server did not provide any stacktrace information)
Command duration or timeout: 16 milliseconds
For documentation on this error, please visit: http://seleniumhq.org/exceptions/no_such_element.html
Build info: version: '2.53.1', revision: 'a36b8b1', time: '2016-06-30 17:37:03'
System info: host: 'Aspire1698', ip: '172.24.166.109', os.name: 'Windows 10', os.arch: 'amd64', os.version: '10.0', java.version: '1.8.0_112'
Driver info: org.openqa.selenium.chrome.ChromeDriver
Capabilities [{applicationCacheEnabled=false, rotatable=false, mobileEmulationEnabled=false, networkConnectionEnabled=false, chrome={chromedriverVersion=2.29.461591 (62ebf098771772160f391d75e589dc567915b233), userDataDir=C:\Users\RAAMKU~1.JAY\AppData\Local\Temp\scoped_dir10740_17628}, takesHeapSnapshot=true, pageLoadStrategy=normal, databaseEnabled=false, handlesAlerts=true, hasTouchScreen=false, version=58.0.3029.81, platform=XP, browserConnectionEnabled=false, nativeEvents=true, acceptSslCerts=true, locationContextEnabled=true, webStorageEnabled=true, browserName=chrome, takesScreenshot=true, javascriptEnabled=true, cssSelectorsEnabled=true, unexpectedAlertBehaviour=}]
Session ID: 1a2e1ebfd7f0bce1149f50f1ea241ec2
*** Element info: {Using=css selector, value=.primary-logo.mb-hidden img[class='desktop-logo']}
Command duration or timeout: 128 milliseconds
For documentation on this error, please visit: http://seleniumhq.org/exceptions/no_such_element.html
Build info: version: '2.53.1', revision: 'a36b8b1cd5757287168e54b817830adce9b0158d', time: '2016-06-30 19:26:09'
System info: host: 'Aspire1698', ip: '172.24.166.109', os.name: 'Windows 10', os.arch: 'amd64', os.version: '10.0', java.version: '1.8.0_112'
Driver info: org.openqa.selenium.remote.RemoteWebDriver
Capabilities [{applicationCacheEnabled=false, rotatable=false, mobileEmulationEnabled=false, networkConnectionEnabled=false, chrome={chromedriverVersion=2.29.461591 (62ebf098771772160f391d75e589dc567915b233), userDataDir=C:\Users\RAAMKU~1.JAY\AppData\Local\Temp\scoped_dir10740_17628}, takesHeapSnapshot=true, pageLoadStrategy=normal, databaseEnabled=false, handlesAlerts=true, hasTouchScreen=false, version=58.0.3029.81, platform=XP, browserConnectionEnabled=false, nativeEvents=true, acceptSslCerts=true, webdriver.remote.sessionid=d7aa21d5-6a3e-4618-9240-54cb264c1986, locationContextEnabled=true, webStorageEnabled=true, browserName=chrome, takesScreenshot=true, javascriptEnabled=true, cssSelectorsEnabled=true, unexpectedAlertBehaviour=}]
Session ID: d7aa21d5-6a3e-4618-9240-54cb264c1986
*** Element info: {Using=css selector, value=.primary-logo.mb-hidden img[class='desktop-logo']}
	at sun.reflect.GeneratedConstructorAccessor93.newInstance(Unknown Source)
	at sun.reflect.DelegatingConstructorAccessorImpl.newInstance(Unknown Source)
	at java.lang.reflect.Constructor.newInstance(Unknown Source)
	at org.openqa.selenium.remote.ErrorHandler.createThrowable(ErrorHandler.java:206)
	at org.openqa.selenium.remote.ErrorHandler.throwIfResponseFailed(ErrorHandler.java:158)
	at org.openqa.selenium.remote.RemoteWebDriver.execute(RemoteWebDriver.java:678)
	at org.openqa.selenium.remote.RemoteWebDriver.findElement(RemoteWebDriver.java:363)
	at org.openqa.selenium.remote.RemoteWebDriver.findElementByCssSelector(RemoteWebDriver.java:492)
	at org.openqa.selenium.By$ByCssSelector.findElement(By.java:430)
	at org.openqa.selenium.remote.RemoteWebDriver.findElement(RemoteWebDriver.java:355)
	at com.sheplers.pages.PdpPage.toclickProductInBestSellingItemsSectionInPdpPage(PdpPage.java:637)
	at com.sheplers.testscripts.productsection.ProductDetailSection.TC_SHEPLERS_PDP_047(ProductDetailSection.java:3309)
	at sun.reflect.NativeMethodAccessorImpl.invoke0(Native Method)
	at sun.reflect.NativeMethodAccessorImpl.invoke(Unknown Source)
	at sun.reflect.DelegatingMethodAccessorImpl.invoke(Unknown Source)
	at java.lang.reflect.Method.invoke(Unknown Source)
	at org.testng.internal.MethodInvocationHelper.invokeMethod(MethodInvocationHelper.java:108)
	at org.testng.internal.Invoker.invokeMethod(Invoker.java:661)
	at org.testng.internal.Invoker.invokeTestMethod(Invoker.java:869)
	at org.testng.internal.TestMethodWithDataProviderMethodWorker.call(TestMethodWithDataProviderMethodWorker.java:75)
	at org.testng.internal.TestMethodWithDataProviderMethodWorker.call(TestMethodWithDataProviderMethodWorker.java:14)
	at java.util.concurrent.FutureTask.run(Unknown Source)
	at java.util.concurrent.Executors$RunnableAdapter.call(Unknown Source)
	at java.util.concurrent.FutureTask.run(Unknown Source)
	at java.util.concurrent.ThreadPoolExecutor.runWorker(Unknown Source)
	at java.util.concurrent.ThreadPoolExecutor$Worker.run(Unknown Source)
	at java.lang.Thread.run(Unknown Source)
Caused by: org.openqa.selenium.remote.ScreenshotException: Screen shot has been taken
Build info: version: '2.53.1', revision: 'a36b8b1cd5757287168e54b817830adce9b0158d', time: '2016-06-30 19:26:09'
System info: host: 'Aspire1698', ip: '172.24.166.109', os.name: 'Windows 10', os.arch: 'amd64', os.version: '10.0', java.version: '1.8.0_112'
Driver info: driver.version: RemoteWebDriver
	at org.openqa.selenium.remote.ErrorHandler.throwIfResponseFailed(ErrorHandler.java:138)
	... 22 more
Caused by: org.openqa.selenium.NoSuchElementException: no such element: Unable to locate element: {"method":"css selector","selector":".primary-logo.mb-hidden img[class='desktop-logo']"}
  (Session info: chrome=58.0.3029.81)
  (Driver info: chromedriver=2.29.461591 (62ebf098771772160f391d75e589dc567915b233),platform=Windows NT 10.0.10240 x86_64) (WARNING: The server did not provide any stacktrace information)
Command duration or timeout: 16 milliseconds
For documentation on this error, please visit: http://seleniumhq.org/exceptions/no_such_element.html
Build info: version: '2.53.1', revision: 'a36b8b1', time: '2016-06-30 17:37:03'
System info: host: 'Aspire1698', ip: '172.24.166.109', os.name: 'Windows 10', os.arch: 'amd64', os.version: '10.0', java.version: '1.8.0_112'
Driver info: org.openqa.selenium.chrome.ChromeDriver
Capabilities [{applicationCacheEnabled=false, rotatable=false, mobileEmulationEnabled=false, networkConnectionEnabled=false, chrome={chromedriverVersion=2.29.461591 (62ebf098771772160f391d75e589dc567915b233), userDataDir=C:\Users\RAAMKU~1.JAY\AppData\Local\Temp\scoped_dir10740_17628}, takesHeapSnapshot=true, pageLoadStrategy=normal, databaseEnabled=false, handlesAlerts=true, hasTouchScreen=false, version=58.0.3029.81, platform=XP, browserConnectionEnabled=false, nativeEvents=true, acceptSslCerts=true, locationContextEnabled=true, webStorageEnabled=true, browserName=chrome, takesScreenshot=true, javascriptEnabled=true, cssSelectorsEnabled=true, unexpectedAlertBehaviour=}]
Session ID: 1a2e1ebfd7f0bce1149f50f1ea241ec2
*** Element info: {Using=css selector, value=.primary-logo.mb-hidden img[class='desktop-logo']}
For documentation on this error, please visit: http://seleniumhq.org/exceptions/no_such_element.html
Build info: version: '2.53.1', revision: 'a36b8b1cd5757287168e54b817830adce9b0158d', time: '2016-06-30 19:26:09'
System info: host: 'Aspire1698', ip: '172.24.166.109', os.name: 'Windows 10', os.arch: 'amd64', os.version: '10.0', java.version: '1.8.0_112'
Driver info: driver.version: EventFiringWebDriver
	at sun.reflect.GeneratedConstructorAccessor44.newInstance(Unknown Source)
	at sun.reflect.DelegatingConstructorAccessorImpl.newInstance(Unknown Source)
	at java.lang.reflect.Constructor.newInstance(Unknown Source)
	at org.openqa.selenium.remote.ErrorHandler.createThrowable(ErrorHandler.java:206)
	at org.openqa.selenium.remote.ErrorHandler.throwIfResponseFailed(ErrorHandler.java:158)
	at org.openqa.selenium.remote.RemoteWebDriver.execute(RemoteWebDriver.java:678)
	at org.openqa.selenium.remote.RemoteWebDriver.findElement(RemoteWebDriver.java:363)
	at org.openqa.selenium.remote.RemoteWebDriver.findElementByCssSelector(RemoteWebDriver.java:492)
	at org.openqa.selenium.By$ByCssSelector.findElement(By.java:430)
	at org.openqa.selenium.remote.RemoteWebDriver.findElement(RemoteWebDriver.java:355)
	at sun.reflect.GeneratedMethodAccessor10.invoke(Unknown Source)
	at sun.reflect.DelegatingMethodAccessorImpl.invoke(Unknown Source)
	at java.lang.reflect.Method.invoke(Unknown Source)
	at org.openqa.selenium.support.events.EventFiringWebDriver$2.invoke(EventFiringWebDriver.java:103)
	at com.sun.proxy.$Proxy1.findElement(Unknown Source)
	at org.openqa.selenium.support.events.EventFiringWebDriver.findElement(EventFiringWebDriver.java:188)
	at org.openqa.selenium.remote.server.handler.FindElement.call(FindElement.java:48)
	at org.openqa.selenium.remote.server.handler.FindElement.call(FindElement.java:1)
	at java.util.concurrent.FutureTask.run(Unknown Source)
	at org.openqa.selenium.remote.server.DefaultSession$1.run(DefaultSession.java:176)
	... 3 more
]]>
    </failure>
  </testcase> <!-- TC_SHEPLERS_PDP_047 -->
  <testcase name="TC_SHEPLERS_PDP_048" time="36.003" classname="com.sheplers.testscripts.productsection.ProductDetailSection"/>
  <testcase name="TC_SHEPLERS_PDP_049" time="95.041" classname="com.sheplers.testscripts.productsection.ProductDetailSection"/>
  <testcase name="TC_SHEPLERS_PDP_050" time="32.965" classname="com.sheplers.testscripts.productsection.ProductDetailSection"/>
  <testcase name="TC_SHEPLERS_PDP_051" time="43.376" classname="com.sheplers.testscripts.productsection.ProductDetailSection">
    <failure type="org.openqa.selenium.NoSuchElementException" message="no such element: Unable to locate element: {&amp;quot;method&amp;quot;:&amp;quot;css selector&amp;quot;,&amp;quot;selector&amp;quot;:&amp;quot;.primary-logo.mb-hidden img[class=&amp;apos;desktop-logo&amp;apos;]&amp;quot;}
  (Session info: chrome=58.0.3029.81)
  (Driver info: chromedriver=2.29.461591 (62ebf098771772160f391d75e589dc567915b233),platform=Windows NT 10.0.10240 x86_64) (WARNING: The server did not provide any stacktrace information)
Command duration or timeout: 16 milliseconds
For documentation on this error, please visit: http://seleniumhq.org/exceptions/no_such_element.html
Build info: version: &amp;apos;2.53.1&amp;apos;, revision: &amp;apos;a36b8b1&amp;apos;, time: &amp;apos;2016-06-30 17:37:03&amp;apos;
System info: host: &amp;apos;Aspire1698&amp;apos;, ip: &amp;apos;172.24.166.109&amp;apos;, os.name: &amp;apos;Windows 10&amp;apos;, os.arch: &amp;apos;amd64&amp;apos;, os.version: &amp;apos;10.0&amp;apos;, java.version: &amp;apos;1.8.0_112&amp;apos;
Driver info: org.openqa.selenium.chrome.ChromeDriver
Capabilities [{applicationCacheEnabled=false, rotatable=false, mobileEmulationEnabled=false, networkConnectionEnabled=false, chrome={chromedriverVersion=2.29.461591 (62ebf098771772160f391d75e589dc567915b233), userDataDir=C:\Users\RAAMKU~1.JAY\AppData\Local\Temp\scoped_dir11632_6098}, takesHeapSnapshot=true, pageLoadStrategy=normal, databaseEnabled=false, handlesAlerts=true, hasTouchScreen=false, version=58.0.3029.81, platform=XP, browserConnectionEnabled=false, nativeEvents=true, acceptSslCerts=true, locationContextEnabled=true, webStorageEnabled=true, browserName=chrome, takesScreenshot=true, javascriptEnabled=true, cssSelectorsEnabled=true, unexpectedAlertBehaviour=}]
Session ID: 9b2540a5ef783dfd7f7e201484071306
*** Element info: {Using=css selector, value=.primary-logo.mb-hidden img[class=&amp;apos;desktop-logo&amp;apos;]}
Command duration or timeout: 141 milliseconds
For documentation on this error, please visit: http://seleniumhq.org/exceptions/no_such_element.html
Build info: version: &amp;apos;2.53.1&amp;apos;, revision: &amp;apos;a36b8b1cd5757287168e54b817830adce9b0158d&amp;apos;, time: &amp;apos;2016-06-30 19:26:09&amp;apos;
System info: host: &amp;apos;Aspire1698&amp;apos;, ip: &amp;apos;172.24.166.109&amp;apos;, os.name: &amp;apos;Windows 10&amp;apos;, os.arch: &amp;apos;amd64&amp;apos;, os.version: &amp;apos;10.0&amp;apos;, java.version: &amp;apos;1.8.0_112&amp;apos;
Driver info: org.openqa.selenium.remote.RemoteWebDriver
Capabilities [{applicationCacheEnabled=false, rotatable=false, mobileEmulationEnabled=false, networkConnectionEnabled=false, chrome={chromedriverVersion=2.29.461591 (62ebf098771772160f391d75e589dc567915b233), userDataDir=C:\Users\RAAMKU~1.JAY\AppData\Local\Temp\scoped_dir11632_6098}, takesHeapSnapshot=true, pageLoadStrategy=normal, databaseEnabled=false, handlesAlerts=true, hasTouchScreen=false, version=58.0.3029.81, platform=XP, browserConnectionEnabled=false, nativeEvents=true, acceptSslCerts=true, webdriver.remote.sessionid=e9bd4516-1fcc-4052-8ff4-0e2a3b889738, locationContextEnabled=true, webStorageEnabled=true, browserName=chrome, takesScreenshot=true, javascriptEnabled=true, cssSelectorsEnabled=true, unexpectedAlertBehaviour=}]
Session ID: e9bd4516-1fcc-4052-8ff4-0e2a3b889738
*** Element info: {Using=css selector, value=.primary-logo.mb-hidden img[class=&amp;apos;desktop-logo&amp;apos;]}">
      <![CDATA[org.openqa.selenium.NoSuchElementException: no such element: Unable to locate element: {"method":"css selector","selector":".primary-logo.mb-hidden img[class='desktop-logo']"}
  (Session info: chrome=58.0.3029.81)
  (Driver info: chromedriver=2.29.461591 (62ebf098771772160f391d75e589dc567915b233),platform=Windows NT 10.0.10240 x86_64) (WARNING: The server did not provide any stacktrace information)
Command duration or timeout: 16 milliseconds
For documentation on this error, please visit: http://seleniumhq.org/exceptions/no_such_element.html
Build info: version: '2.53.1', revision: 'a36b8b1', time: '2016-06-30 17:37:03'
System info: host: 'Aspire1698', ip: '172.24.166.109', os.name: 'Windows 10', os.arch: 'amd64', os.version: '10.0', java.version: '1.8.0_112'
Driver info: org.openqa.selenium.chrome.ChromeDriver
Capabilities [{applicationCacheEnabled=false, rotatable=false, mobileEmulationEnabled=false, networkConnectionEnabled=false, chrome={chromedriverVersion=2.29.461591 (62ebf098771772160f391d75e589dc567915b233), userDataDir=C:\Users\RAAMKU~1.JAY\AppData\Local\Temp\scoped_dir11632_6098}, takesHeapSnapshot=true, pageLoadStrategy=normal, databaseEnabled=false, handlesAlerts=true, hasTouchScreen=false, version=58.0.3029.81, platform=XP, browserConnectionEnabled=false, nativeEvents=true, acceptSslCerts=true, locationContextEnabled=true, webStorageEnabled=true, browserName=chrome, takesScreenshot=true, javascriptEnabled=true, cssSelectorsEnabled=true, unexpectedAlertBehaviour=}]
Session ID: 9b2540a5ef783dfd7f7e201484071306
*** Element info: {Using=css selector, value=.primary-logo.mb-hidden img[class='desktop-logo']}
Command duration or timeout: 141 milliseconds
For documentation on this error, please visit: http://seleniumhq.org/exceptions/no_such_element.html
Build info: version: '2.53.1', revision: 'a36b8b1cd5757287168e54b817830adce9b0158d', time: '2016-06-30 19:26:09'
System info: host: 'Aspire1698', ip: '172.24.166.109', os.name: 'Windows 10', os.arch: 'amd64', os.version: '10.0', java.version: '1.8.0_112'
Driver info: org.openqa.selenium.remote.RemoteWebDriver
Capabilities [{applicationCacheEnabled=false, rotatable=false, mobileEmulationEnabled=false, networkConnectionEnabled=false, chrome={chromedriverVersion=2.29.461591 (62ebf098771772160f391d75e589dc567915b233), userDataDir=C:\Users\RAAMKU~1.JAY\AppData\Local\Temp\scoped_dir11632_6098}, takesHeapSnapshot=true, pageLoadStrategy=normal, databaseEnabled=false, handlesAlerts=true, hasTouchScreen=false, version=58.0.3029.81, platform=XP, browserConnectionEnabled=false, nativeEvents=true, acceptSslCerts=true, webdriver.remote.sessionid=e9bd4516-1fcc-4052-8ff4-0e2a3b889738, locationContextEnabled=true, webStorageEnabled=true, browserName=chrome, takesScreenshot=true, javascriptEnabled=true, cssSelectorsEnabled=true, unexpectedAlertBehaviour=}]
Session ID: e9bd4516-1fcc-4052-8ff4-0e2a3b889738
*** Element info: {Using=css selector, value=.primary-logo.mb-hidden img[class='desktop-logo']}
	at sun.reflect.GeneratedConstructorAccessor93.newInstance(Unknown Source)
	at sun.reflect.DelegatingConstructorAccessorImpl.newInstance(Unknown Source)
	at java.lang.reflect.Constructor.newInstance(Unknown Source)
	at org.openqa.selenium.remote.ErrorHandler.createThrowable(ErrorHandler.java:206)
	at org.openqa.selenium.remote.ErrorHandler.throwIfResponseFailed(ErrorHandler.java:158)
	at org.openqa.selenium.remote.RemoteWebDriver.execute(RemoteWebDriver.java:678)
	at org.openqa.selenium.remote.RemoteWebDriver.findElement(RemoteWebDriver.java:363)
	at org.openqa.selenium.remote.RemoteWebDriver.findElementByCssSelector(RemoteWebDriver.java:492)
	at org.openqa.selenium.By$ByCssSelector.findElement(By.java:430)
	at org.openqa.selenium.remote.RemoteWebDriver.findElement(RemoteWebDriver.java:355)
	at com.sheplers.pages.PdpPage.toclickProductInPeopleWhoBoughtSectionInPdpPage(PdpPage.java:721)
	at com.sheplers.testscripts.productsection.ProductDetailSection.TC_SHEPLERS_PDP_051(ProductDetailSection.java:3581)
	at sun.reflect.NativeMethodAccessorImpl.invoke0(Native Method)
	at sun.reflect.NativeMethodAccessorImpl.invoke(Unknown Source)
	at sun.reflect.DelegatingMethodAccessorImpl.invoke(Unknown Source)
	at java.lang.reflect.Method.invoke(Unknown Source)
	at org.testng.internal.MethodInvocationHelper.invokeMethod(MethodInvocationHelper.java:108)
	at org.testng.internal.Invoker.invokeMethod(Invoker.java:661)
	at org.testng.internal.Invoker.invokeTestMethod(Invoker.java:869)
	at org.testng.internal.TestMethodWithDataProviderMethodWorker.call(TestMethodWithDataProviderMethodWorker.java:75)
	at org.testng.internal.TestMethodWithDataProviderMethodWorker.call(TestMethodWithDataProviderMethodWorker.java:14)
	at java.util.concurrent.FutureTask.run(Unknown Source)
	at java.util.concurrent.Executors$RunnableAdapter.call(Unknown Source)
	at java.util.concurrent.FutureTask.run(Unknown Source)
	at java.util.concurrent.ThreadPoolExecutor.runWorker(Unknown Source)
	at java.util.concurrent.ThreadPoolExecutor$Worker.run(Unknown Source)
	at java.lang.Thread.run(Unknown Source)
Caused by: org.openqa.selenium.remote.ScreenshotException: Screen shot has been taken
Build info: version: '2.53.1', revision: 'a36b8b1cd5757287168e54b817830adce9b0158d', time: '2016-06-30 19:26:09'
System info: host: 'Aspire1698', ip: '172.24.166.109', os.name: 'Windows 10', os.arch: 'amd64', os.version: '10.0', java.version: '1.8.0_112'
Driver info: driver.version: RemoteWebDriver
	at org.openqa.selenium.remote.ErrorHandler.throwIfResponseFailed(ErrorHandler.java:138)
	... 22 more
Caused by: org.openqa.selenium.NoSuchElementException: no such element: Unable to locate element: {"method":"css selector","selector":".primary-logo.mb-hidden img[class='desktop-logo']"}
  (Session info: chrome=58.0.3029.81)
  (Driver info: chromedriver=2.29.461591 (62ebf098771772160f391d75e589dc567915b233),platform=Windows NT 10.0.10240 x86_64) (WARNING: The server did not provide any stacktrace information)
Command duration or timeout: 16 milliseconds
For documentation on this error, please visit: http://seleniumhq.org/exceptions/no_such_element.html
Build info: version: '2.53.1', revision: 'a36b8b1', time: '2016-06-30 17:37:03'
System info: host: 'Aspire1698', ip: '172.24.166.109', os.name: 'Windows 10', os.arch: 'amd64', os.version: '10.0', java.version: '1.8.0_112'
Driver info: org.openqa.selenium.chrome.ChromeDriver
Capabilities [{applicationCacheEnabled=false, rotatable=false, mobileEmulationEnabled=false, networkConnectionEnabled=false, chrome={chromedriverVersion=2.29.461591 (62ebf098771772160f391d75e589dc567915b233), userDataDir=C:\Users\RAAMKU~1.JAY\AppData\Local\Temp\scoped_dir11632_6098}, takesHeapSnapshot=true, pageLoadStrategy=normal, databaseEnabled=false, handlesAlerts=true, hasTouchScreen=false, version=58.0.3029.81, platform=XP, browserConnectionEnabled=false, nativeEvents=true, acceptSslCerts=true, locationContextEnabled=true, webStorageEnabled=true, browserName=chrome, takesScreenshot=true, javascriptEnabled=true, cssSelectorsEnabled=true, unexpectedAlertBehaviour=}]
Session ID: 9b2540a5ef783dfd7f7e201484071306
*** Element info: {Using=css selector, value=.primary-logo.mb-hidden img[class='desktop-logo']}
For documentation on this error, please visit: http://seleniumhq.org/exceptions/no_such_element.html
Build info: version: '2.53.1', revision: 'a36b8b1cd5757287168e54b817830adce9b0158d', time: '2016-06-30 19:26:09'
System info: host: 'Aspire1698', ip: '172.24.166.109', os.name: 'Windows 10', os.arch: 'amd64', os.version: '10.0', java.version: '1.8.0_112'
Driver info: driver.version: EventFiringWebDriver
	at sun.reflect.GeneratedConstructorAccessor44.newInstance(Unknown Source)
	at sun.reflect.DelegatingConstructorAccessorImpl.newInstance(Unknown Source)
	at java.lang.reflect.Constructor.newInstance(Unknown Source)
	at org.openqa.selenium.remote.ErrorHandler.createThrowable(ErrorHandler.java:206)
	at org.openqa.selenium.remote.ErrorHandler.throwIfResponseFailed(ErrorHandler.java:158)
	at org.openqa.selenium.remote.RemoteWebDriver.execute(RemoteWebDriver.java:678)
	at org.openqa.selenium.remote.RemoteWebDriver.findElement(RemoteWebDriver.java:363)
	at org.openqa.selenium.remote.RemoteWebDriver.findElementByCssSelector(RemoteWebDriver.java:492)
	at org.openqa.selenium.By$ByCssSelector.findElement(By.java:430)
	at org.openqa.selenium.remote.RemoteWebDriver.findElement(RemoteWebDriver.java:355)
	at sun.reflect.GeneratedMethodAccessor10.invoke(Unknown Source)
	at sun.reflect.DelegatingMethodAccessorImpl.invoke(Unknown Source)
	at java.lang.reflect.Method.invoke(Unknown Source)
	at org.openqa.selenium.support.events.EventFiringWebDriver$2.invoke(EventFiringWebDriver.java:103)
	at com.sun.proxy.$Proxy1.findElement(Unknown Source)
	at org.openqa.selenium.support.events.EventFiringWebDriver.findElement(EventFiringWebDriver.java:188)
	at org.openqa.selenium.remote.server.handler.FindElement.call(FindElement.java:48)
	at org.openqa.selenium.remote.server.handler.FindElement.call(FindElement.java:1)
	at java.util.concurrent.FutureTask.run(Unknown Source)
	at org.openqa.selenium.remote.server.DefaultSession$1.run(DefaultSession.java:176)
	... 3 more
]]>
    </failure>
  </testcase> <!-- TC_SHEPLERS_PDP_051 -->
  <testcase name="TC_SHEPLERS_PDP_052" time="31.815" classname="com.sheplers.testscripts.productsection.ProductDetailSection"/>
  <testcase name="TC_SHEPLERS_PDP_053" time="47.416" classname="com.sheplers.testscripts.productsection.ProductDetailSection"/>
  <testcase name="TC_SHEPLERS_PDP_054" time="247.792" classname="com.sheplers.testscripts.productsection.ProductDetailSection"/>
  <testcase name="TC_SHEPLERS_PDP_055" time="129.289" classname="com.sheplers.testscripts.productsection.ProductDetailSection"/>
  <testcase name="TC_SHEPLERS_PDP_056" time="130.023" classname="com.sheplers.testscripts.productsection.ProductDetailSection"/>
  <testcase name="TC_SHEPLERS_PDP_057" time="185.179" classname="com.sheplers.testscripts.productsection.ProductDetailSection"/>
  <testcase name="TC_SHEPLERS_PDP_058" time="46.918" classname="com.sheplers.testscripts.productsection.ProductDetailSection"/>
  <testcase name="TC_SHEPLERS_PDP_059" time="42.688" classname="com.sheplers.testscripts.productsection.ProductDetailSection"/>
  <testcase name="TC_SHEPLERS_PDP_060" time="44.465" classname="com.sheplers.testscripts.productsection.ProductDetailSection"/>
  <testcase name="TC_SHEPLERS_PDP_061" time="69.745" classname="com.sheplers.testscripts.productsection.ProductDetailSection"/>
  <testcase name="TC_SHEPLERS_PDP_062" time="40.937" classname="com.sheplers.testscripts.productsection.ProductDetailSection"/>
  <testcase name="TC_SHEPLERS_PDP_063" time="43.033" classname="com.sheplers.testscripts.productsection.ProductDetailSection"/>
  <testcase name="TC_SHEPLERS_PDP_064" time="45.276" classname="com.sheplers.testscripts.productsection.ProductDetailSection"/>
  <testcase name="TC_SHEPLERS_PDP_065" time="42.536" classname="com.sheplers.testscripts.productsection.ProductDetailSection"/>
  <testcase name="TC_SHEPLERS_PDP_066" time="62.767" classname="com.sheplers.testscripts.productsection.ProductDetailSection"/>
  <testcase name="TC_SHEPLERS_PDP_067" time="42.346" classname="com.sheplers.testscripts.productsection.ProductDetailSection"/>
  <testcase name="TC_SHEPLERS_PDP_068" time="41.913" classname="com.sheplers.testscripts.productsection.ProductDetailSection"/>
  <testcase name="TC_SHEPLERS_PDP_072" time="25.953" classname="com.sheplers.testscripts.productsection.ProductDetailSection">
    <failure type="java.lang.AssertionError" message="4. Multiple promotions are not present, Plz check the log event">
      <![CDATA[java.lang.AssertionError: 4. Multiple promotions are not present, Plz check the log event
	at org.testng.Assert.fail(Assert.java:93)
	at com.sheplers.support.Log.fail(Log.java:514)
	at com.sheplers.support.Log.assertThat(Log.java:692)
	at com.sheplers.testscripts.productsection.ProductDetailSection.TC_SHEPLERS_PDP_072(ProductDetailSection.java:5105)
	at sun.reflect.NativeMethodAccessorImpl.invoke0(Native Method)
	at sun.reflect.NativeMethodAccessorImpl.invoke(Unknown Source)
	at sun.reflect.DelegatingMethodAccessorImpl.invoke(Unknown Source)
	at java.lang.reflect.Method.invoke(Unknown Source)
	at org.testng.internal.MethodInvocationHelper.invokeMethod(MethodInvocationHelper.java:108)
	at org.testng.internal.Invoker.invokeMethod(Invoker.java:661)
	at org.testng.internal.Invoker.invokeTestMethod(Invoker.java:869)
	at org.testng.internal.TestMethodWithDataProviderMethodWorker.call(TestMethodWithDataProviderMethodWorker.java:75)
	at org.testng.internal.TestMethodWithDataProviderMethodWorker.call(TestMethodWithDataProviderMethodWorker.java:14)
	at java.util.concurrent.FutureTask.run(Unknown Source)
	at java.util.concurrent.Executors$RunnableAdapter.call(Unknown Source)
	at java.util.concurrent.FutureTask.run(Unknown Source)
	at java.util.concurrent.ThreadPoolExecutor.runWorker(Unknown Source)
	at java.util.concurrent.ThreadPoolExecutor$Worker.run(Unknown Source)
	at java.lang.Thread.run(Unknown Source)
]]>
    </failure>
  </testcase> <!-- TC_SHEPLERS_PDP_072 -->
  <testcase name="TC_SHEPLERS_PDP_073" time="38.419" classname="com.sheplers.testscripts.productsection.ProductDetailSection"/>
  <testcase name="TC_SHEPLERS_PDP_074" time="17.639" classname="com.sheplers.testscripts.productsection.ProductDetailSection"/>
  <testcase name="TC_SHEPLERS_PDP_075" time="70.482" classname="com.sheplers.testscripts.productsection.ProductDetailSection"/>
  <testcase name="TC_SHEPLERS_PDP_076" time="75.347" classname="com.sheplers.testscripts.productsection.ProductDetailSection">
    <failure type="java.lang.Exception" message="Clicked on the add to bag button not found in page!!">
      <![CDATA[java.lang.Exception: Clicked on the add to bag button not found in page!!
	at com.sheplers.support.BrowserActions.clickOnElement(BrowserActions.java:146)
	at com.sheplers.pages.PdpPage.addProductToCart(PdpPage.java:773)
	at com.sheplers.testscripts.productsection.ProductDetailSection.TC_SHEPLERS_PDP_076(ProductDetailSection.java:5369)
	at sun.reflect.NativeMethodAccessorImpl.invoke0(Native Method)
	at sun.reflect.NativeMethodAccessorImpl.invoke(Unknown Source)
	at sun.reflect.DelegatingMethodAccessorImpl.invoke(Unknown Source)
	at java.lang.reflect.Method.invoke(Unknown Source)
	at org.testng.internal.MethodInvocationHelper.invokeMethod(MethodInvocationHelper.java:108)
	at org.testng.internal.Invoker.invokeMethod(Invoker.java:661)
	at org.testng.internal.Invoker.invokeTestMethod(Invoker.java:869)
	at org.testng.internal.TestMethodWithDataProviderMethodWorker.call(TestMethodWithDataProviderMethodWorker.java:75)
	at org.testng.internal.TestMethodWithDataProviderMethodWorker.call(TestMethodWithDataProviderMethodWorker.java:14)
	at java.util.concurrent.FutureTask.run(Unknown Source)
	at java.util.concurrent.Executors$RunnableAdapter.call(Unknown Source)
	at java.util.concurrent.FutureTask.run(Unknown Source)
	at java.util.concurrent.ThreadPoolExecutor.runWorker(Unknown Source)
	at java.util.concurrent.ThreadPoolExecutor$Worker.run(Unknown Source)
	at java.lang.Thread.run(Unknown Source)
]]>
    </failure>
  </testcase> <!-- TC_SHEPLERS_PDP_076 -->
  <testcase name="TC_SHEPLERS_PRS_001" time="60.977" classname="com.sheplers.testscripts.productsection.ProductReviewSection">
    <failure type="java.lang.AssertionError" message="5. Product Reviews section is not displayed as expected, plz check the event log">
      <![CDATA[java.lang.AssertionError: 5. Product Reviews section is not displayed as expected, plz check the event log
	at org.testng.Assert.fail(Assert.java:93)
	at com.sheplers.support.Log.fail(Log.java:514)
	at com.sheplers.support.Log.assertThat(Log.java:692)
	at com.sheplers.testscripts.productsection.ProductReviewSection.TC_SHEPLERS_PRS_001(ProductReviewSection.java:87)
	at sun.reflect.NativeMethodAccessorImpl.invoke0(Native Method)
	at sun.reflect.NativeMethodAccessorImpl.invoke(Unknown Source)
	at sun.reflect.DelegatingMethodAccessorImpl.invoke(Unknown Source)
	at java.lang.reflect.Method.invoke(Unknown Source)
	at org.testng.internal.MethodInvocationHelper.invokeMethod(MethodInvocationHelper.java:108)
	at org.testng.internal.Invoker.invokeMethod(Invoker.java:661)
	at org.testng.internal.Invoker.invokeTestMethod(Invoker.java:869)
	at org.testng.internal.TestMethodWithDataProviderMethodWorker.call(TestMethodWithDataProviderMethodWorker.java:75)
	at org.testng.internal.TestMethodWithDataProviderMethodWorker.call(TestMethodWithDataProviderMethodWorker.java:14)
	at java.util.concurrent.FutureTask.run(Unknown Source)
	at java.util.concurrent.Executors$RunnableAdapter.call(Unknown Source)
	at java.util.concurrent.FutureTask.run(Unknown Source)
	at java.util.concurrent.ThreadPoolExecutor.runWorker(Unknown Source)
	at java.util.concurrent.ThreadPoolExecutor$Worker.run(Unknown Source)
	at java.lang.Thread.run(Unknown Source)
]]>
    </failure>
  </testcase> <!-- TC_SHEPLERS_PRS_001 -->
  <testcase name="TC_SHEPLERS_PRS_002" time="64.315" classname="com.sheplers.testscripts.productsection.ProductReviewSection">
    <failure type="java.lang.AssertionError" message="5. Average rating for the product with reviews is not displayed as expected, plz check the event log">
      <![CDATA[java.lang.AssertionError: 5. Average rating for the product with reviews is not displayed as expected, plz check the event log
	at org.testng.Assert.fail(Assert.java:93)
	at com.sheplers.support.Log.fail(Log.java:514)
	at com.sheplers.support.Log.assertThat(Log.java:692)
	at com.sheplers.testscripts.productsection.ProductReviewSection.TC_SHEPLERS_PRS_002(ProductReviewSection.java:156)
	at sun.reflect.NativeMethodAccessorImpl.invoke0(Native Method)
	at sun.reflect.NativeMethodAccessorImpl.invoke(Unknown Source)
	at sun.reflect.DelegatingMethodAccessorImpl.invoke(Unknown Source)
	at java.lang.reflect.Method.invoke(Unknown Source)
	at org.testng.internal.MethodInvocationHelper.invokeMethod(MethodInvocationHelper.java:108)
	at org.testng.internal.Invoker.invokeMethod(Invoker.java:661)
	at org.testng.internal.Invoker.invokeTestMethod(Invoker.java:869)
	at org.testng.internal.TestMethodWithDataProviderMethodWorker.call(TestMethodWithDataProviderMethodWorker.java:75)
	at org.testng.internal.TestMethodWithDataProviderMethodWorker.call(TestMethodWithDataProviderMethodWorker.java:14)
	at java.util.concurrent.FutureTask.run(Unknown Source)
	at java.util.concurrent.Executors$RunnableAdapter.call(Unknown Source)
	at java.util.concurrent.FutureTask.run(Unknown Source)
	at java.util.concurrent.ThreadPoolExecutor.runWorker(Unknown Source)
	at java.util.concurrent.ThreadPoolExecutor$Worker.run(Unknown Source)
	at java.lang.Thread.run(Unknown Source)
]]>
    </failure>
  </testcase> <!-- TC_SHEPLERS_PRS_002 -->
  <testcase name="TC_SHEPLERS_PRS_003" time="54.663" classname="com.sheplers.testscripts.productsection.ProductReviewSection">
    <failure type="java.lang.AssertionError" message="5. Rating Snapshot is not displayed as expected, plz check the event log">
      <![CDATA[java.lang.AssertionError: 5. Rating Snapshot is not displayed as expected, plz check the event log
	at org.testng.Assert.fail(Assert.java:93)
	at com.sheplers.support.Log.fail(Log.java:514)
	at com.sheplers.support.Log.assertThat(Log.java:692)
	at com.sheplers.testscripts.productsection.ProductReviewSection.TC_SHEPLERS_PRS_003(ProductReviewSection.java:224)
	at sun.reflect.NativeMethodAccessorImpl.invoke0(Native Method)
	at sun.reflect.NativeMethodAccessorImpl.invoke(Unknown Source)
	at sun.reflect.DelegatingMethodAccessorImpl.invoke(Unknown Source)
	at java.lang.reflect.Method.invoke(Unknown Source)
	at org.testng.internal.MethodInvocationHelper.invokeMethod(MethodInvocationHelper.java:108)
	at org.testng.internal.Invoker.invokeMethod(Invoker.java:661)
	at org.testng.internal.Invoker.invokeTestMethod(Invoker.java:869)
	at org.testng.internal.TestMethodWithDataProviderMethodWorker.call(TestMethodWithDataProviderMethodWorker.java:75)
	at org.testng.internal.TestMethodWithDataProviderMethodWorker.call(TestMethodWithDataProviderMethodWorker.java:14)
	at java.util.concurrent.FutureTask.run(Unknown Source)
	at java.util.concurrent.Executors$RunnableAdapter.call(Unknown Source)
	at java.util.concurrent.FutureTask.run(Unknown Source)
	at java.util.concurrent.ThreadPoolExecutor.runWorker(Unknown Source)
	at java.util.concurrent.ThreadPoolExecutor$Worker.run(Unknown Source)
	at java.lang.Thread.run(Unknown Source)
]]>
    </failure>
  </testcase> <!-- TC_SHEPLERS_PRS_003 -->
  <testcase name="TC_SHEPLERS_PRS_004" time="51.236" classname="com.sheplers.testscripts.productsection.ProductReviewSection"/>
  <testcase name="TC_SHEPLERS_PRS_005" time="51.594" classname="com.sheplers.testscripts.productsection.ProductReviewSection">
    <failure type="java.lang.AssertionError" message="5. Customer reviews is not displayed as expected, plz check the event log">
      <![CDATA[java.lang.AssertionError: 5. Customer reviews is not displayed as expected, plz check the event log
	at org.testng.Assert.fail(Assert.java:93)
	at com.sheplers.support.Log.fail(Log.java:514)
	at com.sheplers.support.Log.assertThat(Log.java:692)
	at com.sheplers.testscripts.productsection.ProductReviewSection.TC_SHEPLERS_PRS_005(ProductReviewSection.java:357)
	at sun.reflect.NativeMethodAccessorImpl.invoke0(Native Method)
	at sun.reflect.NativeMethodAccessorImpl.invoke(Unknown Source)
	at sun.reflect.DelegatingMethodAccessorImpl.invoke(Unknown Source)
	at java.lang.reflect.Method.invoke(Unknown Source)
	at org.testng.internal.MethodInvocationHelper.invokeMethod(MethodInvocationHelper.java:108)
	at org.testng.internal.Invoker.invokeMethod(Invoker.java:661)
	at org.testng.internal.Invoker.invokeTestMethod(Invoker.java:869)
	at org.testng.internal.TestMethodWithDataProviderMethodWorker.call(TestMethodWithDataProviderMethodWorker.java:75)
	at org.testng.internal.TestMethodWithDataProviderMethodWorker.call(TestMethodWithDataProviderMethodWorker.java:14)
	at java.util.concurrent.FutureTask.run(Unknown Source)
	at java.util.concurrent.Executors$RunnableAdapter.call(Unknown Source)
	at java.util.concurrent.FutureTask.run(Unknown Source)
	at java.util.concurrent.ThreadPoolExecutor.runWorker(Unknown Source)
	at java.util.concurrent.ThreadPoolExecutor$Worker.run(Unknown Source)
	at java.lang.Thread.run(Unknown Source)
]]>
    </failure>
  </testcase> <!-- TC_SHEPLERS_PRS_005 -->
  <testcase name="TC_SHEPLERS_PRS_006" time="70.33" classname="com.sheplers.testscripts.productsection.ProductReviewSection"/>
  <testcase name="TC_SHEPLERS_PRS_007" time="66.766" classname="com.sheplers.testscripts.productsection.ProductReviewSection"/>
  <testcase name="TC_SHEPLERS_PRS_008" time="68.132" classname="com.sheplers.testscripts.productsection.ProductReviewSection"/>
  <testcase name="TC_SHEPLERS_PRS_009" time="74.078" classname="com.sheplers.testscripts.productsection.ProductReviewSection"/>
  <testcase name="TC_SHEPLERS_CI_001" time="82.008" classname="com.sheplers.testscripts.cartcheckoutsection.CartItems"/>
  <testcase name="TC_SHEPLERS_CI_002" time="107.657" classname="com.sheplers.testscripts.cartcheckoutsection.CartItems"/>
  <testcase name="TC_SHEPLERS_CI_003" time="153.132" classname="com.sheplers.testscripts.cartcheckoutsection.CartItems"/>
  <testcase name="TC_SHEPLERS_CI_004" time="113.779" classname="com.sheplers.testscripts.cartcheckoutsection.CartItems"/>
  <testcase name="TC_SHEPLERS_CI_005" time="123.896" classname="com.sheplers.testscripts.cartcheckoutsection.CartItems"/>
  <testcase name="TC_SHEPLERS_CI_006" time="71.364" classname="com.sheplers.testscripts.cartcheckoutsection.CartItems"/>
  <testcase name="TC_SHEPLERS_CI_007" time="72.132" classname="com.sheplers.testscripts.cartcheckoutsection.CartItems"/>
  <testcase name="TC_SHEPLERS_CI_008" time="142.847" classname="com.sheplers.testscripts.cartcheckoutsection.CartItems"/>
  <testcase name="TC_SHEPLERS_CI_009" time="112.771" classname="com.sheplers.testscripts.cartcheckoutsection.CartItems"/>
  <testcase name="TC_SHEPLERS_CI_010" time="130.461" classname="com.sheplers.testscripts.cartcheckoutsection.CartItems"/>
  <testcase name="TC_SHEPLERS_CI_011" time="138.869" classname="com.sheplers.testscripts.cartcheckoutsection.CartItems"/>
  <testcase name="TC_SHEPLERS_CI_012" time="108.141" classname="com.sheplers.testscripts.cartcheckoutsection.CartItems"/>
  <testcase name="TC_SHEPLERS_CI_013" time="119.395" classname="com.sheplers.testscripts.cartcheckoutsection.CartItems"/>
  <testcase name="TC_SHEPLERS_CI_014" time="101.427" classname="com.sheplers.testscripts.cartcheckoutsection.CartItems"/>
  <testcase name="TC_SHEPLERS_CI_015" time="43.15" classname="com.sheplers.testscripts.cartcheckoutsection.CartItems">
    <failure type="java.lang.AssertionError" message="Cart page did not open up.">
      <![CDATA[java.lang.AssertionError: Cart page did not open up.
	at org.testng.Assert.fail(Assert.java:93)
	at com.sheplers.support.Log.fail(Log.java:514)
	at com.sheplers.pages.CartPage.isLoaded(CartPage.java:697)
	at org.openqa.selenium.support.ui.LoadableComponent.get(LoadableComponent.java:52)
	at com.sheplers.pages.PdpPage.addProductToCart(PdpPage.java:776)
	at com.sheplers.testscripts.cartcheckoutsection.CartItems.TC_SHEPLERS_CI_015(CartItems.java:1882)
	at sun.reflect.NativeMethodAccessorImpl.invoke0(Native Method)
	at sun.reflect.NativeMethodAccessorImpl.invoke(Unknown Source)
	at sun.reflect.DelegatingMethodAccessorImpl.invoke(Unknown Source)
	at java.lang.reflect.Method.invoke(Unknown Source)
	at org.testng.internal.MethodInvocationHelper.invokeMethod(MethodInvocationHelper.java:108)
	at org.testng.internal.Invoker.invokeMethod(Invoker.java:661)
	at org.testng.internal.Invoker.invokeTestMethod(Invoker.java:869)
	at org.testng.internal.TestMethodWithDataProviderMethodWorker.call(TestMethodWithDataProviderMethodWorker.java:75)
	at org.testng.internal.TestMethodWithDataProviderMethodWorker.call(TestMethodWithDataProviderMethodWorker.java:14)
	at java.util.concurrent.FutureTask.run(Unknown Source)
	at java.util.concurrent.Executors$RunnableAdapter.call(Unknown Source)
	at java.util.concurrent.FutureTask.run(Unknown Source)
	at java.util.concurrent.ThreadPoolExecutor.runWorker(Unknown Source)
	at java.util.concurrent.ThreadPoolExecutor$Worker.run(Unknown Source)
	at java.lang.Thread.run(Unknown Source)
]]>
    </failure>
  </testcase> <!-- TC_SHEPLERS_CI_015 -->
  <testcase name="TC_SHEPLERS_CI_016" time="79.911" classname="com.sheplers.testscripts.cartcheckoutsection.CartItems"/>
  <testcase name="TC_SHEPLERS_CI_017" time="58.077" classname="com.sheplers.testscripts.cartcheckoutsection.CartItems"/>
  <testcase name="TC_SHEPLERS_CI_018" time="80.666" classname="com.sheplers.testscripts.cartcheckoutsection.CartItems"/>
  <testcase name="TC_SHEPLERS_CI_019" time="80.344" classname="com.sheplers.testscripts.cartcheckoutsection.CartItems"/>
  <testcase name="TC_SHEPLERS_SIP_001" time="16.707" classname="com.sheplers.testscripts.myaccount.SignInPage"/>
  <testcase name="TC_SHEPLERS_SIP_002" time="16.981" classname="com.sheplers.testscripts.myaccount.SignInPage"/>
  <testcase name="TC_SHEPLERS_SIP_003" time="25.089" classname="com.sheplers.testscripts.myaccount.SignInPage"/>
  <testcase name="TC_SHEPLERS_SIP_004" time="20.477" classname="com.sheplers.testscripts.myaccount.SignInPage"/>
  <testcase name="TC_SHEPLERS_SIP_005" time="26.841" classname="com.sheplers.testscripts.myaccount.SignInPage"/>
  <testcase name="TC_SHEPLERS_SIP_006" time="19.849" classname="com.sheplers.testscripts.myaccount.SignInPage"/>
  <testcase name="TC_SHEPLERS_SIP_007" time="20.103" classname="com.sheplers.testscripts.myaccount.SignInPage"/>
  <testcase name="TC_SHEPLERS_OH_001" time="140.36" classname="com.sheplers.testscripts.myaccount.OrderHistory"/>
  <testcase name="TC_SHEPLERS_OH_002" time="31.313" classname="com.sheplers.testscripts.myaccount.OrderHistory"/>
  <testcase name="TC_SHEPLERS_OH_003" time="158.562" classname="com.sheplers.testscripts.myaccount.OrderHistory"/>
  <testcase name="TC_SHEPLERS_OH_004" time="143.426" classname="com.sheplers.testscripts.myaccount.OrderHistory"/>
  <testcase name="TC_SHEPLERS_OH_005" time="175.009" classname="com.sheplers.testscripts.myaccount.OrderHistory"/>
  <testcase name="TC_SHEPLERS_OH_006" time="44.296" classname="com.sheplers.testscripts.myaccount.OrderHistory"/>
  <testcase name="TC_SHEPLERS_OH_007" time="173.594" classname="com.sheplers.testscripts.myaccount.OrderHistory">
    <failure type="java.lang.AssertionError" message="44. Order number is not matched with OMS number, plz check the log event">
      <![CDATA[java.lang.AssertionError: 44. Order number is not matched with OMS number, plz check the log event
	at org.testng.Assert.fail(Assert.java:93)
	at com.sheplers.support.Log.fail(Log.java:529)
	at com.sheplers.support.Log.assertThat(Log.java:669)
	at com.sheplers.testscripts.myaccount.OrderHistory.TC_SHEPLERS_OH_007(OrderHistory.java:1731)
	at sun.reflect.NativeMethodAccessorImpl.invoke0(Native Method)
	at sun.reflect.NativeMethodAccessorImpl.invoke(Unknown Source)
	at sun.reflect.DelegatingMethodAccessorImpl.invoke(Unknown Source)
	at java.lang.reflect.Method.invoke(Unknown Source)
	at org.testng.internal.MethodInvocationHelper.invokeMethod(MethodInvocationHelper.java:108)
	at org.testng.internal.Invoker.invokeMethod(Invoker.java:661)
	at org.testng.internal.Invoker.invokeTestMethod(Invoker.java:869)
	at org.testng.internal.TestMethodWithDataProviderMethodWorker.call(TestMethodWithDataProviderMethodWorker.java:75)
	at org.testng.internal.TestMethodWithDataProviderMethodWorker.call(TestMethodWithDataProviderMethodWorker.java:14)
	at java.util.concurrent.FutureTask.run(Unknown Source)
	at java.util.concurrent.Executors$RunnableAdapter.call(Unknown Source)
	at java.util.concurrent.FutureTask.run(Unknown Source)
	at java.util.concurrent.ThreadPoolExecutor.runWorker(Unknown Source)
	at java.util.concurrent.ThreadPoolExecutor$Worker.run(Unknown Source)
	at java.lang.Thread.run(Unknown Source)
]]>
    </failure>
  </testcase> <!-- TC_SHEPLERS_OH_007 -->
  <testcase name="TC_SHEPLERS_OH_008" time="142.231" classname="com.sheplers.testscripts.myaccount.OrderHistory"/>
  <testcase name="TC_SHEPLERS_OH_009" time="147.979" classname="com.sheplers.testscripts.myaccount.OrderHistory"/>
  <testcase name="TC_SHEPLERS_OH_010" time="156.86" classname="com.sheplers.testscripts.myaccount.OrderHistory"/>
  <testcase name="TC_SHEPLERS_OH_011" time="15.603" classname="com.sheplers.testscripts.myaccount.OrderHistory"/>
  <testcase name="TC_SHEPLERS_OH_012" time="134.594" classname="com.sheplers.testscripts.myaccount.OrderHistory">
    <failure type="java.lang.ArrayIndexOutOfBoundsException" message="2">
      <![CDATA[java.lang.ArrayIndexOutOfBoundsException: 2
	at com.sheplers.reusablecomponents.AccountUtils.doAccountOperations(AccountUtils.java:78)
	at com.sheplers.pages.headers.OrderStatusPage.enterOrderStatusDetail(OrderStatusPage.java:182)
	at com.sheplers.testscripts.myaccount.OrderHistory.TC_SHEPLERS_OH_012(OrderHistory.java:2965)
	at sun.reflect.NativeMethodAccessorImpl.invoke0(Native Method)
	at sun.reflect.NativeMethodAccessorImpl.invoke(Unknown Source)
	at sun.reflect.DelegatingMethodAccessorImpl.invoke(Unknown Source)
	at java.lang.reflect.Method.invoke(Unknown Source)
	at org.testng.internal.MethodInvocationHelper.invokeMethod(MethodInvocationHelper.java:108)
	at org.testng.internal.Invoker.invokeMethod(Invoker.java:661)
	at org.testng.internal.Invoker.invokeTestMethod(Invoker.java:869)
	at org.testng.internal.TestMethodWithDataProviderMethodWorker.call(TestMethodWithDataProviderMethodWorker.java:75)
	at org.testng.internal.TestMethodWithDataProviderMethodWorker.call(TestMethodWithDataProviderMethodWorker.java:14)
	at java.util.concurrent.FutureTask.run(Unknown Source)
	at java.util.concurrent.Executors$RunnableAdapter.call(Unknown Source)
	at java.util.concurrent.FutureTask.run(Unknown Source)
	at java.util.concurrent.ThreadPoolExecutor.runWorker(Unknown Source)
	at java.util.concurrent.ThreadPoolExecutor$Worker.run(Unknown Source)
	at java.lang.Thread.run(Unknown Source)
]]>
    </failure>
  </testcase> <!-- TC_SHEPLERS_OH_012 -->
  <testcase name="TC_SHEPLERS_OH_013" time="23.53" classname="com.sheplers.testscripts.myaccount.OrderHistory"/>
  <testcase name="TC_SHEPLERS_OH_014" time="44.108" classname="com.sheplers.testscripts.myaccount.OrderHistory"/>
  <testcase name="TC_SHEPLERS_OH_015" time="18.903" classname="com.sheplers.testscripts.myaccount.OrderHistory"/>
  <testcase name="TC_SHEPLERS_OH_016" time="17.533" classname="com.sheplers.testscripts.myaccount.OrderHistory"/>
  <testcase name="TC_SHEPLERS_OH_017" time="148.927" classname="com.sheplers.testscripts.myaccount.OrderHistory"/>
  <testcase name="TC_SHEPLERS_SR_001" time="24.506" classname="com.sheplers.testscripts.search.SearchRefinement"/>
  <testcase name="TC_SHEPLERS_SR_002" time="21.443" classname="com.sheplers.testscripts.search.SearchRefinement"/>
  <testcase name="TC_SHEPLERS_SR_003" time="28.608" classname="com.sheplers.testscripts.search.SearchRefinement"/>
  <testcase name="TC_SHEPLERS_SR_004" time="37.237" classname="com.sheplers.testscripts.search.SearchRefinement"/>
  <testcase name="TC_SHEPLERS_SR_005" time="28.618" classname="com.sheplers.testscripts.search.SearchRefinement"/>
  <testcase name="TC_SHEPLERS_SR_006" time="33.039" classname="com.sheplers.testscripts.search.SearchRefinement"/>
  <testcase name="TC_SHEPLERS_SR_007" time="41.81" classname="com.sheplers.testscripts.search.SearchRefinement"/>
  <testcase name="TC_SHEPLERS_SR_008" time="43.341" classname="com.sheplers.testscripts.search.SearchRefinement"/>
  <testcase name="TC_SHEPLERS_SR_009" time="87.392" classname="com.sheplers.testscripts.search.SearchRefinement"/>
  <testcase name="TC_SHEPLERS_SR_010" time="37.289" classname="com.sheplers.testscripts.search.SearchRefinement"/>
  <testcase name="TC_SHEPLERS_SR_014" time="24.912" classname="com.sheplers.testscripts.search.SearchRefinement"/>
  <testcase name="TC_SHEPLERS_SR_015" time="24.733" classname="com.sheplers.testscripts.search.SearchRefinement"/>
  <testcase name="TC_SHEPLERS_SRP_001" time="49.462" classname="com.sheplers.testscripts.search.SearchResult"/>
  <testcase name="TC_SHEPLERS_SRP_002" time="23.255" classname="com.sheplers.testscripts.search.SearchResult"/>
  <testcase name="TC_SHEPLERS_SRP_003" time="23.071" classname="com.sheplers.testscripts.search.SearchResult"/>
  <testcase name="TC_SHEPLERS_SRP_004" time="50.031" classname="com.sheplers.testscripts.search.SearchResult"/>
  <testcase name="TC_SHEPLERS_SRP_005" time="32.934" classname="com.sheplers.testscripts.search.SearchResult"/>
  <testcase name="TC_SHEPLERS_SRP_006" time="31.525" classname="com.sheplers.testscripts.search.SearchResult"/>
  <testcase name="TC_SHEPLERS_SRP_007" time="39.316" classname="com.sheplers.testscripts.search.SearchResult">
    <failure type="java.lang.AssertionError" message="3. &amp;apos;Did You Mean&amp;apos; term was not displayed on page, plz check the log event">
      <![CDATA[java.lang.AssertionError: 3. 'Did You Mean' term was not displayed on page, plz check the log event
	at org.testng.Assert.fail(Assert.java:93)
	at com.sheplers.support.Log.fail(Log.java:529)
	at com.sheplers.support.Log.assertThat(Log.java:669)
	at com.sheplers.testscripts.search.SearchResult.TC_SHEPLERS_SRP_007(SearchResult.java:367)
	at sun.reflect.NativeMethodAccessorImpl.invoke0(Native Method)
	at sun.reflect.NativeMethodAccessorImpl.invoke(Unknown Source)
	at sun.reflect.DelegatingMethodAccessorImpl.invoke(Unknown Source)
	at java.lang.reflect.Method.invoke(Unknown Source)
	at org.testng.internal.MethodInvocationHelper.invokeMethod(MethodInvocationHelper.java:108)
	at org.testng.internal.Invoker.invokeMethod(Invoker.java:661)
	at org.testng.internal.Invoker.invokeTestMethod(Invoker.java:869)
	at org.testng.internal.TestMethodWithDataProviderMethodWorker.call(TestMethodWithDataProviderMethodWorker.java:75)
	at org.testng.internal.TestMethodWithDataProviderMethodWorker.call(TestMethodWithDataProviderMethodWorker.java:14)
	at java.util.concurrent.FutureTask.run(Unknown Source)
	at java.util.concurrent.Executors$RunnableAdapter.call(Unknown Source)
	at java.util.concurrent.FutureTask.run(Unknown Source)
	at java.util.concurrent.ThreadPoolExecutor.runWorker(Unknown Source)
	at java.util.concurrent.ThreadPoolExecutor$Worker.run(Unknown Source)
	at java.lang.Thread.run(Unknown Source)
]]>
    </failure>
  </testcase> <!-- TC_SHEPLERS_SRP_007 -->
  <testcase name="TC_SHEPLERS_SRP_008" time="28.335" classname="com.sheplers.testscripts.search.SearchResult"/>
  <testcase name="TC_SHEPLERS_SRP_009" time="48.662" classname="com.sheplers.testscripts.search.SearchResult"/>
  <testcase name="TC_SHEPLERS_SRP_010" time="33.669" classname="com.sheplers.testscripts.search.SearchResult"/>
  <testcase name="TC_SHEPLERS_SRP_011" time="40.46" classname="com.sheplers.testscripts.search.SearchResult"/>
  <testcase name="TC_SHEPLERS_SRP_012" time="46.999" classname="com.sheplers.testscripts.search.SearchResult"/>
  <testcase name="TC_SHEPLERS_SRP_013" time="28.213" classname="com.sheplers.testscripts.search.SearchResult"/>
  <testcase name="TC_SHEPLERS_SRP_014" time="27.405" classname="com.sheplers.testscripts.search.SearchResult"/>
  <testcase name="TC_SHEPLERS_SR_011" time="0.0" classname="com.sheplers.testscripts.search.SearchRefinement">
    <ignored/>
  </testcase> <!-- TC_SHEPLERS_SR_011 -->
  <testcase name="TC_SHEPLERS_CPLS_052" time="0.0" classname="com.sheplers.testscripts.categorypage.CategoryProductLandingPage">
    <ignored/>
  </testcase> <!-- TC_SHEPLERS_CPLS_052 -->
  <testcase name="TC_SHEPLERS_BRTPS_012" time="0.0" classname="com.sheplers.testscripts.categorypage.BrandsTreePage">
    <ignored/>
  </testcase> <!-- TC_SHEPLERS_BRTPS_012 -->
  <testcase name="TC_SHEPLERS_CPLS_051" time="0.0" classname="com.sheplers.testscripts.categorypage.CategoryProductLandingPage">
    <ignored/>
  </testcase> <!-- TC_SHEPLERS_CPLS_051 -->
  <testcase name="TC_SHEPLERS_PDP_069" time="0.0" classname="com.sheplers.testscripts.productsection.ProductDetailSection">
    <ignored/>
  </testcase> <!-- TC_SHEPLERS_PDP_069 -->
  <testcase name="TC_SHEPLERS_HEADERS_019" time="0.0" classname="com.sheplers.testscripts.globalnavigation.Headers">
    <ignored/>
  </testcase> <!-- TC_SHEPLERS_HEADERS_019 -->
  <testcase name="TC_SHEPLERS_CPLS_050" time="0.0" classname="com.sheplers.testscripts.categorypage.CategoryProductLandingPage">
    <ignored/>
  </testcase> <!-- TC_SHEPLERS_CPLS_050 -->
  <testcase name="TC_SHEPLERS_CLS_020" time="0.0" classname="com.sheplers.testscripts.categorypage.CategoryLanding">
    <ignored/>
  </testcase> <!-- TC_SHEPLERS_CLS_020 -->
  <testcase name="TC_SHEPLERS_CPLS_057" time="0.0" classname="com.sheplers.testscripts.categorypage.CategoryProductLandingPage">
    <ignored/>
  </testcase> <!-- TC_SHEPLERS_CPLS_057 -->
  <testcase name="TC_SHEPLERS_CPLS_056" time="0.0" classname="com.sheplers.testscripts.categorypage.CategoryProductLandingPage">
    <ignored/>
  </testcase> <!-- TC_SHEPLERS_CPLS_056 -->
  <testcase name="TC_SHEPLERS_CPLS_055" time="0.0" classname="com.sheplers.testscripts.categorypage.CategoryProductLandingPage">
    <ignored/>
  </testcase> <!-- TC_SHEPLERS_CPLS_055 -->
  <testcase name="TC_SHEPLERS_ACE_020" time="0.0" classname="com.sheplers.testscripts.myaccount.AccountCreation">
    <ignored/>
  </testcase> <!-- TC_SHEPLERS_ACE_020 -->
  <testcase name="TC_SHEPLERS_CPLS_054" time="0.0" classname="com.sheplers.testscripts.categorypage.CategoryProductLandingPage">
    <ignored/>
  </testcase> <!-- TC_SHEPLERS_CPLS_054 -->
  <testcase name="TC_SHEPLERS_CLS_021" time="0.0" classname="com.sheplers.testscripts.categorypage.CategoryLanding">
    <ignored/>
  </testcase> <!-- TC_SHEPLERS_CLS_021 -->
  <testcase name="TC_SHEPLERS_CPLS_058" time="0.0" classname="com.sheplers.testscripts.categorypage.CategoryProductLandingPage">
    <ignored/>
  </testcase> <!-- TC_SHEPLERS_CPLS_058 -->
  <testcase name="TC_SHEPLERS_CPLS_053" time="0.0" classname="com.sheplers.testscripts.categorypage.CategoryProductLandingPage">
    <ignored/>
  </testcase> <!-- TC_SHEPLERS_CPLS_053 -->
  <testcase name="TC_SHEPLERS_BRTPS_008" time="0.0" classname="com.sheplers.testscripts.categorypage.BrandsTreePage">
    <ignored/>
  </testcase> <!-- TC_SHEPLERS_BRTPS_008 -->
  <testcase name="TC_SHEPLERS_BRTPS_009" time="0.0" classname="com.sheplers.testscripts.categorypage.BrandsTreePage">
    <ignored/>
  </testcase> <!-- TC_SHEPLERS_BRTPS_009 -->
  <testcase name="TC_SHEPLERS_CLS_017" time="0.0" classname="com.sheplers.testscripts.categorypage.CategoryLanding">
    <ignored/>
  </testcase> <!-- TC_SHEPLERS_CLS_017 -->
  <testcase name="TC_SHEPLERS_CLS_016" time="0.0" classname="com.sheplers.testscripts.categorypage.CategoryLanding">
    <ignored/>
  </testcase> <!-- TC_SHEPLERS_CLS_016 -->
  <testcase name="TC_SHEPLERS_CLS_019" time="0.0" classname="com.sheplers.testscripts.categorypage.CategoryLanding">
    <ignored/>
  </testcase> <!-- TC_SHEPLERS_CLS_019 -->
  <testcase name="TC_SHEPLERS_CLS_018" time="0.0" classname="com.sheplers.testscripts.categorypage.CategoryLanding">
    <ignored/>
  </testcase> <!-- TC_SHEPLERS_CLS_018 -->
  <testcase name="TC_SHEPLERS_CPLS_046" time="0.0" classname="com.sheplers.testscripts.categorypage.CategoryProductLandingPage">
    <ignored/>
  </testcase> <!-- TC_SHEPLERS_CPLS_046 -->
  <testcase name="TC_SHEPLERS_HEADERS_020" time="0.0" classname="com.sheplers.testscripts.globalnavigation.Headers">
    <ignored/>
  </testcase> <!-- TC_SHEPLERS_HEADERS_020 -->
  <testcase name="TC_SHEPLERS_CPLS_049" time="0.0" classname="com.sheplers.testscripts.categorypage.CategoryProductLandingPage">
    <ignored/>
  </testcase> <!-- TC_SHEPLERS_CPLS_049 -->
  <testcase name="TC_SHEPLERS_PDP_071" time="0.0" classname="com.sheplers.testscripts.productsection.ProductDetailSection">
    <ignored/>
  </testcase> <!-- TC_SHEPLERS_PDP_071 -->
  <testcase name="TC_SHEPLERS_CPLS_048" time="0.0" classname="com.sheplers.testscripts.categorypage.CategoryProductLandingPage">
    <ignored/>
  </testcase> <!-- TC_SHEPLERS_CPLS_048 -->
  <testcase name="TC_SHEPLERS_CPLS_047" time="0.0" classname="com.sheplers.testscripts.categorypage.CategoryProductLandingPage">
    <ignored/>
  </testcase> <!-- TC_SHEPLERS_CPLS_047 -->
  <testcase name="TC_SHEPLERS_PDP_070" time="0.0" classname="com.sheplers.testscripts.productsection.ProductDetailSection">
    <ignored/>
  </testcase> <!-- TC_SHEPLERS_PDP_070 -->
  <testcase name="TC_SHEPLERS_ACE_026" time="0.0" classname="com.sheplers.testscripts.myaccount.AccountCreation">
    <ignored/>
  </testcase> <!-- TC_SHEPLERS_ACE_026 -->
  <testcase name="TC_SHEPLERS_HEADERS_021" time="0.0" classname="com.sheplers.testscripts.globalnavigation.Headers">
    <ignored/>
  </testcase> <!-- TC_SHEPLERS_HEADERS_021 -->
  <testcase name="TC_SHEPLERS_BRTPS_016" time="0.0" classname="com.sheplers.testscripts.categorypage.BrandsTreePage">
    <ignored/>
  </testcase> <!-- TC_SHEPLERS_BRTPS_016 -->
  <testcase name="TC_SHEPLERS_BRTPS_014" time="0.0" classname="com.sheplers.testscripts.categorypage.BrandsTreePage">
    <ignored/>
  </testcase> <!-- TC_SHEPLERS_BRTPS_014 -->
  <testcase name="TC_SHEPLERS_BRTPS_013" time="0.0" classname="com.sheplers.testscripts.categorypage.BrandsTreePage">
    <ignored/>
  </testcase> <!-- TC_SHEPLERS_BRTPS_013 -->
  <testcase name="TC_SHEPLERS_SR_012" time="0.0" classname="com.sheplers.testscripts.search.SearchRefinement">
    <ignored/>
  </testcase> <!-- TC_SHEPLERS_SR_012 -->
  <testcase name="TC_SHEPLERS_PMS_011" time="0.0" classname="com.sheplers.testscripts.myaccount.PaymentMethodSettings">
    <ignored/>
  </testcase> <!-- TC_SHEPLERS_PMS_011 -->
  <testcase name="TC_SHEPLERS_SR_013" time="0.0" classname="com.sheplers.testscripts.search.SearchRefinement">
    <ignored/>
  </testcase> <!-- TC_SHEPLERS_SR_013 -->
  <testcase name="TC_SHEPLERS_BRTPS_015" time="0.0" classname="com.sheplers.testscripts.categorypage.BrandsTreePage">
    <ignored/>
  </testcase> <!-- TC_SHEPLERS_BRTPS_015 -->
  <testcase name="TC_SHEPLERS_BRTPS_010" time="0.0" classname="com.sheplers.testscripts.categorypage.BrandsTreePage">
    <ignored/>
  </testcase> <!-- TC_SHEPLERS_BRTPS_010 -->
  <testcase name="TC_SHEPLERS_FOOTERS_022" time="0.0" classname="com.sheplers.testscripts.globalnavigation.Footers">
    <ignored/>
  </testcase> <!-- TC_SHEPLERS_FOOTERS_022 -->
  <testcase name="TC_SHEPLERS_FOOTERS_023" time="0.0" classname="com.sheplers.testscripts.globalnavigation.Footers">
    <ignored/>
  </testcase> <!-- TC_SHEPLERS_FOOTERS_023 -->
  <testcase name="TC_SHEPLERS_BRTPS_011" time="0.0" classname="com.sheplers.testscripts.categorypage.BrandsTreePage">
    <ignored/>
  </testcase> <!-- TC_SHEPLERS_BRTPS_011 -->
  <testcase name="TC_SHEPLERS_FOOTERS_024" time="0.0" classname="com.sheplers.testscripts.globalnavigation.Footers">
    <ignored/>
  </testcase> <!-- TC_SHEPLERS_FOOTERS_024 -->
</testsuite> <!-- Full - Regression (Desktop) -->
